2022-01-11 09:34:23,968 [                    ] [                    ] [Start Level Event Dispatcher] [ INFO] [GreenFrameOsgiApplicationContextCreator.java:createApplicationContext:38] - Discovered configurations in bundle [greenFrame.formatter]  {META-INF/spring/*.xml, META-INF/spring/CNMsvr/*.xml}
2022-01-11 09:34:23,972 [                    ] [                    ] [Start Level Event Dispatcher] [ INFO] [GreenFrameOsgiApplicationContextCreator.java:createApplicationContext:38] - Discovered configurations in bundle [greenTrack.Port.Service]  {osgibundle:/META-INF/spring/*.xml}
2022-01-11 09:34:23,988 [                    ] [                    ] [Start Level Event Dispatcher] [ INFO] [GreenFrameOsgiApplicationContextCreator.java:createApplicationContext:38] - Discovered configurations in bundle [greenTrack.Alarm.Service]  {osgibundle:/META-INF/spring/*.xml}
2022-01-11 09:34:23,988 [                    ] [                    ] [Start Level Event Dispatcher] [ INFO] [GreenFrameOsgiApplicationContextCreator.java:createApplicationContext:38] - Discovered configurations in bundle [greenTrack.Machine.Service]  {osgibundle:/META-INF/spring/*.xml}
2022-01-11 09:34:23,988 [                    ] [                    ] [Start Level Event Dispatcher] [ INFO] [GreenFrameOsgiApplicationContextCreator.java:createApplicationContext:38] - Discovered configurations in bundle [MESSolution.ProcessGroup.Service]  {osgibundle:/META-INF/spring/*.xml}
2022-01-11 09:34:24,019 [                    ] [                    ] [Start Level Event Dispatcher] [ INFO] [GreenFrameOsgiApplicationContextCreator.java:createApplicationContext:38] - Discovered configurations in bundle [greenTrack.Consumable.Service]  {osgibundle:/META-INF/spring/*.xml}
2022-01-11 09:34:24,034 [                    ] [                    ] [Start Level Event Dispatcher] [ INFO] [GreenFrameOsgiApplicationContextCreator.java:createApplicationContext:38] - Discovered configurations in bundle [MESSolution.DSP.Service]  {osgibundle:/META-INF/spring/*.xml}
2022-01-11 09:34:24,034 [                    ] [                    ] [Start Level Event Dispatcher] [ INFO] [GreenFrameOsgiApplicationContextCreator.java:createApplicationContext:38] - Discovered configurations in bundle [greenTrack.Generic.Service]  {osgibundle:/META-INF/spring/*.xml}
2022-01-11 09:34:24,052 [                    ] [                    ] [Start Level Event Dispatcher] [ INFO] [GreenFrameOsgiApplicationContextCreator.java:createApplicationContext:38] - Discovered configurations in bundle [greenTrack.DataCollection.Service]  {osgibundle:/META-INF/spring/*.xml}
2022-01-11 09:34:24,052 [                    ] [                    ] [Start Level Event Dispatcher] [ INFO] [GreenFrameOsgiApplicationContextCreator.java:createApplicationContext:38] - Discovered configurations in bundle [MESSolution.Alarm.Service]  {osgibundle:/META-INF/spring/*.xml}
2022-01-11 09:34:24,052 [                    ] [                    ] [Start Level Event Dispatcher] [ INFO] [GreenFrameOsgiApplicationContextCreator.java:createApplicationContext:38] - Discovered configurations in bundle [greenTrack.Name.Service]  {osgibundle:/META-INF/spring/*.xml}
2022-01-11 09:34:24,068 [                    ] [                    ] [Start Level Event Dispatcher] [ INFO] [GreenFrameOsgiApplicationContextCreator.java:createApplicationContext:38] - Discovered configurations in bundle [greenTrack.SPCControl.Service]  {osgibundle:/META-INF/spring/*.xml}
2022-01-11 09:34:24,099 [                    ] [                    ] [Start Level Event Dispatcher] [ INFO] [GreenFrameOsgiApplicationContextCreator.java:createApplicationContext:38] - Discovered configurations in bundle [greenTrack.Behavior.Service]  {osgibundle:/META-INF/spring/*.xml}
2022-01-11 09:34:24,099 [                    ] [                    ] [Start Level Event Dispatcher] [ INFO] [GreenFrameOsgiApplicationContextCreator.java:createApplicationContext:38] - Discovered configurations in bundle [MESSolution.Query.Service]  {osgibundle:/META-INF/spring/*.xml}
2022-01-11 09:34:24,099 [                    ] [                    ] [Start Level Event Dispatcher] [ INFO] [GreenFrameOsgiApplicationContextCreator.java:createApplicationContext:38] - Discovered configurations in bundle [MESSolution.Generic]  {osgibundle:/META-INF/spring/*.xml}
2022-01-11 09:34:24,099 [                    ] [                    ] [Start Level Event Dispatcher] [ INFO] [GreenFrameOsgiApplicationContextCreator.java:createApplicationContext:38] - Discovered configurations in bundle [greenTrack.Object.Service]  {osgibundle:/META-INF/spring/*.xml}
2022-01-11 09:34:24,099 [                    ] [                    ] [Start Level Event Dispatcher] [ INFO] [GreenFrameOsgiApplicationContextCreator.java:createApplicationContext:38] - Discovered configurations in bundle [greenTrack.Policy.Service]  {osgibundle:/META-INF/spring/*.xml}
2022-01-11 09:34:24,235 [                    ] [                    ] [Start Level Event Dispatcher] [ INFO] [GreenFrameOsgiApplicationContextCreator.java:createApplicationContext:38] - Discovered configurations in bundle [MESSolution.Machine.Service]  {osgibundle:/META-INF/spring/*.xml}
2022-01-11 09:34:24,284 [                    ] [                    ] [Start Level Event Dispatcher] [ INFO] [GreenFrameOsgiApplicationContextCreator.java:createApplicationContext:38] - Discovered configurations in bundle [greenTrack.TransportGroup.Service]  {osgibundle:/META-INF/spring/*.xml}
2022-01-11 09:34:24,286 [                    ] [                    ] [Start Level Event Dispatcher] [ INFO] [GreenFrameOsgiApplicationContextCreator.java:createApplicationContext:38] - Discovered configurations in bundle [greenTrack.ProcessGroup.Service]  {osgibundle:/META-INF/spring/*.xml}
2022-01-11 09:34:24,286 [                    ] [                    ] [Start Level Event Dispatcher] [ INFO] [GreenFrameOsgiApplicationContextCreator.java:createApplicationContext:38] - Discovered configurations in bundle [MESSolution.Extended.WebInterface]  {osgibundle:/META-INF/spring/*.xml}
2022-01-11 09:34:24,286 [                    ] [                    ] [Start Level Event Dispatcher] [ INFO] [GreenFrameOsgiApplicationContextCreator.java:createApplicationContext:38] - Discovered configurations in bundle [MESSolution.ProductRequest.Service]  {osgibundle:/META-INF/spring/*.xml}
2022-01-11 09:34:24,286 [                    ] [                    ] [Start Level Event Dispatcher] [ INFO] [GreenFrameOsgiApplicationContextCreator.java:createApplicationContext:38] - Discovered configurations in bundle [MESSolution.Lot.Service]  {osgibundle:/META-INF/spring/*.xml}
2022-01-11 09:34:24,294 [                    ] [                    ] [Start Level Event Dispatcher] [ INFO] [GreenFrameOsgiApplicationContextCreator.java:createApplicationContext:38] - Discovered configurations in bundle [greenTrack.Factory.Service]  {osgibundle:/META-INF/spring/*.xml}
2022-01-11 09:34:24,296 [                    ] [                    ] [Start Level Event Dispatcher] [ INFO] [GreenFrameOsgiApplicationContextCreator.java:createApplicationContext:38] - Discovered configurations in bundle [greenTrack.ProductRequest.Service]  {osgibundle:/META-INF/spring/*.xml}
2022-01-11 09:34:24,296 [                    ] [                    ] [Start Level Event Dispatcher] [ INFO] [GreenFrameOsgiApplicationContextCreator.java:createApplicationContext:38] - Discovered configurations in bundle [greenTrack.ProcessOperationSpec.Service]  {osgibundle:/META-INF/spring/*.xml}
2022-01-11 09:34:24,296 [                    ] [                    ] [Start Level Event Dispatcher] [ INFO] [GreenFrameOsgiApplicationContextCreator.java:createApplicationContext:38] - Discovered configurations in bundle [greenTrack.Product.Service]  {osgibundle:/META-INF/spring/*.xml}
2022-01-11 09:34:24,304 [                    ] [                    ] [Start Level Event Dispatcher] [ INFO] [GreenFrameOsgiApplicationContextCreator.java:createApplicationContext:38] - Discovered configurations in bundle [greenTrack.Durable.Service]  {osgibundle:/META-INF/spring/*.xml}
2022-01-11 09:34:24,306 [                    ] [                    ] [Start Level Event Dispatcher] [ INFO] [GreenFrameOsgiApplicationContextCreator.java:createApplicationContext:38] - Discovered configurations in bundle [MESSolution.Port.Service]  {osgibundle:/META-INF/spring/*.xml}
2022-01-11 09:34:24,306 [                    ] [                    ] [Start Level Event Dispatcher] [ INFO] [GreenFrameOsgiApplicationContextCreator.java:createApplicationContext:38] - Discovered configurations in bundle [MESSolution.PMS.Service]  {osgibundle:/META-INF/spring/*.xml}
2022-01-11 09:34:24,306 [                    ] [                    ] [Start Level Event Dispatcher] [DEBUG] [GreenFrameConfigurationScanner.java:getConfigFiles:101] - greenFrame Configuration Absolute Path: D:\Project\V3_Source\eclipse\config [greenFrame.Infra]
2022-01-11 09:34:24,316 [                    ] [                    ] [Start Level Event Dispatcher] [ INFO] [GreenFrameConfigurationScanner.java:getConfigFiles:107] - No Configurations in D:\Project\V3_Source\eclipse\config. Searching configurations from inside the bundle [greenFrame.Infra]
2022-01-11 09:34:24,324 [                    ] [                    ] [Start Level Event Dispatcher] [DEBUG] [GreenFrameConfigurationScanner.java:getConfigFiles:101] - greenFrame Configuration Absolute Path: D:\Project\V3_Source\eclipse\config\CNMsvr [greenFrame.Infra]
2022-01-11 09:34:24,324 [                    ] [                    ] [Start Level Event Dispatcher] [ INFO] [GreenFrameConfigurationScanner.java:getConfigFiles:107] - No Configurations in D:\Project\V3_Source\eclipse\config\CNMsvr. Searching configurations from inside the bundle [greenFrame.Infra]
2022-01-11 09:34:24,326 [                    ] [                    ] [Start Level Event Dispatcher] [ INFO] [GreenFrameOsgiApplicationContextCreator.java:createApplicationContext:38] - Discovered configurations in bundle [greenFrame.Infra]  {osgibundle:config/*.xml, osgibundle:config/CNMsvr/*.xml}
2022-01-11 09:34:24,326 [                    ] [                    ] [Start Level Event Dispatcher] [ INFO] [GreenFrameOsgiApplicationContextCreator.java:createApplicationContext:38] - Discovered configurations in bundle [greenTrack.User.Service]  {osgibundle:/META-INF/spring/*.xml}
2022-01-11 09:34:24,336 [                    ] [                    ] [Start Level Event Dispatcher] [ INFO] [GreenFrameOsgiApplicationContextCreator.java:createApplicationContext:38] - Discovered configurations in bundle [greenTrack.ProductRequestPlan.Service]  {osgibundle:/META-INF/spring/*.xml}
2022-01-11 09:34:24,336 [                    ] [                    ] [Start Level Event Dispatcher] [ INFO] [GreenFrameOsgiApplicationContextCreator.java:createApplicationContext:38] - Discovered configurations in bundle [greenTrack.Recipe.Service]  {osgibundle:/META-INF/spring/*.xml}
2022-01-11 09:34:24,336 [                    ] [                    ] [Start Level Event Dispatcher] [ INFO] [GreenFrameOsgiApplicationContextCreator.java:createApplicationContext:38] - Discovered configurations in bundle [greenTrack.Lot.Service]  {osgibundle:/META-INF/spring/*.xml}
2022-01-11 09:34:24,345 [                    ] [                    ] [Start Level Event Dispatcher] [ INFO] [GreenFrameOsgiApplicationContextCreator.java:createApplicationContext:38] - Discovered configurations in bundle [MESSolution.UserProfile.Service]  {osgibundle:/META-INF/spring/*.xml}
2022-01-11 09:34:24,347 [                    ] [                    ] [Start Level Event Dispatcher] [ INFO] [GreenFrameOsgiApplicationContextCreator.java:createApplicationContext:38] - Discovered configurations in bundle [MESSolution.Product.Service]  {osgibundle:/META-INF/spring/*.xml}
2022-01-11 09:34:24,347 [                    ] [                    ] [Start Level Event Dispatcher] [ INFO] [GreenFrameOsgiApplicationContextCreator.java:createApplicationContext:38] - Discovered configurations in bundle [MESSolution.DataCollection.Service]  {osgibundle:/META-INF/spring/*.xml}
2022-01-11 09:34:24,357 [                    ] [                    ] [Start Level Event Dispatcher] [ INFO] [GreenFrameOsgiApplicationContextCreator.java:createApplicationContext:38] - Discovered configurations in bundle [MESSolution.Consumable.Service]  {osgibundle:/META-INF/spring/*.xml}
2022-01-11 09:34:24,357 [                    ] [                    ] [Start Level Event Dispatcher] [ INFO] [GreenFrameOsgiApplicationContextCreator.java:createApplicationContext:38] - Discovered configurations in bundle [MESSolution.TransportJob.Service]  {osgibundle:/META-INF/spring/*.xml}
2022-01-11 09:34:24,365 [                    ] [                    ] [Start Level Event Dispatcher] [ INFO] [GreenFrameOsgiApplicationContextCreator.java:createApplicationContext:38] - Discovered configurations in bundle [MESSolution.RMS.Service]  {osgibundle:/META-INF/spring/*.xml}
2022-01-11 09:34:24,508 [                    ] [                    ] [Start Level Event Dispatcher] [ INFO] [GreenFrameOsgiApplicationContextCreator.java:createApplicationContext:38] - Discovered configurations in bundle [greenFrame.workflow]  {META-INF/spring/*.xml, META-INF/spring/CNMsvr/*.xml}
2022-01-11 09:34:24,508 [                    ] [                    ] [Start Level Event Dispatcher] [ INFO] [GreenFrameOsgiApplicationContextCreator.java:createApplicationContext:38] - Discovered configurations in bundle [MESSolution.Extended.Object]  {osgibundle:/META-INF/spring/*.xml}
2022-01-11 09:34:24,518 [                    ] [                    ] [Start Level Event Dispatcher] [ INFO] [GreenFrameOsgiApplicationContextCreator.java:createApplicationContext:38] - Discovered configurations in bundle [greenTrack.ProcessFlow.Service]  {osgibundle:/META-INF/spring/*.xml}
2022-01-11 09:34:24,547 [                    ] [                    ] [Start Level Event Dispatcher] [ INFO] [GreenFrameOsgiApplicationContextCreator.java:createApplicationContext:38] - Discovered configurations in bundle [MESSolution.Durable.Service]  {osgibundle:/META-INF/spring/*.xml}
2022-01-11 09:34:24,549 [                    ] [                    ] [Start Level Event Dispatcher] [ INFO] [GreenFrameOsgiApplicationContextCreator.java:createApplicationContext:38] - Discovered configurations in bundle [MESSolution.FMC.Service]  {osgibundle:/META-INF/spring/*.xml}
2022-01-11 09:34:24,549 [                    ] [                    ] [Start Level Event Dispatcher] [ INFO] [GreenFrameOsgiApplicationContextCreator.java:createApplicationContext:38] - Discovered configurations in bundle [MESSolution.Extended.Policy]  {osgibundle:/META-INF/spring/*.xml}
2022-01-11 09:34:25,153 [                    ] [                    ] [SpringOsgiExtenderThread-76] [ INFO] [BpelProcessManager.java:createThreadPool:176] - Thead Pool [CORE=3 , MAX=5, QueueSize=0 , KEEP_ALIVE=500]
2022-01-11 09:34:25,519 [                    ] [                    ] [SpringOsgiExtenderThread-91] [DEBUG] [SQLLogUtil.java:logBeforeExecutingQuery:47] - SQL [select oad.typename, oad.position, oad.attributename, oad.primarykeyflag, oad.attributetype, oad.datatype, oad.defaultvalue,otd.extendedtflag 
from objectattributedef oad, objecttypedef otd where oad.attributetype = 'Standard' and oad.typename = otd.typename order by typename, position]
2022-01-11 09:34:25,630 [                    ] [                    ] [SpringOsgiExtenderThread-76] [ INFO] [CustomBpelExRepository.java:readBpels:223] - Target Bundle-Name [greenFrame.workflow] for greenFrame workflow service
2022-01-11 09:34:25,650 [                    ] [                    ] [SpringOsgiExtenderThread-76] [ INFO] [AbstractBpelRepository.java:addBpelProcess:42] - add complete [{http://bpel.aim.co.kr/bpelj/}dispatching.bpel@0]
2022-01-11 09:34:25,650 [                    ] [                    ] [SpringOsgiExtenderThread-76] [ WARN] [CustomBpelExRepository.java:startWatcher:393] - Could not create BpelWatcher
2022-01-11 09:34:25,944 [                    ] [                    ] [SpringOsgiExtenderThread-91] [DEBUG] [SQLLogUtil.java:logAfterExecutingQuery:67] - SQL query returned 2286 rows
2022-01-11 09:34:25,963 [                    ] [                    ] [SpringOsgiExtenderThread-91] [DEBUG] [SQLLogUtil.java:logBeforeExecutingQuery:47] - SQL [select oad.typename, oad.position, oad.attributename, oad.primarykeyflag, oad.attributetype, oad.datatype, oad.defaultvalue,otd.extendedtflag 
from objectattributedef oad, objecttypedef otd where oad.attributetype = 'ExtendedC' and oad.typename = otd.typename order by typename, position]
2022-01-11 09:34:26,036 [                    ] [                    ] [SpringOsgiExtenderThread-91] [DEBUG] [SQLLogUtil.java:logAfterExecutingQuery:67] - SQL query returned 622 rows
2022-01-11 09:34:26,036 [                    ] [                    ] [SpringOsgiExtenderThread-91] [DEBUG] [SQLLogUtil.java:logBeforeExecutingQuery:47] - SQL [select oad.typename, oad.position, oad.attributename, oad.primarykeyflag, oad.attributetype, oad.datatype, oad.defaultvalue,otd.extendedtflag 
from objectattributedef oad, objecttypedef otd where oad.attributetype = 'ExtendedT' and oad.typename = otd.typename order by typename, position]
2022-01-11 09:34:26,046 [                    ] [                    ] [SpringOsgiExtenderThread-91] [DEBUG] [SQLLogUtil.java:logAfterExecutingQuery:67] - SQL query returned 0 rows
2022-01-11 09:34:26,046 [                    ] [                    ] [SpringOsgiExtenderThread-91] [ INFO] [ObjectAttributeMap.java:load:125] - Completed to load ObjectAttributeMap
2022-01-11 09:34:26,046 [                    ] [                    ] [SpringOsgiExtenderThread-91] [DEBUG] [InfraServiceProxy.java:setApplicationContext:16] - Success Get AC
2022-01-11 09:34:26,177 [                    ] [                    ] [SpringOsgiExtenderThread-91] [ INFO] [TibDQAdaptor.java:open:300] - Advisory Listener initialized
2022-01-11 09:34:26,208 [                    ] [                    ] [SpringOsgiExtenderThread-91] [ INFO] [EventConfigurator.java:afterPropertiesSet:43] - event configurator initializing for [CNMsvr]
2022-01-11 09:34:26,208 [                    ] [                    ] [SpringOsgiExtenderThread-91] [ INFO] [EventConfigurator.java:afterPropertiesSet:46] - ClassMap load result : 0 rows
2022-01-11 09:34:26,258 [                    ] [                    ] [SpringOsgiExtenderThread-91] [ INFO] [DQListener.java:afterPropertiesSet:82] - ***********************************************************************************************
2022-01-11 09:34:26,258 [                    ] [                    ] [SpringOsgiExtenderThread-91] [ INFO] [DQListener.java:afterPropertiesSet:83] - <MessageListener> SubjectName=VISIONOX.V3.MES.DEVsjlee.FAB.CNMsvr Service=8400, Network=;225.11.11.4, Daemon=, WorkerWeight=2, WorkerTasks=1, SchedulerWeight=20, SchedulerHeartbeat=3.0, SchedulerActivation=5.0
2022-01-11 09:34:26,258 [                    ] [                    ] [SpringOsgiExtenderThread-91] [ INFO] [DQListener.java:afterPropertiesSet:102] - ***********************************************************************************************
2022-01-11 09:34:26,266 [                    ] [                    ] [SpringOsgiExtenderThread-91] [ INFO] [TibDQAdaptor.java:open:429] - Initialized kr.co.aim.greenframe.esb.tibco.DQListener TIBCO Adaptor
2022-01-11 09:40:04,747 [                    ] [                    ] [Start Level Event Dispatcher] [ INFO] [GreenFrameOsgiApplicationContextCreator.java:createApplicationContext:38] - Discovered configurations in bundle [greenFrame.formatter]  {META-INF/spring/*.xml, META-INF/spring/CNMsvr/*.xml}
2022-01-11 09:40:04,764 [                    ] [                    ] [Start Level Event Dispatcher] [ INFO] [GreenFrameOsgiApplicationContextCreator.java:createApplicationContext:38] - Discovered configurations in bundle [greenTrack.Port.Service]  {osgibundle:/META-INF/spring/*.xml}
2022-01-11 09:40:04,779 [                    ] [                    ] [Start Level Event Dispatcher] [ INFO] [GreenFrameOsgiApplicationContextCreator.java:createApplicationContext:38] - Discovered configurations in bundle [greenTrack.Alarm.Service]  {osgibundle:/META-INF/spring/*.xml}
2022-01-11 09:40:04,795 [                    ] [                    ] [Start Level Event Dispatcher] [ INFO] [GreenFrameOsgiApplicationContextCreator.java:createApplicationContext:38] - Discovered configurations in bundle [greenTrack.Machine.Service]  {osgibundle:/META-INF/spring/*.xml}
2022-01-11 09:40:04,800 [                    ] [                    ] [Start Level Event Dispatcher] [ INFO] [GreenFrameOsgiApplicationContextCreator.java:createApplicationContext:38] - Discovered configurations in bundle [MESSolution.ProcessGroup.Service]  {osgibundle:/META-INF/spring/*.xml}
2022-01-11 09:40:04,800 [                    ] [                    ] [Start Level Event Dispatcher] [ INFO] [GreenFrameOsgiApplicationContextCreator.java:createApplicationContext:38] - Discovered configurations in bundle [greenTrack.Consumable.Service]  {osgibundle:/META-INF/spring/*.xml}
2022-01-11 09:40:04,800 [                    ] [                    ] [Start Level Event Dispatcher] [ INFO] [GreenFrameOsgiApplicationContextCreator.java:createApplicationContext:38] - Discovered configurations in bundle [MESSolution.DSP.Service]  {osgibundle:/META-INF/spring/*.xml}
2022-01-11 09:40:04,847 [                    ] [                    ] [Start Level Event Dispatcher] [ INFO] [GreenFrameOsgiApplicationContextCreator.java:createApplicationContext:38] - Discovered configurations in bundle [greenTrack.Generic.Service]  {osgibundle:/META-INF/spring/*.xml}
2022-01-11 09:40:04,863 [                    ] [                    ] [Start Level Event Dispatcher] [ INFO] [GreenFrameOsgiApplicationContextCreator.java:createApplicationContext:38] - Discovered configurations in bundle [greenTrack.DataCollection.Service]  {osgibundle:/META-INF/spring/*.xml}
2022-01-11 09:40:04,878 [                    ] [                    ] [Start Level Event Dispatcher] [ INFO] [GreenFrameOsgiApplicationContextCreator.java:createApplicationContext:38] - Discovered configurations in bundle [MESSolution.Alarm.Service]  {osgibundle:/META-INF/spring/*.xml}
2022-01-11 09:40:04,900 [                    ] [                    ] [Start Level Event Dispatcher] [ INFO] [GreenFrameOsgiApplicationContextCreator.java:createApplicationContext:38] - Discovered configurations in bundle [greenTrack.Name.Service]  {osgibundle:/META-INF/spring/*.xml}
2022-01-11 09:40:04,916 [                    ] [                    ] [Start Level Event Dispatcher] [ INFO] [GreenFrameOsgiApplicationContextCreator.java:createApplicationContext:38] - Discovered configurations in bundle [greenTrack.SPCControl.Service]  {osgibundle:/META-INF/spring/*.xml}
2022-01-11 09:40:04,916 [                    ] [                    ] [Start Level Event Dispatcher] [ INFO] [GreenFrameOsgiApplicationContextCreator.java:createApplicationContext:38] - Discovered configurations in bundle [greenTrack.Behavior.Service]  {osgibundle:/META-INF/spring/*.xml}
2022-01-11 09:40:04,916 [                    ] [                    ] [Start Level Event Dispatcher] [ INFO] [GreenFrameOsgiApplicationContextCreator.java:createApplicationContext:38] - Discovered configurations in bundle [MESSolution.Query.Service]  {osgibundle:/META-INF/spring/*.xml}
2022-01-11 09:40:04,932 [                    ] [                    ] [Start Level Event Dispatcher] [ INFO] [GreenFrameOsgiApplicationContextCreator.java:createApplicationContext:38] - Discovered configurations in bundle [MESSolution.Generic]  {osgibundle:/META-INF/spring/*.xml}
2022-01-11 09:40:04,947 [                    ] [                    ] [Start Level Event Dispatcher] [ INFO] [GreenFrameOsgiApplicationContextCreator.java:createApplicationContext:38] - Discovered configurations in bundle [greenTrack.Object.Service]  {osgibundle:/META-INF/spring/*.xml}
2022-01-11 09:40:04,947 [                    ] [                    ] [Start Level Event Dispatcher] [ INFO] [GreenFrameOsgiApplicationContextCreator.java:createApplicationContext:38] - Discovered configurations in bundle [greenTrack.Policy.Service]  {osgibundle:/META-INF/spring/*.xml}
2022-01-11 09:40:05,144 [                    ] [                    ] [Start Level Event Dispatcher] [ INFO] [GreenFrameOsgiApplicationContextCreator.java:createApplicationContext:38] - Discovered configurations in bundle [MESSolution.Machine.Service]  {osgibundle:/META-INF/spring/*.xml}
2022-01-11 09:40:05,154 [                    ] [                    ] [Start Level Event Dispatcher] [ INFO] [GreenFrameOsgiApplicationContextCreator.java:createApplicationContext:38] - Discovered configurations in bundle [greenTrack.TransportGroup.Service]  {osgibundle:/META-INF/spring/*.xml}
2022-01-11 09:40:05,154 [                    ] [                    ] [Start Level Event Dispatcher] [ INFO] [GreenFrameOsgiApplicationContextCreator.java:createApplicationContext:38] - Discovered configurations in bundle [greenTrack.ProcessGroup.Service]  {osgibundle:/META-INF/spring/*.xml}
2022-01-11 09:40:05,154 [                    ] [                    ] [Start Level Event Dispatcher] [ INFO] [GreenFrameOsgiApplicationContextCreator.java:createApplicationContext:38] - Discovered configurations in bundle [MESSolution.Extended.WebInterface]  {osgibundle:/META-INF/spring/*.xml}
2022-01-11 09:40:05,164 [                    ] [                    ] [Start Level Event Dispatcher] [ INFO] [GreenFrameOsgiApplicationContextCreator.java:createApplicationContext:38] - Discovered configurations in bundle [MESSolution.ProductRequest.Service]  {osgibundle:/META-INF/spring/*.xml}
2022-01-11 09:40:05,174 [                    ] [                    ] [Start Level Event Dispatcher] [ INFO] [GreenFrameOsgiApplicationContextCreator.java:createApplicationContext:38] - Discovered configurations in bundle [MESSolution.Lot.Service]  {osgibundle:/META-INF/spring/*.xml}
2022-01-11 09:40:05,185 [                    ] [                    ] [Start Level Event Dispatcher] [ INFO] [GreenFrameOsgiApplicationContextCreator.java:createApplicationContext:38] - Discovered configurations in bundle [greenTrack.Factory.Service]  {osgibundle:/META-INF/spring/*.xml}
2022-01-11 09:40:05,185 [                    ] [                    ] [Start Level Event Dispatcher] [ INFO] [GreenFrameOsgiApplicationContextCreator.java:createApplicationContext:38] - Discovered configurations in bundle [greenTrack.ProductRequest.Service]  {osgibundle:/META-INF/spring/*.xml}
2022-01-11 09:40:05,185 [                    ] [                    ] [Start Level Event Dispatcher] [ INFO] [GreenFrameOsgiApplicationContextCreator.java:createApplicationContext:38] - Discovered configurations in bundle [greenTrack.ProcessOperationSpec.Service]  {osgibundle:/META-INF/spring/*.xml}
2022-01-11 09:40:05,195 [                    ] [                    ] [Start Level Event Dispatcher] [ INFO] [GreenFrameOsgiApplicationContextCreator.java:createApplicationContext:38] - Discovered configurations in bundle [greenTrack.Product.Service]  {osgibundle:/META-INF/spring/*.xml}
2022-01-11 09:40:05,195 [                    ] [                    ] [Start Level Event Dispatcher] [ INFO] [GreenFrameOsgiApplicationContextCreator.java:createApplicationContext:38] - Discovered configurations in bundle [greenTrack.Durable.Service]  {osgibundle:/META-INF/spring/*.xml}
2022-01-11 09:40:05,255 [                    ] [                    ] [Start Level Event Dispatcher] [ INFO] [GreenFrameOsgiApplicationContextCreator.java:createApplicationContext:38] - Discovered configurations in bundle [MESSolution.Port.Service]  {osgibundle:/META-INF/spring/*.xml}
2022-01-11 09:40:05,276 [                    ] [                    ] [Start Level Event Dispatcher] [ INFO] [GreenFrameOsgiApplicationContextCreator.java:createApplicationContext:38] - Discovered configurations in bundle [MESSolution.PMS.Service]  {osgibundle:/META-INF/spring/*.xml}
2022-01-11 09:40:05,276 [                    ] [                    ] [Start Level Event Dispatcher] [DEBUG] [GreenFrameConfigurationScanner.java:getConfigFiles:101] - greenFrame Configuration Absolute Path: D:\Project\V3_Source\eclipse\config [greenFrame.Infra]
2022-01-11 09:40:05,276 [                    ] [                    ] [Start Level Event Dispatcher] [ INFO] [GreenFrameConfigurationScanner.java:getConfigFiles:107] - No Configurations in D:\Project\V3_Source\eclipse\config. Searching configurations from inside the bundle [greenFrame.Infra]
2022-01-11 09:40:05,286 [                    ] [                    ] [Start Level Event Dispatcher] [DEBUG] [GreenFrameConfigurationScanner.java:getConfigFiles:101] - greenFrame Configuration Absolute Path: D:\Project\V3_Source\eclipse\config\CNMsvr [greenFrame.Infra]
2022-01-11 09:40:05,286 [                    ] [                    ] [Start Level Event Dispatcher] [ INFO] [GreenFrameConfigurationScanner.java:getConfigFiles:107] - No Configurations in D:\Project\V3_Source\eclipse\config\CNMsvr. Searching configurations from inside the bundle [greenFrame.Infra]
2022-01-11 09:40:05,286 [                    ] [                    ] [Start Level Event Dispatcher] [ INFO] [GreenFrameOsgiApplicationContextCreator.java:createApplicationContext:38] - Discovered configurations in bundle [greenFrame.Infra]  {osgibundle:config/*.xml, osgibundle:config/CNMsvr/*.xml}
2022-01-11 09:40:05,296 [                    ] [                    ] [Start Level Event Dispatcher] [ INFO] [GreenFrameOsgiApplicationContextCreator.java:createApplicationContext:38] - Discovered configurations in bundle [greenTrack.User.Service]  {osgibundle:/META-INF/spring/*.xml}
2022-01-11 09:40:05,296 [                    ] [                    ] [Start Level Event Dispatcher] [ INFO] [GreenFrameOsgiApplicationContextCreator.java:createApplicationContext:38] - Discovered configurations in bundle [greenTrack.ProductRequestPlan.Service]  {osgibundle:/META-INF/spring/*.xml}
2022-01-11 09:40:05,296 [                    ] [                    ] [Start Level Event Dispatcher] [ INFO] [GreenFrameOsgiApplicationContextCreator.java:createApplicationContext:38] - Discovered configurations in bundle [greenTrack.Recipe.Service]  {osgibundle:/META-INF/spring/*.xml}
2022-01-11 09:40:05,304 [                    ] [                    ] [Start Level Event Dispatcher] [ INFO] [GreenFrameOsgiApplicationContextCreator.java:createApplicationContext:38] - Discovered configurations in bundle [greenTrack.Lot.Service]  {osgibundle:/META-INF/spring/*.xml}
2022-01-11 09:40:05,307 [                    ] [                    ] [Start Level Event Dispatcher] [ INFO] [GreenFrameOsgiApplicationContextCreator.java:createApplicationContext:38] - Discovered configurations in bundle [MESSolution.UserProfile.Service]  {osgibundle:/META-INF/spring/*.xml}
2022-01-11 09:40:05,309 [                    ] [                    ] [Start Level Event Dispatcher] [ INFO] [GreenFrameOsgiApplicationContextCreator.java:createApplicationContext:38] - Discovered configurations in bundle [MESSolution.Product.Service]  {osgibundle:/META-INF/spring/*.xml}
2022-01-11 09:40:05,337 [                    ] [                    ] [Start Level Event Dispatcher] [ INFO] [GreenFrameOsgiApplicationContextCreator.java:createApplicationContext:38] - Discovered configurations in bundle [MESSolution.DataCollection.Service]  {osgibundle:/META-INF/spring/*.xml}
2022-01-11 09:40:05,407 [                    ] [                    ] [Start Level Event Dispatcher] [ INFO] [GreenFrameOsgiApplicationContextCreator.java:createApplicationContext:38] - Discovered configurations in bundle [MESSolution.Consumable.Service]  {osgibundle:/META-INF/spring/*.xml}
2022-01-11 09:40:05,416 [                    ] [                    ] [Start Level Event Dispatcher] [ INFO] [GreenFrameOsgiApplicationContextCreator.java:createApplicationContext:38] - Discovered configurations in bundle [MESSolution.TransportJob.Service]  {osgibundle:/META-INF/spring/*.xml}
2022-01-11 09:40:05,418 [                    ] [                    ] [Start Level Event Dispatcher] [ INFO] [GreenFrameOsgiApplicationContextCreator.java:createApplicationContext:38] - Discovered configurations in bundle [MESSolution.RMS.Service]  {osgibundle:/META-INF/spring/*.xml}
2022-01-11 09:40:05,418 [                    ] [                    ] [Start Level Event Dispatcher] [ INFO] [GreenFrameOsgiApplicationContextCreator.java:createApplicationContext:38] - Discovered configurations in bundle [greenFrame.workflow]  {META-INF/spring/*.xml, META-INF/spring/CNMsvr/*.xml}
2022-01-11 09:40:05,418 [                    ] [                    ] [Start Level Event Dispatcher] [ INFO] [GreenFrameOsgiApplicationContextCreator.java:createApplicationContext:38] - Discovered configurations in bundle [MESSolution.Extended.Object]  {osgibundle:/META-INF/spring/*.xml}
2022-01-11 09:40:05,488 [                    ] [                    ] [Start Level Event Dispatcher] [ INFO] [GreenFrameOsgiApplicationContextCreator.java:createApplicationContext:38] - Discovered configurations in bundle [greenTrack.ProcessFlow.Service]  {osgibundle:/META-INF/spring/*.xml}
2022-01-11 09:40:05,488 [                    ] [                    ] [Start Level Event Dispatcher] [ INFO] [GreenFrameOsgiApplicationContextCreator.java:createApplicationContext:38] - Discovered configurations in bundle [MESSolution.Durable.Service]  {osgibundle:/META-INF/spring/*.xml}
2022-01-11 09:40:05,488 [                    ] [                    ] [Start Level Event Dispatcher] [ INFO] [GreenFrameOsgiApplicationContextCreator.java:createApplicationContext:38] - Discovered configurations in bundle [MESSolution.FMC.Service]  {osgibundle:/META-INF/spring/*.xml}
2022-01-11 09:40:05,496 [                    ] [                    ] [Start Level Event Dispatcher] [ INFO] [GreenFrameOsgiApplicationContextCreator.java:createApplicationContext:38] - Discovered configurations in bundle [MESSolution.Extended.Policy]  {osgibundle:/META-INF/spring/*.xml}
2022-01-11 09:40:06,024 [                    ] [                    ] [SpringOsgiExtenderThread-78] [ INFO] [BpelProcessManager.java:createThreadPool:176] - Thead Pool [CORE=3 , MAX=5, QueueSize=0 , KEEP_ALIVE=500]
2022-01-11 09:40:06,095 [                    ] [                    ] [SpringOsgiExtenderThread-78] [ INFO] [CustomBpelExRepository.java:readBpels:223] - Target Bundle-Name [greenFrame.workflow] for greenFrame workflow service
2022-01-11 09:40:06,115 [                    ] [                    ] [SpringOsgiExtenderThread-78] [ INFO] [AbstractBpelRepository.java:addBpelProcess:42] - add complete [{http://bpel.aim.co.kr/bpelj/}dispatching.bpel@0]
2022-01-11 09:40:06,115 [                    ] [                    ] [SpringOsgiExtenderThread-78] [ WARN] [CustomBpelExRepository.java:startWatcher:393] - Could not create BpelWatcher
2022-01-11 09:40:06,439 [                    ] [                    ] [SpringOsgiExtenderThread-90] [DEBUG] [SQLLogUtil.java:logBeforeExecutingQuery:47] - SQL [select oad.typename, oad.position, oad.attributename, oad.primarykeyflag, oad.attributetype, oad.datatype, oad.defaultvalue,otd.extendedtflag 
from objectattributedef oad, objecttypedef otd where oad.attributetype = 'Standard' and oad.typename = otd.typename order by typename, position]
2022-01-11 09:40:06,885 [                    ] [                    ] [SpringOsgiExtenderThread-90] [DEBUG] [SQLLogUtil.java:logAfterExecutingQuery:67] - SQL query returned 2286 rows
2022-01-11 09:40:06,905 [                    ] [                    ] [SpringOsgiExtenderThread-90] [DEBUG] [SQLLogUtil.java:logBeforeExecutingQuery:47] - SQL [select oad.typename, oad.position, oad.attributename, oad.primarykeyflag, oad.attributetype, oad.datatype, oad.defaultvalue,otd.extendedtflag 
from objectattributedef oad, objecttypedef otd where oad.attributetype = 'ExtendedC' and oad.typename = otd.typename order by typename, position]
2022-01-11 09:40:06,996 [                    ] [                    ] [SpringOsgiExtenderThread-90] [DEBUG] [SQLLogUtil.java:logAfterExecutingQuery:67] - SQL query returned 622 rows
2022-01-11 09:40:07,006 [                    ] [                    ] [SpringOsgiExtenderThread-90] [DEBUG] [SQLLogUtil.java:logBeforeExecutingQuery:47] - SQL [select oad.typename, oad.position, oad.attributename, oad.primarykeyflag, oad.attributetype, oad.datatype, oad.defaultvalue,otd.extendedtflag 
from objectattributedef oad, objecttypedef otd where oad.attributetype = 'ExtendedT' and oad.typename = otd.typename order by typename, position]
2022-01-11 09:40:07,006 [                    ] [                    ] [SpringOsgiExtenderThread-90] [DEBUG] [SQLLogUtil.java:logAfterExecutingQuery:67] - SQL query returned 0 rows
2022-01-11 09:40:07,006 [                    ] [                    ] [SpringOsgiExtenderThread-90] [ INFO] [ObjectAttributeMap.java:load:125] - Completed to load ObjectAttributeMap
2022-01-11 09:40:07,014 [                    ] [                    ] [SpringOsgiExtenderThread-90] [DEBUG] [InfraServiceProxy.java:setApplicationContext:16] - Success Get AC
2022-01-11 09:40:07,146 [                    ] [                    ] [SpringOsgiExtenderThread-90] [ INFO] [TibDQAdaptor.java:open:300] - Advisory Listener initialized
2022-01-11 09:40:07,172 [                    ] [                    ] [SpringOsgiExtenderThread-90] [ INFO] [EventConfigurator.java:afterPropertiesSet:43] - event configurator initializing for [CNMsvr]
2022-01-11 09:40:07,172 [                    ] [                    ] [SpringOsgiExtenderThread-90] [ INFO] [EventConfigurator.java:afterPropertiesSet:46] - ClassMap load result : 0 rows
2022-01-11 09:40:07,219 [                    ] [                    ] [SpringOsgiExtenderThread-90] [ INFO] [DQListener.java:afterPropertiesSet:82] - ***********************************************************************************************
2022-01-11 09:40:07,219 [                    ] [                    ] [SpringOsgiExtenderThread-90] [ INFO] [DQListener.java:afterPropertiesSet:83] - <MessageListener> SubjectName=VISIONOX.V3.MES.DEVsjlee.FAB.CNMsvr Service=8400, Network=;225.11.11.4, Daemon=, WorkerWeight=2, WorkerTasks=1, SchedulerWeight=20, SchedulerHeartbeat=3.0, SchedulerActivation=5.0
2022-01-11 09:40:07,219 [                    ] [                    ] [SpringOsgiExtenderThread-90] [ INFO] [DQListener.java:afterPropertiesSet:102] - ***********************************************************************************************
2022-01-11 09:40:07,219 [                    ] [                    ] [SpringOsgiExtenderThread-90] [ INFO] [TibDQAdaptor.java:open:429] - Initialized kr.co.aim.greenframe.esb.tibco.DQListener TIBCO Adaptor
2022-01-11 09:45:05,219 [                    ] [                    ] [Timer-0] [ WARN] [DependencyWaiterApplicationContextExecutor.java:timeout:445] - Timeout occurred before finding service dependencies for [OsgiBundleXmlApplicationContext(bundle=greenTrack.Generic.Service, config=osgibundle:/META-INF/spring/*.xml)]
2022-01-11 09:45:05,222 [                    ] [                    ] [Timer-0] [ERROR] [DependencyWaiterApplicationContextExecutor.java:fail:424] - Unable to create application context for [greenTrack.Generic.Service], unsatisfied dependencies: Dependency on [(objectClass=kr.co.aim.greentrack.generic.orm.SqlMesTemplate)] (from bean [&SqlMesTemplate])
org.springframework.context.ApplicationContextException: Application context initialization for 'greenTrack.Generic.Service' has timed out
	at org.springframework.osgi.extender.internal.dependencies.startup.DependencyWaiterApplicationContextExecutor.timeout(DependencyWaiterApplicationContextExecutor.java:454)
	at org.springframework.osgi.extender.internal.dependencies.startup.DependencyWaiterApplicationContextExecutor.access$000(DependencyWaiterApplicationContextExecutor.java:50)
	at org.springframework.osgi.extender.internal.dependencies.startup.DependencyWaiterApplicationContextExecutor$WatchDogTask.run(DependencyWaiterApplicationContextExecutor.java:105)
	at java.util.TimerThread.mainLoop(Timer.java:555)
	at java.util.TimerThread.run(Timer.java:505)
2022-01-11 09:45:05,222 [                    ] [                    ] [Timer-0] [ERROR] [DefaultOsgiBundleApplicationContextListener.java:onOsgiApplicationEvent:50] - Application context refresh failed (OsgiBundleXmlApplicationContext(bundle=greenTrack.Generic.Service, config=osgibundle:/META-INF/spring/*.xml))
org.springframework.context.ApplicationContextException: Application context initialization for 'greenTrack.Generic.Service' has timed out
	at org.springframework.osgi.extender.internal.dependencies.startup.DependencyWaiterApplicationContextExecutor.timeout(DependencyWaiterApplicationContextExecutor.java:454)
	at org.springframework.osgi.extender.internal.dependencies.startup.DependencyWaiterApplicationContextExecutor.access$000(DependencyWaiterApplicationContextExecutor.java:50)
	at org.springframework.osgi.extender.internal.dependencies.startup.DependencyWaiterApplicationContextExecutor$WatchDogTask.run(DependencyWaiterApplicationContextExecutor.java:105)
	at java.util.TimerThread.mainLoop(Timer.java:555)
	at java.util.TimerThread.run(Timer.java:505)
2022-01-11 09:45:05,821 [                    ] [                    ] [Timer-0] [ WARN] [DependencyWaiterApplicationContextExecutor.java:timeout:445] - Timeout occurred before finding service dependencies for [OsgiBundleXmlApplicationContext(bundle=MESSolution.Generic, config=osgibundle:/META-INF/spring/*.xml)]
2022-01-11 09:45:05,821 [                    ] [                    ] [Timer-0] [ERROR] [DependencyWaiterApplicationContextExecutor.java:fail:424] - Unable to create application context for [MESSolution.Generic], unsatisfied dependencies: Dependency on [(objectClass=kr.co.aim.greentrack.generic.master.ConstantMap)] (from bean [&ntConstantMap])
org.springframework.context.ApplicationContextException: Application context initialization for 'MESSolution.Generic' has timed out
	at org.springframework.osgi.extender.internal.dependencies.startup.DependencyWaiterApplicationContextExecutor.timeout(DependencyWaiterApplicationContextExecutor.java:454)
	at org.springframework.osgi.extender.internal.dependencies.startup.DependencyWaiterApplicationContextExecutor.access$000(DependencyWaiterApplicationContextExecutor.java:50)
	at org.springframework.osgi.extender.internal.dependencies.startup.DependencyWaiterApplicationContextExecutor$WatchDogTask.run(DependencyWaiterApplicationContextExecutor.java:105)
	at java.util.TimerThread.mainLoop(Timer.java:555)
	at java.util.TimerThread.run(Timer.java:505)
2022-01-11 09:45:05,821 [                    ] [                    ] [Timer-0] [ERROR] [DefaultOsgiBundleApplicationContextListener.java:onOsgiApplicationEvent:50] - Application context refresh failed (OsgiBundleXmlApplicationContext(bundle=MESSolution.Generic, config=osgibundle:/META-INF/spring/*.xml))
org.springframework.context.ApplicationContextException: Application context initialization for 'MESSolution.Generic' has timed out
	at org.springframework.osgi.extender.internal.dependencies.startup.DependencyWaiterApplicationContextExecutor.timeout(DependencyWaiterApplicationContextExecutor.java:454)
	at org.springframework.osgi.extender.internal.dependencies.startup.DependencyWaiterApplicationContextExecutor.access$000(DependencyWaiterApplicationContextExecutor.java:50)
	at org.springframework.osgi.extender.internal.dependencies.startup.DependencyWaiterApplicationContextExecutor$WatchDogTask.run(DependencyWaiterApplicationContextExecutor.java:105)
	at java.util.TimerThread.mainLoop(Timer.java:555)
	at java.util.TimerThread.run(Timer.java:505)
