2022-01-11 11:01:01,555 [                    ] [                    ] [Timer-0] [ WARN] [DependencyWaiterApplicationContextExecutor.java:timeout:445] - Timeout occurred before finding service dependencies for [OsgiBundleXmlApplicationContext(bundle=greenTrack.Generic.Service, config=osgibundle:/META-INF/spring/*.xml)]
2022-01-11 11:01:01,563 [                    ] [                    ] [Timer-0] [ERROR] [DependencyWaiterApplicationContextExecutor.java:fail:424] - Unable to create application context for [greenTrack.Generic.Service], unsatisfied dependencies: Dependency on [(objectClass=kr.co.aim.greentrack.generic.orm.SqlMesTemplate)] (from bean [&SqlMesTemplate])
org.springframework.context.ApplicationContextException: Application context initialization for 'greenTrack.Generic.Service' has timed out
	at org.springframework.osgi.extender.internal.dependencies.startup.DependencyWaiterApplicationContextExecutor.timeout(DependencyWaiterApplicationContextExecutor.java:454)
	at org.springframework.osgi.extender.internal.dependencies.startup.DependencyWaiterApplicationContextExecutor.access$000(DependencyWaiterApplicationContextExecutor.java:50)
	at org.springframework.osgi.extender.internal.dependencies.startup.DependencyWaiterApplicationContextExecutor$WatchDogTask.run(DependencyWaiterApplicationContextExecutor.java:105)
	at java.util.TimerThread.mainLoop(Timer.java:555)
	at java.util.TimerThread.run(Timer.java:505)
2022-01-11 11:01:01,647 [                    ] [                    ] [Timer-0] [ERROR] [DefaultOsgiBundleApplicationContextListener.java:onOsgiApplicationEvent:50] - Application context refresh failed (OsgiBundleXmlApplicationContext(bundle=greenTrack.Generic.Service, config=osgibundle:/META-INF/spring/*.xml))
org.springframework.context.ApplicationContextException: Application context initialization for 'greenTrack.Generic.Service' has timed out
	at org.springframework.osgi.extender.internal.dependencies.startup.DependencyWaiterApplicationContextExecutor.timeout(DependencyWaiterApplicationContextExecutor.java:454)
	at org.springframework.osgi.extender.internal.dependencies.startup.DependencyWaiterApplicationContextExecutor.access$000(DependencyWaiterApplicationContextExecutor.java:50)
	at org.springframework.osgi.extender.internal.dependencies.startup.DependencyWaiterApplicationContextExecutor$WatchDogTask.run(DependencyWaiterApplicationContextExecutor.java:105)
	at java.util.TimerThread.mainLoop(Timer.java:555)
	at java.util.TimerThread.run(Timer.java:505)
2022-01-11 11:01:02,200 [                    ] [                    ] [Timer-0] [ WARN] [DependencyWaiterApplicationContextExecutor.java:timeout:445] - Timeout occurred before finding service dependencies for [OsgiBundleXmlApplicationContext(bundle=MESSolution.Generic, config=osgibundle:/META-INF/spring/*.xml)]
2022-01-11 11:01:02,200 [                    ] [                    ] [Timer-0] [ERROR] [DependencyWaiterApplicationContextExecutor.java:fail:424] - Unable to create application context for [MESSolution.Generic], unsatisfied dependencies: Dependency on [(objectClass=kr.co.aim.greentrack.generic.master.ConstantMap)] (from bean [&ntConstantMap])
org.springframework.context.ApplicationContextException: Application context initialization for 'MESSolution.Generic' has timed out
	at org.springframework.osgi.extender.internal.dependencies.startup.DependencyWaiterApplicationContextExecutor.timeout(DependencyWaiterApplicationContextExecutor.java:454)
	at org.springframework.osgi.extender.internal.dependencies.startup.DependencyWaiterApplicationContextExecutor.access$000(DependencyWaiterApplicationContextExecutor.java:50)
	at org.springframework.osgi.extender.internal.dependencies.startup.DependencyWaiterApplicationContextExecutor$WatchDogTask.run(DependencyWaiterApplicationContextExecutor.java:105)
	at java.util.TimerThread.mainLoop(Timer.java:555)
	at java.util.TimerThread.run(Timer.java:505)
2022-01-11 11:01:02,201 [                    ] [                    ] [Timer-0] [ERROR] [DefaultOsgiBundleApplicationContextListener.java:onOsgiApplicationEvent:50] - Application context refresh failed (OsgiBundleXmlApplicationContext(bundle=MESSolution.Generic, config=osgibundle:/META-INF/spring/*.xml))
org.springframework.context.ApplicationContextException: Application context initialization for 'MESSolution.Generic' has timed out
	at org.springframework.osgi.extender.internal.dependencies.startup.DependencyWaiterApplicationContextExecutor.timeout(DependencyWaiterApplicationContextExecutor.java:454)
	at org.springframework.osgi.extender.internal.dependencies.startup.DependencyWaiterApplicationContextExecutor.access$000(DependencyWaiterApplicationContextExecutor.java:50)
	at org.springframework.osgi.extender.internal.dependencies.startup.DependencyWaiterApplicationContextExecutor$WatchDogTask.run(DependencyWaiterApplicationContextExecutor.java:105)
	at java.util.TimerThread.mainLoop(Timer.java:555)
	at java.util.TimerThread.run(Timer.java:505)
2022-01-11 11:40:14,448 [                    ] [                    ] [Start Level Event Dispatcher] [ INFO] [GreenFrameOsgiApplicationContextCreator.java:createApplicationContext:38] - Discovered configurations in bundle [greenTrack.Port.Service]  {osgibundle:/META-INF/spring/*.xml}
2022-01-11 11:40:14,474 [                    ] [                    ] [Start Level Event Dispatcher] [ INFO] [GreenFrameOsgiApplicationContextCreator.java:createApplicationContext:38] - Discovered configurations in bundle [greenTrack.Alarm.Service]  {osgibundle:/META-INF/spring/*.xml}
2022-01-11 11:40:14,476 [                    ] [                    ] [Start Level Event Dispatcher] [ INFO] [GreenFrameOsgiApplicationContextCreator.java:createApplicationContext:38] - Discovered configurations in bundle [greenTrack.Machine.Service]  {osgibundle:/META-INF/spring/*.xml}
2022-01-11 11:40:14,489 [                    ] [                    ] [Start Level Event Dispatcher] [ INFO] [GreenFrameOsgiApplicationContextCreator.java:createApplicationContext:38] - Discovered configurations in bundle [greenTrack.Consumable.Service]  {osgibundle:/META-INF/spring/*.xml}
2022-01-11 11:40:14,510 [                    ] [                    ] [Start Level Event Dispatcher] [ INFO] [GreenFrameOsgiApplicationContextCreator.java:createApplicationContext:38] - Discovered configurations in bundle [greenTrack.Generic.Service]  {osgibundle:/META-INF/spring/*.xml}
2022-01-11 11:40:14,538 [                    ] [                    ] [Start Level Event Dispatcher] [ INFO] [GreenFrameOsgiApplicationContextCreator.java:createApplicationContext:38] - Discovered configurations in bundle [greenTrack.DataCollection.Service]  {osgibundle:/META-INF/spring/*.xml}
2022-01-11 11:40:14,539 [                    ] [                    ] [Start Level Event Dispatcher] [ INFO] [GreenFrameOsgiApplicationContextCreator.java:createApplicationContext:38] - Discovered configurations in bundle [greenTrack.Name.Service]  {osgibundle:/META-INF/spring/*.xml}
2022-01-11 11:40:14,548 [                    ] [                    ] [Start Level Event Dispatcher] [ INFO] [GreenFrameOsgiApplicationContextCreator.java:createApplicationContext:38] - Discovered configurations in bundle [greenTrack.SPCControl.Service]  {osgibundle:/META-INF/spring/*.xml}
2022-01-11 11:40:14,551 [                    ] [                    ] [Start Level Event Dispatcher] [ INFO] [GreenFrameOsgiApplicationContextCreator.java:createApplicationContext:38] - Discovered configurations in bundle [greenTrack.Behavior.Service]  {osgibundle:/META-INF/spring/*.xml}
2022-01-11 11:40:14,552 [                    ] [                    ] [Start Level Event Dispatcher] [ INFO] [GreenFrameOsgiApplicationContextCreator.java:createApplicationContext:38] - Discovered configurations in bundle [greenTrack.Object.Service]  {osgibundle:/META-INF/spring/*.xml}
2022-01-11 11:40:14,554 [                    ] [                    ] [Start Level Event Dispatcher] [ INFO] [GreenFrameOsgiApplicationContextCreator.java:createApplicationContext:38] - Discovered configurations in bundle [greenTrack.Policy.Service]  {osgibundle:/META-INF/spring/*.xml}
2022-01-11 11:40:14,660 [                    ] [                    ] [Start Level Event Dispatcher] [ INFO] [GreenFrameOsgiApplicationContextCreator.java:createApplicationContext:38] - Discovered configurations in bundle [greenTrack.TransportGroup.Service]  {osgibundle:/META-INF/spring/*.xml}
2022-01-11 11:40:14,661 [                    ] [                    ] [Start Level Event Dispatcher] [ INFO] [GreenFrameOsgiApplicationContextCreator.java:createApplicationContext:38] - Discovered configurations in bundle [greenTrack.ProcessGroup.Service]  {osgibundle:/META-INF/spring/*.xml}
2022-01-11 11:40:14,664 [                    ] [                    ] [Start Level Event Dispatcher] [ INFO] [GreenFrameOsgiApplicationContextCreator.java:createApplicationContext:38] - Discovered configurations in bundle [greenTrack.Factory.Service]  {osgibundle:/META-INF/spring/*.xml}
2022-01-11 11:40:14,665 [                    ] [                    ] [Start Level Event Dispatcher] [ INFO] [GreenFrameOsgiApplicationContextCreator.java:createApplicationContext:38] - Discovered configurations in bundle [greenTrack.ProductRequest.Service]  {osgibundle:/META-INF/spring/*.xml}
2022-01-11 11:40:14,670 [                    ] [                    ] [Start Level Event Dispatcher] [ INFO] [GreenFrameOsgiApplicationContextCreator.java:createApplicationContext:38] - Discovered configurations in bundle [greenTrack.ProcessOperationSpec.Service]  {osgibundle:/META-INF/spring/*.xml}
2022-01-11 11:40:14,711 [                    ] [                    ] [Start Level Event Dispatcher] [ INFO] [GreenFrameOsgiApplicationContextCreator.java:createApplicationContext:38] - Discovered configurations in bundle [greenTrack.Product.Service]  {osgibundle:/META-INF/spring/*.xml}
2022-01-11 11:40:14,716 [                    ] [                    ] [Start Level Event Dispatcher] [ INFO] [GreenFrameOsgiApplicationContextCreator.java:createApplicationContext:38] - Discovered configurations in bundle [greenTrack.Durable.Service]  {osgibundle:/META-INF/spring/*.xml}
2022-01-11 11:40:14,785 [                    ] [                    ] [Start Level Event Dispatcher] [ INFO] [GreenFrameOsgiApplicationContextCreator.java:createApplicationContext:38] - Discovered configurations in bundle [greenTrack.User.Service]  {osgibundle:/META-INF/spring/*.xml}
2022-01-11 11:40:14,795 [                    ] [                    ] [Start Level Event Dispatcher] [ INFO] [GreenFrameOsgiApplicationContextCreator.java:createApplicationContext:38] - Discovered configurations in bundle [greenTrack.ProductRequestPlan.Service]  {osgibundle:/META-INF/spring/*.xml}
2022-01-11 11:40:14,796 [                    ] [                    ] [Start Level Event Dispatcher] [ INFO] [GreenFrameOsgiApplicationContextCreator.java:createApplicationContext:38] - Discovered configurations in bundle [greenTrack.Recipe.Service]  {osgibundle:/META-INF/spring/*.xml}
2022-01-11 11:40:14,799 [                    ] [                    ] [Start Level Event Dispatcher] [ INFO] [GreenFrameOsgiApplicationContextCreator.java:createApplicationContext:38] - Discovered configurations in bundle [greenTrack.Lot.Service]  {osgibundle:/META-INF/spring/*.xml}
2022-01-11 11:40:14,844 [                    ] [                    ] [Start Level Event Dispatcher] [ INFO] [GreenFrameOsgiApplicationContextCreator.java:createApplicationContext:38] - Discovered configurations in bundle [greenTrack.ProcessFlow.Service]  {osgibundle:/META-INF/spring/*.xml}
2022-01-11 11:40:14,848 [                    ] [                    ] [Start Level Event Dispatcher] [ INFO] [GreenFrameOsgiApplicationContextCreator.java:createApplicationContext:38] - Discovered configurations in bundle [MESSolution.FMC.Service]  {osgibundle:/META-INF/spring/*.xml}
2022-01-11 11:40:14,850 [                    ] [                    ] [Start Level Event Dispatcher] [ INFO] [GreenFrameOsgiApplicationContextCreator.java:createApplicationContext:38] - Discovered configurations in bundle [MESSolution.Durable.Service]  {osgibundle:/META-INF/spring/*.xml}
2022-01-11 11:40:14,854 [                    ] [                    ] [Start Level Event Dispatcher] [ INFO] [GreenFrameOsgiApplicationContextCreator.java:createApplicationContext:38] - Discovered configurations in bundle [greenFrame.formatter]  {META-INF/spring/*.xml, META-INF/spring/CNMsvr/*.xml}
2022-01-11 11:40:14,855 [                    ] [                    ] [Start Level Event Dispatcher] [ INFO] [GreenFrameOsgiApplicationContextCreator.java:createApplicationContext:38] - Discovered configurations in bundle [MESSolution.RMS.Service]  {osgibundle:/META-INF/spring/*.xml}
2022-01-11 11:40:14,857 [                    ] [                    ] [Start Level Event Dispatcher] [ INFO] [GreenFrameOsgiApplicationContextCreator.java:createApplicationContext:38] - Discovered configurations in bundle [MESSolution.Port.Service]  {osgibundle:/META-INF/spring/*.xml}
2022-01-11 11:40:14,859 [                    ] [                    ] [Start Level Event Dispatcher] [ INFO] [GreenFrameOsgiApplicationContextCreator.java:createApplicationContext:38] - Discovered configurations in bundle [MESSolution.Alarm.Service]  {osgibundle:/META-INF/spring/*.xml}
2022-01-11 11:40:14,861 [                    ] [                    ] [Start Level Event Dispatcher] [ INFO] [GreenFrameOsgiApplicationContextCreator.java:createApplicationContext:38] - Discovered configurations in bundle [MESSolution.Machine.Service]  {osgibundle:/META-INF/spring/*.xml}
2022-01-11 11:40:14,862 [                    ] [                    ] [Start Level Event Dispatcher] [ INFO] [GreenFrameOsgiApplicationContextCreator.java:createApplicationContext:38] - Discovered configurations in bundle [greenFrame.workflow]  {META-INF/spring/*.xml, META-INF/spring/CNMsvr/*.xml}
2022-01-11 11:40:14,864 [                    ] [                    ] [Start Level Event Dispatcher] [ INFO] [GreenFrameOsgiApplicationContextCreator.java:createApplicationContext:38] - Discovered configurations in bundle [MESSolution.ProductRequest.Service]  {osgibundle:/META-INF/spring/*.xml}
2022-01-11 11:40:14,866 [                    ] [                    ] [Start Level Event Dispatcher] [ INFO] [GreenFrameOsgiApplicationContextCreator.java:createApplicationContext:38] - Discovered configurations in bundle [MESSolution.ProcessGroup.Service]  {osgibundle:/META-INF/spring/*.xml}
2022-01-11 11:40:14,870 [                    ] [                    ] [Start Level Event Dispatcher] [ INFO] [GreenFrameOsgiApplicationContextCreator.java:createApplicationContext:38] - Discovered configurations in bundle [MESSolution.TransportJob.Service]  {osgibundle:/META-INF/spring/*.xml}
2022-01-11 11:40:14,873 [                    ] [                    ] [Start Level Event Dispatcher] [ INFO] [GreenFrameOsgiApplicationContextCreator.java:createApplicationContext:38] - Discovered configurations in bundle [MESSolution.Consumable.Service]  {osgibundle:/META-INF/spring/*.xml}
2022-01-11 11:40:14,874 [                    ] [                    ] [Start Level Event Dispatcher] [ INFO] [GreenFrameOsgiApplicationContextCreator.java:createApplicationContext:38] - Discovered configurations in bundle [MESSolution.Query.Service]  {osgibundle:/META-INF/spring/*.xml}
2022-01-11 11:40:14,876 [                    ] [                    ] [Start Level Event Dispatcher] [ INFO] [GreenFrameOsgiApplicationContextCreator.java:createApplicationContext:38] - Discovered configurations in bundle [MESSolution.Lot.Service]  {osgibundle:/META-INF/spring/*.xml}
2022-01-11 11:40:14,946 [                    ] [                    ] [Start Level Event Dispatcher] [ INFO] [GreenFrameOsgiApplicationContextCreator.java:createApplicationContext:38] - Discovered configurations in bundle [MESSolution.Extended.Object]  {osgibundle:/META-INF/spring/*.xml}
2022-01-11 11:40:14,948 [                    ] [                    ] [Start Level Event Dispatcher] [ INFO] [GreenFrameOsgiApplicationContextCreator.java:createApplicationContext:38] - Discovered configurations in bundle [MESSolution.Extended.Policy]  {osgibundle:/META-INF/spring/*.xml}
2022-01-11 11:40:14,950 [                    ] [                    ] [Start Level Event Dispatcher] [ INFO] [GreenFrameOsgiApplicationContextCreator.java:createApplicationContext:38] - Discovered configurations in bundle [MESSolution.Extended.WebInterface]  {osgibundle:/META-INF/spring/*.xml}
2022-01-11 11:40:14,971 [                    ] [                    ] [Start Level Event Dispatcher] [DEBUG] [GreenFrameConfigurationScanner.java:getConfigFiles:101] - greenFrame Configuration Absolute Path: D:\Project\V3_Source\eclipse\config [greenFrame.Infra]
2022-01-11 11:40:14,971 [                    ] [                    ] [Start Level Event Dispatcher] [ INFO] [GreenFrameConfigurationScanner.java:getConfigFiles:107] - No Configurations in D:\Project\V3_Source\eclipse\config. Searching configurations from inside the bundle [greenFrame.Infra]
2022-01-11 11:40:15,007 [                    ] [                    ] [Start Level Event Dispatcher] [DEBUG] [GreenFrameConfigurationScanner.java:getConfigFiles:101] - greenFrame Configuration Absolute Path: D:\Project\V3_Source\eclipse\config\CNMsvr [greenFrame.Infra]
2022-01-11 11:40:15,007 [                    ] [                    ] [Start Level Event Dispatcher] [ INFO] [GreenFrameConfigurationScanner.java:getConfigFiles:107] - No Configurations in D:\Project\V3_Source\eclipse\config\CNMsvr. Searching configurations from inside the bundle [greenFrame.Infra]
2022-01-11 11:40:15,008 [                    ] [                    ] [Start Level Event Dispatcher] [ INFO] [GreenFrameOsgiApplicationContextCreator.java:createApplicationContext:38] - Discovered configurations in bundle [greenFrame.Infra]  {osgibundle:config/*.xml, osgibundle:config/CNMsvr/*.xml}
2022-01-11 11:40:15,011 [                    ] [                    ] [Start Level Event Dispatcher] [ INFO] [GreenFrameOsgiApplicationContextCreator.java:createApplicationContext:38] - Discovered configurations in bundle [MESSolution.UserProfile.Service]  {osgibundle:/META-INF/spring/*.xml}
2022-01-11 11:40:15,013 [                    ] [                    ] [Start Level Event Dispatcher] [ INFO] [GreenFrameOsgiApplicationContextCreator.java:createApplicationContext:38] - Discovered configurations in bundle [MESSolution.DSP.Service]  {osgibundle:/META-INF/spring/*.xml}
2022-01-11 11:40:15,014 [                    ] [                    ] [Start Level Event Dispatcher] [ INFO] [GreenFrameOsgiApplicationContextCreator.java:createApplicationContext:38] - Discovered configurations in bundle [MESSolution.DataCollection.Service]  {osgibundle:/META-INF/spring/*.xml}
2022-01-11 11:40:15,016 [                    ] [                    ] [Start Level Event Dispatcher] [ INFO] [GreenFrameOsgiApplicationContextCreator.java:createApplicationContext:38] - Discovered configurations in bundle [MESSolution.PMS.Service]  {osgibundle:/META-INF/spring/*.xml}
2022-01-11 11:40:15,018 [                    ] [                    ] [Start Level Event Dispatcher] [ INFO] [GreenFrameOsgiApplicationContextCreator.java:createApplicationContext:38] - Discovered configurations in bundle [MESSolution.Product.Service]  {osgibundle:/META-INF/spring/*.xml}
2022-01-11 11:40:15,030 [                    ] [                    ] [Start Level Event Dispatcher] [ INFO] [GreenFrameOsgiApplicationContextCreator.java:createApplicationContext:38] - Discovered configurations in bundle [MESSolution.Generic]  {osgibundle:/META-INF/spring/*.xml}
2022-01-11 11:40:15,738 [                    ] [                    ] [SpringOsgiExtenderThread-85] [ INFO] [BpelProcessManager.java:createThreadPool:176] - Thead Pool [CORE=3 , MAX=5, QueueSize=0 , KEEP_ALIVE=500]
2022-01-11 11:40:16,152 [                    ] [                    ] [SpringOsgiExtenderThread-92] [DEBUG] [SQLLogUtil.java:logBeforeExecutingQuery:47] - SQL [select oad.typename, oad.position, oad.attributename, oad.primarykeyflag, oad.attributetype, oad.datatype, oad.defaultvalue,otd.extendedtflag 
from objectattributedef oad, objecttypedef otd where oad.attributetype = 'Standard' and oad.typename = otd.typename order by typename, position]
2022-01-11 11:40:16,227 [                    ] [                    ] [SpringOsgiExtenderThread-85] [ INFO] [CustomBpelExRepository.java:readBpels:223] - Target Bundle-Name [greenFrame.workflow] for greenFrame workflow service
2022-01-11 11:40:16,249 [                    ] [                    ] [SpringOsgiExtenderThread-85] [ INFO] [AbstractBpelRepository.java:addBpelProcess:42] - add complete [{http://bpel.aim.co.kr/bpelj/}dispatching.bpel@0]
2022-01-11 11:40:16,251 [                    ] [                    ] [SpringOsgiExtenderThread-85] [ WARN] [CustomBpelExRepository.java:startWatcher:393] - Could not create BpelWatcher
2022-01-11 11:40:16,674 [                    ] [                    ] [SpringOsgiExtenderThread-92] [DEBUG] [SQLLogUtil.java:logAfterExecutingQuery:67] - SQL query returned 2286 rows
2022-01-11 11:40:16,745 [                    ] [                    ] [SpringOsgiExtenderThread-92] [DEBUG] [SQLLogUtil.java:logBeforeExecutingQuery:47] - SQL [select oad.typename, oad.position, oad.attributename, oad.primarykeyflag, oad.attributetype, oad.datatype, oad.defaultvalue,otd.extendedtflag 
from objectattributedef oad, objecttypedef otd where oad.attributetype = 'ExtendedC' and oad.typename = otd.typename order by typename, position]
2022-01-11 11:40:16,867 [                    ] [                    ] [SpringOsgiExtenderThread-92] [DEBUG] [SQLLogUtil.java:logAfterExecutingQuery:67] - SQL query returned 622 rows
2022-01-11 11:40:16,873 [                    ] [                    ] [SpringOsgiExtenderThread-92] [DEBUG] [SQLLogUtil.java:logBeforeExecutingQuery:47] - SQL [select oad.typename, oad.position, oad.attributename, oad.primarykeyflag, oad.attributetype, oad.datatype, oad.defaultvalue,otd.extendedtflag 
from objectattributedef oad, objecttypedef otd where oad.attributetype = 'ExtendedT' and oad.typename = otd.typename order by typename, position]
2022-01-11 11:40:16,877 [                    ] [                    ] [SpringOsgiExtenderThread-92] [DEBUG] [SQLLogUtil.java:logAfterExecutingQuery:67] - SQL query returned 0 rows
2022-01-11 11:40:16,877 [                    ] [                    ] [SpringOsgiExtenderThread-92] [ INFO] [ObjectAttributeMap.java:load:125] - Completed to load ObjectAttributeMap
2022-01-11 11:40:16,878 [                    ] [                    ] [SpringOsgiExtenderThread-92] [DEBUG] [InfraServiceProxy.java:setApplicationContext:16] - Success Get AC
2022-01-11 11:40:17,041 [                    ] [                    ] [SpringOsgiExtenderThread-92] [ INFO] [TibDQAdaptor.java:open:300] - Advisory Listener initialized
2022-01-11 11:40:17,087 [                    ] [                    ] [SpringOsgiExtenderThread-92] [ INFO] [EventConfigurator.java:afterPropertiesSet:43] - event configurator initializing for [CNMsvr]
2022-01-11 11:40:17,088 [                    ] [                    ] [SpringOsgiExtenderThread-92] [ INFO] [EventConfigurator.java:afterPropertiesSet:46] - ClassMap load result : 0 rows
2022-01-11 11:40:17,144 [                    ] [                    ] [SpringOsgiExtenderThread-92] [ INFO] [DQListener.java:afterPropertiesSet:82] - ***********************************************************************************************
2022-01-11 11:40:17,145 [                    ] [                    ] [SpringOsgiExtenderThread-92] [ INFO] [DQListener.java:afterPropertiesSet:83] - <MessageListener> SubjectName=VISIONOX.V3.MES.DEVsjlee.FAB.CNMsvr Service=8400, Network=;225.11.11.4, Daemon=, WorkerWeight=2, WorkerTasks=1, SchedulerWeight=20, SchedulerHeartbeat=3.0, SchedulerActivation=5.0
2022-01-11 11:40:17,145 [                    ] [                    ] [SpringOsgiExtenderThread-92] [ INFO] [DQListener.java:afterPropertiesSet:102] - ***********************************************************************************************
2022-01-11 11:40:17,150 [                    ] [                    ] [SpringOsgiExtenderThread-92] [ INFO] [TibDQAdaptor.java:open:429] - Initialized kr.co.aim.greenframe.esb.tibco.DQListener TIBCO Adaptor
2022-01-11 11:45:14,851 [                    ] [                    ] [Timer-0] [ WARN] [DependencyWaiterApplicationContextExecutor.java:timeout:445] - Timeout occurred before finding service dependencies for [OsgiBundleXmlApplicationContext(bundle=greenTrack.Generic.Service, config=osgibundle:/META-INF/spring/*.xml)]
2022-01-11 11:45:14,854 [                    ] [                    ] [Timer-0] [ERROR] [DependencyWaiterApplicationContextExecutor.java:fail:424] - Unable to create application context for [greenTrack.Generic.Service], unsatisfied dependencies: Dependency on [(objectClass=kr.co.aim.greentrack.generic.orm.SqlMesTemplate)] (from bean [&SqlMesTemplate])
org.springframework.context.ApplicationContextException: Application context initialization for 'greenTrack.Generic.Service' has timed out
	at org.springframework.osgi.extender.internal.dependencies.startup.DependencyWaiterApplicationContextExecutor.timeout(DependencyWaiterApplicationContextExecutor.java:454)
	at org.springframework.osgi.extender.internal.dependencies.startup.DependencyWaiterApplicationContextExecutor.access$000(DependencyWaiterApplicationContextExecutor.java:50)
	at org.springframework.osgi.extender.internal.dependencies.startup.DependencyWaiterApplicationContextExecutor$WatchDogTask.run(DependencyWaiterApplicationContextExecutor.java:105)
	at java.util.TimerThread.mainLoop(Timer.java:555)
	at java.util.TimerThread.run(Timer.java:505)
2022-01-11 11:45:14,861 [                    ] [                    ] [Timer-0] [ERROR] [DefaultOsgiBundleApplicationContextListener.java:onOsgiApplicationEvent:50] - Application context refresh failed (OsgiBundleXmlApplicationContext(bundle=greenTrack.Generic.Service, config=osgibundle:/META-INF/spring/*.xml))
org.springframework.context.ApplicationContextException: Application context initialization for 'greenTrack.Generic.Service' has timed out
	at org.springframework.osgi.extender.internal.dependencies.startup.DependencyWaiterApplicationContextExecutor.timeout(DependencyWaiterApplicationContextExecutor.java:454)
	at org.springframework.osgi.extender.internal.dependencies.startup.DependencyWaiterApplicationContextExecutor.access$000(DependencyWaiterApplicationContextExecutor.java:50)
	at org.springframework.osgi.extender.internal.dependencies.startup.DependencyWaiterApplicationContextExecutor$WatchDogTask.run(DependencyWaiterApplicationContextExecutor.java:105)
	at java.util.TimerThread.mainLoop(Timer.java:555)
	at java.util.TimerThread.run(Timer.java:505)
2022-01-11 11:45:15,701 [                    ] [                    ] [Timer-0] [ WARN] [DependencyWaiterApplicationContextExecutor.java:timeout:445] - Timeout occurred before finding service dependencies for [OsgiBundleXmlApplicationContext(bundle=MESSolution.Generic, config=osgibundle:/META-INF/spring/*.xml)]
2022-01-11 11:45:15,701 [                    ] [                    ] [Timer-0] [ERROR] [DependencyWaiterApplicationContextExecutor.java:fail:424] - Unable to create application context for [MESSolution.Generic], unsatisfied dependencies: Dependency on [(objectClass=kr.co.aim.greentrack.generic.master.ConstantMap)] (from bean [&ntConstantMap])
org.springframework.context.ApplicationContextException: Application context initialization for 'MESSolution.Generic' has timed out
	at org.springframework.osgi.extender.internal.dependencies.startup.DependencyWaiterApplicationContextExecutor.timeout(DependencyWaiterApplicationContextExecutor.java:454)
	at org.springframework.osgi.extender.internal.dependencies.startup.DependencyWaiterApplicationContextExecutor.access$000(DependencyWaiterApplicationContextExecutor.java:50)
	at org.springframework.osgi.extender.internal.dependencies.startup.DependencyWaiterApplicationContextExecutor$WatchDogTask.run(DependencyWaiterApplicationContextExecutor.java:105)
	at java.util.TimerThread.mainLoop(Timer.java:555)
	at java.util.TimerThread.run(Timer.java:505)
2022-01-11 11:45:15,701 [                    ] [                    ] [Timer-0] [ERROR] [DefaultOsgiBundleApplicationContextListener.java:onOsgiApplicationEvent:50] - Application context refresh failed (OsgiBundleXmlApplicationContext(bundle=MESSolution.Generic, config=osgibundle:/META-INF/spring/*.xml))
org.springframework.context.ApplicationContextException: Application context initialization for 'MESSolution.Generic' has timed out
	at org.springframework.osgi.extender.internal.dependencies.startup.DependencyWaiterApplicationContextExecutor.timeout(DependencyWaiterApplicationContextExecutor.java:454)
	at org.springframework.osgi.extender.internal.dependencies.startup.DependencyWaiterApplicationContextExecutor.access$000(DependencyWaiterApplicationContextExecutor.java:50)
	at org.springframework.osgi.extender.internal.dependencies.startup.DependencyWaiterApplicationContextExecutor$WatchDogTask.run(DependencyWaiterApplicationContextExecutor.java:105)
	at java.util.TimerThread.mainLoop(Timer.java:555)
	at java.util.TimerThread.run(Timer.java:505)
