2022-01-11 16:12:19,318 [                    ] [                    ] [Start Level Event Dispatcher] [ INFO] [GreenFrameOsgiApplicationContextCreator.java:createApplicationContext:38] - Discovered configurations in bundle [MESSolution.FMC.Service]  {osgibundle:/META-INF/spring/*.xml}
2022-01-11 16:12:19,333 [                    ] [                    ] [Start Level Event Dispatcher] [ INFO] [GreenFrameOsgiApplicationContextCreator.java:createApplicationContext:38] - Discovered configurations in bundle [MESSolution.Durable.Service]  {osgibundle:/META-INF/spring/*.xml}
2022-01-11 16:12:19,333 [                    ] [                    ] [Start Level Event Dispatcher] [ INFO] [GreenFrameOsgiApplicationContextCreator.java:createApplicationContext:38] - Discovered configurations in bundle [greenFrame.formatter]  {META-INF/spring/*.xml, META-INF/spring/CNMsvr/*.xml}
2022-01-11 16:12:19,349 [                    ] [                    ] [Start Level Event Dispatcher] [ INFO] [GreenFrameOsgiApplicationContextCreator.java:createApplicationContext:38] - Discovered configurations in bundle [MESSolution.RMS.Service]  {osgibundle:/META-INF/spring/*.xml}
2022-01-11 16:12:19,349 [                    ] [                    ] [Start Level Event Dispatcher] [ INFO] [GreenFrameOsgiApplicationContextCreator.java:createApplicationContext:38] - Discovered configurations in bundle [MESSolution.Port.Service]  {osgibundle:/META-INF/spring/*.xml}
2022-01-11 16:12:19,349 [                    ] [                    ] [Start Level Event Dispatcher] [ INFO] [GreenFrameOsgiApplicationContextCreator.java:createApplicationContext:38] - Discovered configurations in bundle [MESSolution.Alarm.Service]  {osgibundle:/META-INF/spring/*.xml}
2022-01-11 16:12:19,354 [                    ] [                    ] [Start Level Event Dispatcher] [ INFO] [GreenFrameOsgiApplicationContextCreator.java:createApplicationContext:38] - Discovered configurations in bundle [MESSolution.Machine.Service]  {osgibundle:/META-INF/spring/*.xml}
2022-01-11 16:12:19,354 [                    ] [                    ] [Start Level Event Dispatcher] [ INFO] [GreenFrameOsgiApplicationContextCreator.java:createApplicationContext:38] - Discovered configurations in bundle [greenFrame.workflow]  {META-INF/spring/*.xml, META-INF/spring/CNMsvr/*.xml}
2022-01-11 16:12:19,354 [                    ] [                    ] [Start Level Event Dispatcher] [ INFO] [GreenFrameOsgiApplicationContextCreator.java:createApplicationContext:38] - Discovered configurations in bundle [MESSolution.ProductRequest.Service]  {osgibundle:/META-INF/spring/*.xml}
2022-01-11 16:12:19,370 [                    ] [                    ] [Start Level Event Dispatcher] [ INFO] [GreenFrameOsgiApplicationContextCreator.java:createApplicationContext:38] - Discovered configurations in bundle [MESSolution.ProcessGroup.Service]  {osgibundle:/META-INF/spring/*.xml}
2022-01-11 16:12:19,370 [                    ] [                    ] [Start Level Event Dispatcher] [ INFO] [GreenFrameOsgiApplicationContextCreator.java:createApplicationContext:38] - Discovered configurations in bundle [MESSolution.TransportJob.Service]  {osgibundle:/META-INF/spring/*.xml}
2022-01-11 16:12:19,370 [                    ] [                    ] [Start Level Event Dispatcher] [ INFO] [GreenFrameOsgiApplicationContextCreator.java:createApplicationContext:38] - Discovered configurations in bundle [MESSolution.Consumable.Service]  {osgibundle:/META-INF/spring/*.xml}
2022-01-11 16:12:19,370 [                    ] [                    ] [Start Level Event Dispatcher] [ INFO] [GreenFrameOsgiApplicationContextCreator.java:createApplicationContext:38] - Discovered configurations in bundle [MESSolution.Query.Service]  {osgibundle:/META-INF/spring/*.xml}
2022-01-11 16:12:19,370 [                    ] [                    ] [Start Level Event Dispatcher] [ INFO] [GreenFrameOsgiApplicationContextCreator.java:createApplicationContext:38] - Discovered configurations in bundle [MESSolution.Lot.Service]  {osgibundle:/META-INF/spring/*.xml}
2022-01-11 16:12:19,370 [                    ] [                    ] [Start Level Event Dispatcher] [ INFO] [GreenFrameOsgiApplicationContextCreator.java:createApplicationContext:38] - Discovered configurations in bundle [MESSolution.Extended.Object]  {osgibundle:/META-INF/spring/*.xml}
2022-01-11 16:12:19,370 [                    ] [                    ] [Start Level Event Dispatcher] [ INFO] [GreenFrameOsgiApplicationContextCreator.java:createApplicationContext:38] - Discovered configurations in bundle [MESSolution.Extended.Policy]  {osgibundle:/META-INF/spring/*.xml}
2022-01-11 16:12:19,385 [                    ] [                    ] [Start Level Event Dispatcher] [ INFO] [GreenFrameOsgiApplicationContextCreator.java:createApplicationContext:38] - Discovered configurations in bundle [MESSolution.Extended.WebInterface]  {osgibundle:/META-INF/spring/*.xml}
2022-01-11 16:12:19,385 [                    ] [                    ] [Start Level Event Dispatcher] [ INFO] [GreenFrameOsgiApplicationContextCreator.java:createApplicationContext:38] - Discovered configurations in bundle [MESSolution.UserProfile.Service]  {osgibundle:/META-INF/spring/*.xml}
2022-01-11 16:12:19,385 [                    ] [                    ] [Start Level Event Dispatcher] [ INFO] [GreenFrameOsgiApplicationContextCreator.java:createApplicationContext:38] - Discovered configurations in bundle [MESSolution.DSP.Service]  {osgibundle:/META-INF/spring/*.xml}
2022-01-11 16:12:19,385 [                    ] [                    ] [Start Level Event Dispatcher] [ INFO] [GreenFrameOsgiApplicationContextCreator.java:createApplicationContext:38] - Discovered configurations in bundle [MESSolution.DataCollection.Service]  {osgibundle:/META-INF/spring/*.xml}
2022-01-11 16:12:19,385 [                    ] [                    ] [Start Level Event Dispatcher] [ INFO] [GreenFrameOsgiApplicationContextCreator.java:createApplicationContext:38] - Discovered configurations in bundle [MESSolution.PMS.Service]  {osgibundle:/META-INF/spring/*.xml}
2022-01-11 16:12:19,385 [                    ] [                    ] [Start Level Event Dispatcher] [ INFO] [GreenFrameOsgiApplicationContextCreator.java:createApplicationContext:38] - Discovered configurations in bundle [MESSolution.Product.Service]  {osgibundle:/META-INF/spring/*.xml}
2022-01-11 16:12:19,385 [                    ] [                    ] [Start Level Event Dispatcher] [ INFO] [GreenFrameOsgiApplicationContextCreator.java:createApplicationContext:38] - Discovered configurations in bundle [greenTrack.DataCollection.Service]  {osgibundle:/META-INF/spring/*.xml}
2022-01-11 16:12:19,385 [                    ] [                    ] [Start Level Event Dispatcher] [ INFO] [GreenFrameOsgiApplicationContextCreator.java:createApplicationContext:38] - Discovered configurations in bundle [greenTrack.Machine.Service]  {osgibundle:/META-INF/spring/*.xml}
2022-01-11 16:12:19,432 [                    ] [                    ] [Start Level Event Dispatcher] [ INFO] [GreenFrameOsgiApplicationContextCreator.java:createApplicationContext:38] - Discovered configurations in bundle [greenTrack.Behavior.Service]  {osgibundle:/META-INF/spring/*.xml}
2022-01-11 16:12:19,432 [                    ] [                    ] [Start Level Event Dispatcher] [ INFO] [GreenFrameOsgiApplicationContextCreator.java:createApplicationContext:38] - Discovered configurations in bundle [greenTrack.TransportGroup.Service]  {osgibundle:/META-INF/spring/*.xml}
2022-01-11 16:12:19,456 [                    ] [                    ] [Start Level Event Dispatcher] [ INFO] [GreenFrameOsgiApplicationContextCreator.java:createApplicationContext:38] - Discovered configurations in bundle [greenTrack.Recipe.Service]  {osgibundle:/META-INF/spring/*.xml}
2022-01-11 16:12:19,477 [                    ] [                    ] [Start Level Event Dispatcher] [ INFO] [GreenFrameOsgiApplicationContextCreator.java:createApplicationContext:38] - Discovered configurations in bundle [greenTrack.Factory.Service]  {osgibundle:/META-INF/spring/*.xml}
2022-01-11 16:12:19,477 [                    ] [                    ] [Start Level Event Dispatcher] [ INFO] [GreenFrameOsgiApplicationContextCreator.java:createApplicationContext:38] - Discovered configurations in bundle [greenTrack.Alarm.Service]  {osgibundle:/META-INF/spring/*.xml}
2022-01-11 16:12:19,477 [                    ] [                    ] [Start Level Event Dispatcher] [ INFO] [GreenFrameOsgiApplicationContextCreator.java:createApplicationContext:38] - Discovered configurations in bundle [greenTrack.Consumable.Service]  {osgibundle:/META-INF/spring/*.xml}
2022-01-11 16:12:19,485 [                    ] [                    ] [Start Level Event Dispatcher] [ INFO] [GreenFrameOsgiApplicationContextCreator.java:createApplicationContext:38] - Discovered configurations in bundle [greenTrack.Durable.Service]  {osgibundle:/META-INF/spring/*.xml}
2022-01-11 16:12:19,485 [                    ] [                    ] [Start Level Event Dispatcher] [ INFO] [GreenFrameOsgiApplicationContextCreator.java:createApplicationContext:38] - Discovered configurations in bundle [greenTrack.Product.Service]  {osgibundle:/META-INF/spring/*.xml}
2022-01-11 16:12:19,497 [                    ] [                    ] [Start Level Event Dispatcher] [ INFO] [GreenFrameOsgiApplicationContextCreator.java:createApplicationContext:38] - Discovered configurations in bundle [greenTrack.Policy.Service]  {osgibundle:/META-INF/spring/*.xml}
2022-01-11 16:12:19,537 [                    ] [                    ] [Start Level Event Dispatcher] [DEBUG] [GreenFrameConfigurationScanner.java:getConfigFiles:101] - greenFrame Configuration Absolute Path: D:\Project\V3_Source\eclipse\config [greenFrame.Infra]
2022-01-11 16:12:19,537 [                    ] [                    ] [Start Level Event Dispatcher] [ INFO] [GreenFrameConfigurationScanner.java:getConfigFiles:107] - No Configurations in D:\Project\V3_Source\eclipse\config. Searching configurations from inside the bundle [greenFrame.Infra]
2022-01-11 16:12:19,537 [                    ] [                    ] [Start Level Event Dispatcher] [DEBUG] [GreenFrameConfigurationScanner.java:getConfigFiles:101] - greenFrame Configuration Absolute Path: D:\Project\V3_Source\eclipse\config\CNMsvr [greenFrame.Infra]
2022-01-11 16:12:19,537 [                    ] [                    ] [Start Level Event Dispatcher] [ INFO] [GreenFrameConfigurationScanner.java:getConfigFiles:107] - No Configurations in D:\Project\V3_Source\eclipse\config\CNMsvr. Searching configurations from inside the bundle [greenFrame.Infra]
2022-01-11 16:12:19,537 [                    ] [                    ] [Start Level Event Dispatcher] [ INFO] [GreenFrameOsgiApplicationContextCreator.java:createApplicationContext:38] - Discovered configurations in bundle [greenFrame.Infra]  {osgibundle:config/*.xml, osgibundle:config/CNMsvr/*.xml}
2022-01-11 16:12:19,545 [                    ] [                    ] [Start Level Event Dispatcher] [ INFO] [GreenFrameOsgiApplicationContextCreator.java:createApplicationContext:38] - Discovered configurations in bundle [MESSolution.Generic]  {osgibundle:/META-INF/spring/*.xml}
2022-01-11 16:12:19,547 [                    ] [                    ] [Start Level Event Dispatcher] [ INFO] [GreenFrameOsgiApplicationContextCreator.java:createApplicationContext:38] - Discovered configurations in bundle [greenTrack.ProductRequestPlan.Service]  {osgibundle:/META-INF/spring/*.xml}
2022-01-11 16:12:19,547 [                    ] [                    ] [Start Level Event Dispatcher] [ INFO] [GreenFrameOsgiApplicationContextCreator.java:createApplicationContext:38] - Discovered configurations in bundle [greenTrack.Object.Service]  {osgibundle:/META-INF/spring/*.xml}
2022-01-11 16:12:19,547 [                    ] [                    ] [Start Level Event Dispatcher] [ INFO] [GreenFrameOsgiApplicationContextCreator.java:createApplicationContext:38] - Discovered configurations in bundle [greenTrack.Port.Service]  {osgibundle:/META-INF/spring/*.xml}
2022-01-11 16:12:19,668 [                    ] [                    ] [Start Level Event Dispatcher] [ INFO] [GreenFrameOsgiApplicationContextCreator.java:createApplicationContext:38] - Discovered configurations in bundle [greenTrack.ProcessOperationSpec.Service]  {osgibundle:/META-INF/spring/*.xml}
2022-01-11 16:12:19,668 [                    ] [                    ] [Start Level Event Dispatcher] [ INFO] [GreenFrameOsgiApplicationContextCreator.java:createApplicationContext:38] - Discovered configurations in bundle [greenTrack.ProcessFlow.Service]  {osgibundle:/META-INF/spring/*.xml}
2022-01-11 16:12:19,677 [                    ] [                    ] [Start Level Event Dispatcher] [ INFO] [GreenFrameOsgiApplicationContextCreator.java:createApplicationContext:38] - Discovered configurations in bundle [greenTrack.User.Service]  {osgibundle:/META-INF/spring/*.xml}
2022-01-11 16:12:19,679 [                    ] [                    ] [Start Level Event Dispatcher] [ INFO] [GreenFrameOsgiApplicationContextCreator.java:createApplicationContext:38] - Discovered configurations in bundle [greenTrack.Lot.Service]  {osgibundle:/META-INF/spring/*.xml}
2022-01-11 16:12:19,679 [                    ] [                    ] [Start Level Event Dispatcher] [ INFO] [GreenFrameOsgiApplicationContextCreator.java:createApplicationContext:38] - Discovered configurations in bundle [greenTrack.SPCControl.Service]  {osgibundle:/META-INF/spring/*.xml}
2022-01-11 16:12:19,697 [                    ] [                    ] [Start Level Event Dispatcher] [ INFO] [GreenFrameOsgiApplicationContextCreator.java:createApplicationContext:38] - Discovered configurations in bundle [greenTrack.Name.Service]  {osgibundle:/META-INF/spring/*.xml}
2022-01-11 16:12:19,699 [                    ] [                    ] [Start Level Event Dispatcher] [ INFO] [GreenFrameOsgiApplicationContextCreator.java:createApplicationContext:38] - Discovered configurations in bundle [greenTrack.ProductRequest.Service]  {osgibundle:/META-INF/spring/*.xml}
2022-01-11 16:12:19,780 [                    ] [                    ] [Start Level Event Dispatcher] [ INFO] [GreenFrameOsgiApplicationContextCreator.java:createApplicationContext:38] - Discovered configurations in bundle [greenTrack.ProcessGroup.Service]  {osgibundle:/META-INF/spring/*.xml}
2022-01-11 16:12:19,810 [                    ] [                    ] [Start Level Event Dispatcher] [ INFO] [GreenFrameOsgiApplicationContextCreator.java:createApplicationContext:38] - Discovered configurations in bundle [greenTrack.Generic.Service]  {osgibundle:/META-INF/spring/*.xml}
2022-01-11 16:12:20,548 [                    ] [                    ] [SpringOsgiExtenderThread-81] [ INFO] [BpelProcessManager.java:createThreadPool:176] - Thead Pool [CORE=3 , MAX=5, QueueSize=0 , KEEP_ALIVE=500]
2022-01-11 16:12:21,112 [                    ] [                    ] [SpringOsgiExtenderThread-81] [ INFO] [CustomBpelExRepository.java:readBpels:223] - Target Bundle-Name [greenFrame.workflow] for greenFrame workflow service
2022-01-11 16:12:21,134 [                    ] [                    ] [SpringOsgiExtenderThread-81] [ INFO] [AbstractBpelRepository.java:addBpelProcess:42] - add complete [{http://bpel.aim.co.kr/bpelj/}dispatching.bpel@0]
2022-01-11 16:12:21,134 [                    ] [                    ] [SpringOsgiExtenderThread-81] [ WARN] [CustomBpelExRepository.java:startWatcher:393] - Could not create BpelWatcher
2022-01-11 16:12:21,225 [                    ] [                    ] [SpringOsgiExtenderThread-90] [DEBUG] [SQLLogUtil.java:logBeforeExecutingQuery:47] - SQL [select oad.typename, oad.position, oad.attributename, oad.primarykeyflag, oad.attributetype, oad.datatype, oad.defaultvalue,otd.extendedtflag 
from objectattributedef oad, objecttypedef otd where oad.attributetype = 'Standard' and oad.typename = otd.typename order by typename, position]
2022-01-11 16:12:21,651 [                    ] [                    ] [SpringOsgiExtenderThread-90] [DEBUG] [SQLLogUtil.java:logAfterExecutingQuery:67] - SQL query returned 2286 rows
2022-01-11 16:12:21,671 [                    ] [                    ] [SpringOsgiExtenderThread-90] [DEBUG] [SQLLogUtil.java:logBeforeExecutingQuery:47] - SQL [select oad.typename, oad.position, oad.attributename, oad.primarykeyflag, oad.attributetype, oad.datatype, oad.defaultvalue,otd.extendedtflag 
from objectattributedef oad, objecttypedef otd where oad.attributetype = 'ExtendedC' and oad.typename = otd.typename order by typename, position]
2022-01-11 16:12:21,791 [                    ] [                    ] [SpringOsgiExtenderThread-90] [DEBUG] [SQLLogUtil.java:logAfterExecutingQuery:67] - SQL query returned 622 rows
2022-01-11 16:12:21,801 [                    ] [                    ] [SpringOsgiExtenderThread-90] [DEBUG] [SQLLogUtil.java:logBeforeExecutingQuery:47] - SQL [select oad.typename, oad.position, oad.attributename, oad.primarykeyflag, oad.attributetype, oad.datatype, oad.defaultvalue,otd.extendedtflag 
from objectattributedef oad, objecttypedef otd where oad.attributetype = 'ExtendedT' and oad.typename = otd.typename order by typename, position]
2022-01-11 16:12:21,803 [                    ] [                    ] [SpringOsgiExtenderThread-90] [DEBUG] [SQLLogUtil.java:logAfterExecutingQuery:67] - SQL query returned 0 rows
2022-01-11 16:12:21,803 [                    ] [                    ] [SpringOsgiExtenderThread-90] [ INFO] [ObjectAttributeMap.java:load:125] - Completed to load ObjectAttributeMap
2022-01-11 16:12:21,803 [                    ] [                    ] [SpringOsgiExtenderThread-90] [DEBUG] [InfraServiceProxy.java:setApplicationContext:16] - Success Get AC
2022-01-11 16:12:21,812 [                    ] [                    ] [SpringOsgiExtenderThread-90] [DEBUG] [SQLLogUtil.java:logBeforeExecutingQuery:47] - SQL [select constantName, constantValue
 from ConstantDef where cacheFlag = 'Y' ORDER BY constantName]
2022-01-11 16:12:21,824 [                    ] [                    ] [SpringOsgiExtenderThread-90] [DEBUG] [SQLLogUtil.java:logAfterExecutingQuery:67] - SQL query returned 172 rows
2022-01-11 16:12:21,832 [                    ] [                    ] [SpringOsgiExtenderThread-90] [ INFO] [AbstractConstantMap.java:load:316] - Load AbstractConstantMap successfully.
2022-01-11 16:12:21,832 [                    ] [                    ] [SpringOsgiExtenderThread-90] [ INFO] [ConstantMap.java:load:49] - Load Custom Common ConstantMap successfully.
2022-01-11 16:12:22,015 [                    ] [                    ] [SpringOsgiExtenderThread-90] [ INFO] [TibDQAdaptor.java:open:300] - Advisory Listener initialized
2022-01-11 16:12:22,067 [                    ] [                    ] [SpringOsgiExtenderThread-90] [ INFO] [EventConfigurator.java:afterPropertiesSet:43] - event configurator initializing for [CNMsvr]
2022-01-11 16:12:22,067 [                    ] [                    ] [SpringOsgiExtenderThread-90] [ INFO] [EventConfigurator.java:afterPropertiesSet:46] - ClassMap load result : 0 rows
2022-01-11 16:12:22,116 [                    ] [                    ] [SpringOsgiExtenderThread-90] [ INFO] [DQListener.java:afterPropertiesSet:82] - ***********************************************************************************************
2022-01-11 16:12:22,116 [                    ] [                    ] [SpringOsgiExtenderThread-90] [ INFO] [DQListener.java:afterPropertiesSet:83] - <MessageListener> SubjectName=VISIONOX.V3.MES.DEVsjlee.FAB.CNMsvr Service=8400, Network=;225.11.11.4, Daemon=, WorkerWeight=2, WorkerTasks=1, SchedulerWeight=20, SchedulerHeartbeat=3.0, SchedulerActivation=5.0
2022-01-11 16:12:22,116 [                    ] [                    ] [SpringOsgiExtenderThread-90] [ INFO] [DQListener.java:afterPropertiesSet:102] - ***********************************************************************************************
2022-01-11 16:12:22,131 [                    ] [                    ] [SpringOsgiExtenderThread-90] [ INFO] [TibDQAdaptor.java:open:429] - Initialized kr.co.aim.greenframe.esb.tibco.DQListener TIBCO Adaptor
2022-01-11 16:12:22,162 [                    ] [                    ] [SpringOsgiExtenderThread-94] [DEBUG] [SQLLogUtil.java:logBeforeExecutingQuery:47] - SQL [SELECT EDV.ENUMVALUE AS MAPKEY, CD.constantValue AS MAPVALUE 
 FROM ENUMDEF ED, ENUMDEFVALUE EDV, CONSTANTDEF CD 
 WHERE ED.ENUMNAME = EDV.ENUMNAME AND ED.ENUMNAME = 'MailServerInfo' AND EDV.ENUMVALUE = CD.CONSTANTNAME(+) ORDER BY ENUMVALUE]
2022-01-11 16:12:22,162 [                    ] [                    ] [SpringOsgiExtenderThread-94] [DEBUG] [SQLLogUtil.java:logAfterExecutingQuery:67] - SQL query returned 4 rows
2022-01-11 16:12:22,178 [                    ] [                    ] [SpringOsgiExtenderThread-93] [DEBUG] [SQLLogUtil.java:logBeforeExecutingQuery:47] - SQL [select ED.enumname, EV.enumvalue, ED.usage, ED.constantflag, EV.defaultflag, EV.description from enumdef ED, enumdefvalue EV 
where ED.enumname = EV.enumname and ED.enumname != 'Usage' order by ED.usage]
2022-01-11 16:12:22,263 [                    ] [                    ] [SpringOsgiExtenderThread-94] [DEBUG] [GenericServiceProxy.java:setApplicationContext:35] - Success Get AC
2022-01-11 16:12:22,278 [                    ] [                    ] [SpringOsgiExtenderThread-93] [DEBUG] [SQLLogUtil.java:logAfterExecutingQuery:67] - SQL query returned 2160 rows
2022-01-11 16:12:22,310 [                    ] [                    ] [SpringOsgiExtenderThread-93] [ INFO] [EnumMap.java:load:82] - Loading to completed [size=2160]
2022-01-11 16:12:22,311 [                    ] [                    ] [SpringOsgiExtenderThread-93] [DEBUG] [SQLLogUtil.java:logBeforeExecutingQuery:47] - SQL [select * from objectbehaviorvalidation order by behaviorname]
2022-01-11 16:12:22,363 [                    ] [                    ] [SpringOsgiExtenderThread-93] [DEBUG] [SQLLogUtil.java:logAfterExecutingQuery:67] - SQL query returned 1379 rows
2022-01-11 16:12:22,363 [                    ] [                    ] [SpringOsgiExtenderThread-93] [ INFO] [ObjectBehaviorValidationMap.java:load:93] - Completed to load ObjectBehaviorValidationMap
2022-01-11 16:12:52,272 [                    ] [                    ] [SpringOsgiExtenderThread-94] [DEBUG] [greenFrameErrorSignal.java:<init>:51] - NoDefineServiceBean: kr.co.aim.greentrack.generic.master.AbstractConstantMap
2022-01-11 16:12:52,275 [                    ] [                    ] [SpringOsgiExtenderThread-94] [ERROR] [DefaultOsgiBundleApplicationContextListener.java:onOsgiApplicationEvent:50] - Application context refresh failed (OsgiBundleXmlApplicationContext(bundle=MESSolution.Generic, config=osgibundle:/META-INF/spring/*.xml))
org.springframework.beans.factory.BeanCreationException: Error creating bean with name 'org.springframework.osgi.service.exporter.support.OsgiServiceFactoryBean#5': Invocation of init method failed; nested exception is org.springframework.beans.factory.BeanCreationException: Error creating bean with name 'ConstantMap' defined in URL [bundleentry://116.fwk1585143854/META-INF/spring/MESSolution.Generic.service.xml]: Invocation of init method failed; nested exception is kr.co.aim.greenframe.exception.greenFrameErrorSignal: NoDefineServiceBean: kr.co.aim.greentrack.generic.master.AbstractConstantMap
	at org.springframework.beans.factory.support.AbstractAutowireCapableBeanFactory.initializeBean(AbstractAutowireCapableBeanFactory.java:1338)
	at org.springframework.beans.factory.support.AbstractAutowireCapableBeanFactory.doCreateBean(AbstractAutowireCapableBeanFactory.java:473)
	at org.springframework.beans.factory.support.AbstractAutowireCapableBeanFactory$1.run(AbstractAutowireCapableBeanFactory.java:409)
	at java.security.AccessController.doPrivileged(Native Method)
	at org.springframework.beans.factory.support.AbstractAutowireCapableBeanFactory.createBean(AbstractAutowireCapableBeanFactory.java:380)
	at org.springframework.beans.factory.support.AbstractBeanFactory$1.getObject(AbstractBeanFactory.java:264)
	at org.springframework.beans.factory.support.DefaultSingletonBeanRegistry.getSingleton(DefaultSingletonBeanRegistry.java:222)
	at org.springframework.beans.factory.support.AbstractBeanFactory.doGetBean(AbstractBeanFactory.java:261)
	at org.springframework.beans.factory.support.AbstractBeanFactory.getBean(AbstractBeanFactory.java:185)
	at org.springframework.beans.factory.support.AbstractBeanFactory.getBean(AbstractBeanFactory.java:164)
	at org.springframework.beans.factory.support.DefaultListableBeanFactory.preInstantiateSingletons(DefaultListableBeanFactory.java:423)
	at org.springframework.context.support.AbstractApplicationContext.finishBeanFactoryInitialization(AbstractApplicationContext.java:728)
	at org.springframework.osgi.context.support.AbstractDelegatedExecutionApplicationContext.access$1600(AbstractDelegatedExecutionApplicationContext.java:69)
	at org.springframework.osgi.context.support.AbstractDelegatedExecutionApplicationContext$4.run(AbstractDelegatedExecutionApplicationContext.java:355)
	at org.springframework.osgi.util.internal.PrivilegedUtils.executeWithCustomTCCL(PrivilegedUtils.java:85)
	at org.springframework.osgi.context.support.AbstractDelegatedExecutionApplicationContext.completeRefresh(AbstractDelegatedExecutionApplicationContext.java:320)
	at org.springframework.osgi.extender.internal.dependencies.startup.DependencyWaiterApplicationContextExecutor$CompleteRefreshTask.run(DependencyWaiterApplicationContextExecutor.java:132)
	at java.lang.Thread.run(Thread.java:745)
Caused by: org.springframework.beans.factory.BeanCreationException: Error creating bean with name 'ConstantMap' defined in URL [bundleentry://116.fwk1585143854/META-INF/spring/MESSolution.Generic.service.xml]: Invocation of init method failed; nested exception is kr.co.aim.greenframe.exception.greenFrameErrorSignal: NoDefineServiceBean: kr.co.aim.greentrack.generic.master.AbstractConstantMap
	at org.springframework.beans.factory.support.AbstractAutowireCapableBeanFactory.initializeBean(AbstractAutowireCapableBeanFactory.java:1338)
	at org.springframework.beans.factory.support.AbstractAutowireCapableBeanFactory.doCreateBean(AbstractAutowireCapableBeanFactory.java:473)
	at org.springframework.beans.factory.support.AbstractAutowireCapableBeanFactory$1.run(AbstractAutowireCapableBeanFactory.java:409)
	at java.security.AccessController.doPrivileged(Native Method)
	at org.springframework.beans.factory.support.AbstractAutowireCapableBeanFactory.createBean(AbstractAutowireCapableBeanFactory.java:380)
	at org.springframework.beans.factory.support.AbstractBeanFactory$1.getObject(AbstractBeanFactory.java:264)
	at org.springframework.beans.factory.support.DefaultSingletonBeanRegistry.getSingleton(DefaultSingletonBeanRegistry.java:222)
	at org.springframework.beans.factory.support.AbstractBeanFactory.doGetBean(AbstractBeanFactory.java:261)
	at org.springframework.beans.factory.support.AbstractBeanFactory.getBean(AbstractBeanFactory.java:185)
	at org.springframework.beans.factory.support.AbstractBeanFactory.getBean(AbstractBeanFactory.java:164)
	at org.springframework.osgi.service.exporter.support.OsgiServiceFactoryBean.afterPropertiesSet(OsgiServiceFactoryBean.java:167)
	at org.springframework.beans.factory.support.AbstractAutowireCapableBeanFactory.invokeInitMethods(AbstractAutowireCapableBeanFactory.java:1369)
	at org.springframework.beans.factory.support.AbstractAutowireCapableBeanFactory.initializeBean(AbstractAutowireCapableBeanFactory.java:1335)
	... 17 more
Caused by: kr.co.aim.greenframe.exception.greenFrameErrorSignal: NoDefineServiceBean: kr.co.aim.greentrack.generic.master.AbstractConstantMap
	at kr.co.aim.greenframe.util.bundle.BundleUtil.getBundleServiceClass(BundleUtil.java:197)
	at kr.co.aim.greenframe.util.bundle.BundleUtil.getBundleServiceClass(BundleUtil.java:151)
	at kr.co.aim.greentrack.generic.GenericServiceProxy.getConstantMap(GenericServiceProxy.java:79)
	at kr.co.aim.messolution.generic.master.ConstantMap.load(ConstantMap.java:1297)
	at kr.co.aim.messolution.generic.master.ConstantMap.afterPropertiesSet(ConstantMap.java:1289)
	at org.springframework.beans.factory.support.AbstractAutowireCapableBeanFactory.invokeInitMethods(AbstractAutowireCapableBeanFactory.java:1369)
	at org.springframework.beans.factory.support.AbstractAutowireCapableBeanFactory.initializeBean(AbstractAutowireCapableBeanFactory.java:1335)
	... 29 more
2022-01-11 16:12:52,388 [                    ] [                    ] [SpringOsgiExtenderThread-93] [DEBUG] [greenFrameErrorSignal.java:<init>:51] - NoDefineServiceBean: kr.co.aim.greentrack.generic.master.AbstractConstantMap
2022-01-11 16:12:52,388 [                    ] [                    ] [SpringOsgiExtenderThread-93] [ERROR] [DefaultOsgiBundleApplicationContextListener.java:onOsgiApplicationEvent:50] - Application context refresh failed (OsgiBundleXmlApplicationContext(bundle=greenTrack.Generic.Service, config=osgibundle:/META-INF/spring/*.xml))
org.springframework.beans.factory.BeanCreationException: Error creating bean with name 'org.springframework.osgi.service.exporter.support.OsgiServiceFactoryBean#4': Invocation of init method failed; nested exception is org.springframework.beans.factory.BeanCreationException: Error creating bean with name 'CommonValidate' defined in URL [bundleentry://138.fwk1585143854/META-INF/spring/greentrack.generic.service.xml]: Instantiation of bean failed; nested exception is org.springframework.beans.BeanInstantiationException: Could not instantiate bean class [kr.co.aim.greentrack.generic.validation.CommonValidate]: Constructor threw exception; nested exception is kr.co.aim.greenframe.exception.greenFrameErrorSignal: NoDefineServiceBean: kr.co.aim.greentrack.generic.master.AbstractConstantMap
	at org.springframework.beans.factory.support.AbstractAutowireCapableBeanFactory.initializeBean(AbstractAutowireCapableBeanFactory.java:1338)
	at org.springframework.beans.factory.support.AbstractAutowireCapableBeanFactory.doCreateBean(AbstractAutowireCapableBeanFactory.java:473)
	at org.springframework.beans.factory.support.AbstractAutowireCapableBeanFactory$1.run(AbstractAutowireCapableBeanFactory.java:409)
	at java.security.AccessController.doPrivileged(Native Method)
	at org.springframework.beans.factory.support.AbstractAutowireCapableBeanFactory.createBean(AbstractAutowireCapableBeanFactory.java:380)
	at org.springframework.beans.factory.support.AbstractBeanFactory$1.getObject(AbstractBeanFactory.java:264)
	at org.springframework.beans.factory.support.DefaultSingletonBeanRegistry.getSingleton(DefaultSingletonBeanRegistry.java:222)
	at org.springframework.beans.factory.support.AbstractBeanFactory.doGetBean(AbstractBeanFactory.java:261)
	at org.springframework.beans.factory.support.AbstractBeanFactory.getBean(AbstractBeanFactory.java:185)
	at org.springframework.beans.factory.support.AbstractBeanFactory.getBean(AbstractBeanFactory.java:164)
	at org.springframework.beans.factory.support.DefaultListableBeanFactory.preInstantiateSingletons(DefaultListableBeanFactory.java:423)
	at org.springframework.context.support.AbstractApplicationContext.finishBeanFactoryInitialization(AbstractApplicationContext.java:728)
	at org.springframework.osgi.context.support.AbstractDelegatedExecutionApplicationContext.access$1600(AbstractDelegatedExecutionApplicationContext.java:69)
	at org.springframework.osgi.context.support.AbstractDelegatedExecutionApplicationContext$4.run(AbstractDelegatedExecutionApplicationContext.java:355)
	at org.springframework.osgi.util.internal.PrivilegedUtils.executeWithCustomTCCL(PrivilegedUtils.java:85)
	at org.springframework.osgi.context.support.AbstractDelegatedExecutionApplicationContext.completeRefresh(AbstractDelegatedExecutionApplicationContext.java:320)
	at org.springframework.osgi.extender.internal.dependencies.startup.DependencyWaiterApplicationContextExecutor$CompleteRefreshTask.run(DependencyWaiterApplicationContextExecutor.java:132)
	at java.lang.Thread.run(Thread.java:745)
Caused by: org.springframework.beans.factory.BeanCreationException: Error creating bean with name 'CommonValidate' defined in URL [bundleentry://138.fwk1585143854/META-INF/spring/greentrack.generic.service.xml]: Instantiation of bean failed; nested exception is org.springframework.beans.BeanInstantiationException: Could not instantiate bean class [kr.co.aim.greentrack.generic.validation.CommonValidate]: Constructor threw exception; nested exception is kr.co.aim.greenframe.exception.greenFrameErrorSignal: NoDefineServiceBean: kr.co.aim.greentrack.generic.master.AbstractConstantMap
	at org.springframework.beans.factory.support.AbstractAutowireCapableBeanFactory.instantiateBean(AbstractAutowireCapableBeanFactory.java:883)
	at org.springframework.beans.factory.support.AbstractAutowireCapableBeanFactory.createBeanInstance(AbstractAutowireCapableBeanFactory.java:839)
	at org.springframework.beans.factory.support.AbstractAutowireCapableBeanFactory.doCreateBean(AbstractAutowireCapableBeanFactory.java:440)
	at org.springframework.beans.factory.support.AbstractAutowireCapableBeanFactory$1.run(AbstractAutowireCapableBeanFactory.java:409)
	at java.security.AccessController.doPrivileged(Native Method)
	at org.springframework.beans.factory.support.AbstractAutowireCapableBeanFactory.createBean(AbstractAutowireCapableBeanFactory.java:380)
	at org.springframework.beans.factory.support.AbstractBeanFactory$1.getObject(AbstractBeanFactory.java:264)
	at org.springframework.beans.factory.support.DefaultSingletonBeanRegistry.getSingleton(DefaultSingletonBeanRegistry.java:222)
	at org.springframework.beans.factory.support.AbstractBeanFactory.doGetBean(AbstractBeanFactory.java:261)
	at org.springframework.beans.factory.support.AbstractBeanFactory.getBean(AbstractBeanFactory.java:185)
	at org.springframework.beans.factory.support.AbstractBeanFactory.getBean(AbstractBeanFactory.java:164)
	at org.springframework.osgi.service.exporter.support.OsgiServiceFactoryBean.afterPropertiesSet(OsgiServiceFactoryBean.java:167)
	at org.springframework.beans.factory.support.AbstractAutowireCapableBeanFactory.invokeInitMethods(AbstractAutowireCapableBeanFactory.java:1369)
	at org.springframework.beans.factory.support.AbstractAutowireCapableBeanFactory.initializeBean(AbstractAutowireCapableBeanFactory.java:1335)
	... 17 more
Caused by: org.springframework.beans.BeanInstantiationException: Could not instantiate bean class [kr.co.aim.greentrack.generic.validation.CommonValidate]: Constructor threw exception; nested exception is kr.co.aim.greenframe.exception.greenFrameErrorSignal: NoDefineServiceBean: kr.co.aim.greentrack.generic.master.AbstractConstantMap
	at org.springframework.beans.BeanUtils.instantiateClass(BeanUtils.java:115)
	at org.springframework.beans.factory.support.SimpleInstantiationStrategy.instantiate(SimpleInstantiationStrategy.java:61)
	at org.springframework.beans.factory.support.AbstractAutowireCapableBeanFactory.instantiateBean(AbstractAutowireCapableBeanFactory.java:877)
	... 30 more
Caused by: kr.co.aim.greenframe.exception.greenFrameErrorSignal: NoDefineServiceBean: kr.co.aim.greentrack.generic.master.AbstractConstantMap
	at kr.co.aim.greenframe.util.bundle.BundleUtil.getBundleServiceClass(BundleUtil.java:197)
	at kr.co.aim.greenframe.util.bundle.BundleUtil.getBundleServiceClass(BundleUtil.java:151)
	at kr.co.aim.greentrack.generic.GenericServiceProxy.getConstantMap(GenericServiceProxy.java:79)
	at kr.co.aim.greentrack.generic.validation.CommonValidate.initializeCDLOperations(CommonValidate.java:196)
	at kr.co.aim.greentrack.generic.validation.CommonValidate.<init>(CommonValidate.java:186)
	at sun.reflect.NativeConstructorAccessorImpl.newInstance0(Native Method)
	at sun.reflect.NativeConstructorAccessorImpl.newInstance(NativeConstructorAccessorImpl.java:57)
	at sun.reflect.DelegatingConstructorAccessorImpl.newInstance(DelegatingConstructorAccessorImpl.java:45)
	at java.lang.reflect.Constructor.newInstance(Constructor.java:526)
	at org.springframework.beans.BeanUtils.instantiateClass(BeanUtils.java:100)
	... 32 more
2022-01-11 16:20:57,544 [                    ] [                    ] [Start Level Event Dispatcher] [ INFO] [GreenFrameOsgiApplicationContextCreator.java:createApplicationContext:38] - Discovered configurations in bundle [MESSolution.FMC.Service]  {osgibundle:/META-INF/spring/*.xml}
2022-01-11 16:20:57,549 [                    ] [                    ] [Start Level Event Dispatcher] [ INFO] [GreenFrameOsgiApplicationContextCreator.java:createApplicationContext:38] - Discovered configurations in bundle [MESSolution.Durable.Service]  {osgibundle:/META-INF/spring/*.xml}
2022-01-11 16:20:57,549 [                    ] [                    ] [Start Level Event Dispatcher] [ INFO] [GreenFrameOsgiApplicationContextCreator.java:createApplicationContext:38] - Discovered configurations in bundle [greenFrame.formatter]  {META-INF/spring/*.xml, META-INF/spring/CNMsvr/*.xml}
2022-01-11 16:20:57,549 [                    ] [                    ] [Start Level Event Dispatcher] [ INFO] [GreenFrameOsgiApplicationContextCreator.java:createApplicationContext:38] - Discovered configurations in bundle [MESSolution.RMS.Service]  {osgibundle:/META-INF/spring/*.xml}
2022-01-11 16:20:57,549 [                    ] [                    ] [Start Level Event Dispatcher] [ INFO] [GreenFrameOsgiApplicationContextCreator.java:createApplicationContext:38] - Discovered configurations in bundle [MESSolution.Port.Service]  {osgibundle:/META-INF/spring/*.xml}
2022-01-11 16:20:57,549 [                    ] [                    ] [Start Level Event Dispatcher] [ INFO] [GreenFrameOsgiApplicationContextCreator.java:createApplicationContext:38] - Discovered configurations in bundle [MESSolution.Alarm.Service]  {osgibundle:/META-INF/spring/*.xml}
2022-01-11 16:20:57,564 [                    ] [                    ] [Start Level Event Dispatcher] [ INFO] [GreenFrameOsgiApplicationContextCreator.java:createApplicationContext:38] - Discovered configurations in bundle [MESSolution.Machine.Service]  {osgibundle:/META-INF/spring/*.xml}
2022-01-11 16:20:57,564 [                    ] [                    ] [Start Level Event Dispatcher] [ INFO] [GreenFrameOsgiApplicationContextCreator.java:createApplicationContext:38] - Discovered configurations in bundle [greenFrame.workflow]  {META-INF/spring/*.xml, META-INF/spring/CNMsvr/*.xml}
2022-01-11 16:20:57,564 [                    ] [                    ] [Start Level Event Dispatcher] [ INFO] [GreenFrameOsgiApplicationContextCreator.java:createApplicationContext:38] - Discovered configurations in bundle [MESSolution.ProductRequest.Service]  {osgibundle:/META-INF/spring/*.xml}
2022-01-11 16:20:57,580 [                    ] [                    ] [Start Level Event Dispatcher] [ INFO] [GreenFrameOsgiApplicationContextCreator.java:createApplicationContext:38] - Discovered configurations in bundle [MESSolution.ProcessGroup.Service]  {osgibundle:/META-INF/spring/*.xml}
2022-01-11 16:20:57,580 [                    ] [                    ] [Start Level Event Dispatcher] [ INFO] [GreenFrameOsgiApplicationContextCreator.java:createApplicationContext:38] - Discovered configurations in bundle [MESSolution.TransportJob.Service]  {osgibundle:/META-INF/spring/*.xml}
2022-01-11 16:20:57,580 [                    ] [                    ] [Start Level Event Dispatcher] [ INFO] [GreenFrameOsgiApplicationContextCreator.java:createApplicationContext:38] - Discovered configurations in bundle [MESSolution.Consumable.Service]  {osgibundle:/META-INF/spring/*.xml}
2022-01-11 16:20:57,580 [                    ] [                    ] [Start Level Event Dispatcher] [ INFO] [GreenFrameOsgiApplicationContextCreator.java:createApplicationContext:38] - Discovered configurations in bundle [MESSolution.Query.Service]  {osgibundle:/META-INF/spring/*.xml}
2022-01-11 16:20:57,580 [                    ] [                    ] [Start Level Event Dispatcher] [ INFO] [GreenFrameOsgiApplicationContextCreator.java:createApplicationContext:38] - Discovered configurations in bundle [MESSolution.Lot.Service]  {osgibundle:/META-INF/spring/*.xml}
2022-01-11 16:20:57,580 [                    ] [                    ] [Start Level Event Dispatcher] [ INFO] [GreenFrameOsgiApplicationContextCreator.java:createApplicationContext:38] - Discovered configurations in bundle [MESSolution.Extended.Object]  {osgibundle:/META-INF/spring/*.xml}
2022-01-11 16:20:57,580 [                    ] [                    ] [Start Level Event Dispatcher] [ INFO] [GreenFrameOsgiApplicationContextCreator.java:createApplicationContext:38] - Discovered configurations in bundle [MESSolution.Extended.Policy]  {osgibundle:/META-INF/spring/*.xml}
2022-01-11 16:20:57,580 [                    ] [                    ] [Start Level Event Dispatcher] [ INFO] [GreenFrameOsgiApplicationContextCreator.java:createApplicationContext:38] - Discovered configurations in bundle [MESSolution.Extended.WebInterface]  {osgibundle:/META-INF/spring/*.xml}
2022-01-11 16:20:57,580 [                    ] [                    ] [Start Level Event Dispatcher] [ INFO] [GreenFrameOsgiApplicationContextCreator.java:createApplicationContext:38] - Discovered configurations in bundle [MESSolution.UserProfile.Service]  {osgibundle:/META-INF/spring/*.xml}
2022-01-11 16:20:57,596 [                    ] [                    ] [Start Level Event Dispatcher] [ INFO] [GreenFrameOsgiApplicationContextCreator.java:createApplicationContext:38] - Discovered configurations in bundle [MESSolution.DSP.Service]  {osgibundle:/META-INF/spring/*.xml}
2022-01-11 16:20:57,596 [                    ] [                    ] [Start Level Event Dispatcher] [ INFO] [GreenFrameOsgiApplicationContextCreator.java:createApplicationContext:38] - Discovered configurations in bundle [MESSolution.DataCollection.Service]  {osgibundle:/META-INF/spring/*.xml}
2022-01-11 16:20:57,596 [                    ] [                    ] [Start Level Event Dispatcher] [ INFO] [GreenFrameOsgiApplicationContextCreator.java:createApplicationContext:38] - Discovered configurations in bundle [MESSolution.PMS.Service]  {osgibundle:/META-INF/spring/*.xml}
2022-01-11 16:20:57,596 [                    ] [                    ] [Start Level Event Dispatcher] [ INFO] [GreenFrameOsgiApplicationContextCreator.java:createApplicationContext:38] - Discovered configurations in bundle [MESSolution.Product.Service]  {osgibundle:/META-INF/spring/*.xml}
2022-01-11 16:20:57,596 [                    ] [                    ] [Start Level Event Dispatcher] [ INFO] [GreenFrameOsgiApplicationContextCreator.java:createApplicationContext:38] - Discovered configurations in bundle [greenTrack.DataCollection.Service]  {osgibundle:/META-INF/spring/*.xml}
2022-01-11 16:20:57,596 [                    ] [                    ] [Start Level Event Dispatcher] [ INFO] [GreenFrameOsgiApplicationContextCreator.java:createApplicationContext:38] - Discovered configurations in bundle [greenTrack.Machine.Service]  {osgibundle:/META-INF/spring/*.xml}
2022-01-11 16:20:57,596 [                    ] [                    ] [Start Level Event Dispatcher] [ INFO] [GreenFrameOsgiApplicationContextCreator.java:createApplicationContext:38] - Discovered configurations in bundle [greenTrack.Behavior.Service]  {osgibundle:/META-INF/spring/*.xml}
2022-01-11 16:20:57,596 [                    ] [                    ] [Start Level Event Dispatcher] [ INFO] [GreenFrameOsgiApplicationContextCreator.java:createApplicationContext:38] - Discovered configurations in bundle [greenTrack.TransportGroup.Service]  {osgibundle:/META-INF/spring/*.xml}
2022-01-11 16:20:57,659 [                    ] [                    ] [Start Level Event Dispatcher] [ INFO] [GreenFrameOsgiApplicationContextCreator.java:createApplicationContext:38] - Discovered configurations in bundle [greenTrack.Recipe.Service]  {osgibundle:/META-INF/spring/*.xml}
2022-01-11 16:20:57,659 [                    ] [                    ] [Start Level Event Dispatcher] [ INFO] [GreenFrameOsgiApplicationContextCreator.java:createApplicationContext:38] - Discovered configurations in bundle [greenTrack.Factory.Service]  {osgibundle:/META-INF/spring/*.xml}
2022-01-11 16:20:57,715 [                    ] [                    ] [Start Level Event Dispatcher] [ INFO] [GreenFrameOsgiApplicationContextCreator.java:createApplicationContext:38] - Discovered configurations in bundle [greenTrack.Alarm.Service]  {osgibundle:/META-INF/spring/*.xml}
2022-01-11 16:20:57,715 [                    ] [                    ] [Start Level Event Dispatcher] [ INFO] [GreenFrameOsgiApplicationContextCreator.java:createApplicationContext:38] - Discovered configurations in bundle [greenTrack.Consumable.Service]  {osgibundle:/META-INF/spring/*.xml}
2022-01-11 16:20:57,755 [                    ] [                    ] [Start Level Event Dispatcher] [ INFO] [GreenFrameOsgiApplicationContextCreator.java:createApplicationContext:38] - Discovered configurations in bundle [greenTrack.Durable.Service]  {osgibundle:/META-INF/spring/*.xml}
2022-01-11 16:20:57,755 [                    ] [                    ] [Start Level Event Dispatcher] [ INFO] [GreenFrameOsgiApplicationContextCreator.java:createApplicationContext:38] - Discovered configurations in bundle [greenTrack.Product.Service]  {osgibundle:/META-INF/spring/*.xml}
2022-01-11 16:20:57,763 [                    ] [                    ] [Start Level Event Dispatcher] [ INFO] [GreenFrameOsgiApplicationContextCreator.java:createApplicationContext:38] - Discovered configurations in bundle [greenTrack.Policy.Service]  {osgibundle:/META-INF/spring/*.xml}
2022-01-11 16:20:57,765 [                    ] [                    ] [Start Level Event Dispatcher] [DEBUG] [GreenFrameConfigurationScanner.java:getConfigFiles:101] - greenFrame Configuration Absolute Path: D:\Project\V3_Source\eclipse\config [greenFrame.Infra]
2022-01-11 16:20:57,765 [                    ] [                    ] [Start Level Event Dispatcher] [ INFO] [GreenFrameConfigurationScanner.java:getConfigFiles:107] - No Configurations in D:\Project\V3_Source\eclipse\config. Searching configurations from inside the bundle [greenFrame.Infra]
2022-01-11 16:20:57,773 [                    ] [                    ] [Start Level Event Dispatcher] [DEBUG] [GreenFrameConfigurationScanner.java:getConfigFiles:101] - greenFrame Configuration Absolute Path: D:\Project\V3_Source\eclipse\config\CNMsvr [greenFrame.Infra]
2022-01-11 16:20:57,773 [                    ] [                    ] [Start Level Event Dispatcher] [ INFO] [GreenFrameConfigurationScanner.java:getConfigFiles:107] - No Configurations in D:\Project\V3_Source\eclipse\config\CNMsvr. Searching configurations from inside the bundle [greenFrame.Infra]
2022-01-11 16:20:57,773 [                    ] [                    ] [Start Level Event Dispatcher] [ INFO] [GreenFrameOsgiApplicationContextCreator.java:createApplicationContext:38] - Discovered configurations in bundle [greenFrame.Infra]  {osgibundle:config/*.xml, osgibundle:config/CNMsvr/*.xml}
2022-01-11 16:20:57,775 [                    ] [                    ] [Start Level Event Dispatcher] [ INFO] [GreenFrameOsgiApplicationContextCreator.java:createApplicationContext:38] - Discovered configurations in bundle [MESSolution.Generic]  {osgibundle:/META-INF/spring/*.xml}
2022-01-11 16:20:57,804 [                    ] [                    ] [Start Level Event Dispatcher] [ INFO] [GreenFrameOsgiApplicationContextCreator.java:createApplicationContext:38] - Discovered configurations in bundle [greenTrack.ProductRequestPlan.Service]  {osgibundle:/META-INF/spring/*.xml}
2022-01-11 16:20:57,806 [                    ] [                    ] [Start Level Event Dispatcher] [ INFO] [GreenFrameOsgiApplicationContextCreator.java:createApplicationContext:38] - Discovered configurations in bundle [greenTrack.Object.Service]  {osgibundle:/META-INF/spring/*.xml}
2022-01-11 16:20:57,806 [                    ] [                    ] [Start Level Event Dispatcher] [ INFO] [GreenFrameOsgiApplicationContextCreator.java:createApplicationContext:38] - Discovered configurations in bundle [greenTrack.Port.Service]  {osgibundle:/META-INF/spring/*.xml}
2022-01-11 16:20:57,806 [                    ] [                    ] [Start Level Event Dispatcher] [ INFO] [GreenFrameOsgiApplicationContextCreator.java:createApplicationContext:38] - Discovered configurations in bundle [greenTrack.ProcessOperationSpec.Service]  {osgibundle:/META-INF/spring/*.xml}
2022-01-11 16:20:57,806 [                    ] [                    ] [Start Level Event Dispatcher] [ INFO] [GreenFrameOsgiApplicationContextCreator.java:createApplicationContext:38] - Discovered configurations in bundle [greenTrack.ProcessFlow.Service]  {osgibundle:/META-INF/spring/*.xml}
2022-01-11 16:20:57,806 [                    ] [                    ] [Start Level Event Dispatcher] [ INFO] [GreenFrameOsgiApplicationContextCreator.java:createApplicationContext:38] - Discovered configurations in bundle [greenTrack.User.Service]  {osgibundle:/META-INF/spring/*.xml}
2022-01-11 16:20:57,836 [                    ] [                    ] [Start Level Event Dispatcher] [ INFO] [GreenFrameOsgiApplicationContextCreator.java:createApplicationContext:38] - Discovered configurations in bundle [greenTrack.Lot.Service]  {osgibundle:/META-INF/spring/*.xml}
2022-01-11 16:20:57,896 [                    ] [                    ] [Start Level Event Dispatcher] [ INFO] [GreenFrameOsgiApplicationContextCreator.java:createApplicationContext:38] - Discovered configurations in bundle [greenTrack.SPCControl.Service]  {osgibundle:/META-INF/spring/*.xml}
2022-01-11 16:20:57,907 [                    ] [                    ] [Start Level Event Dispatcher] [ INFO] [GreenFrameOsgiApplicationContextCreator.java:createApplicationContext:38] - Discovered configurations in bundle [greenTrack.Name.Service]  {osgibundle:/META-INF/spring/*.xml}
2022-01-11 16:20:57,907 [                    ] [                    ] [Start Level Event Dispatcher] [ INFO] [GreenFrameOsgiApplicationContextCreator.java:createApplicationContext:38] - Discovered configurations in bundle [greenTrack.ProductRequest.Service]  {osgibundle:/META-INF/spring/*.xml}
2022-01-11 16:20:57,927 [                    ] [                    ] [Start Level Event Dispatcher] [ INFO] [GreenFrameOsgiApplicationContextCreator.java:createApplicationContext:38] - Discovered configurations in bundle [greenTrack.ProcessGroup.Service]  {osgibundle:/META-INF/spring/*.xml}
2022-01-11 16:20:58,058 [                    ] [                    ] [Start Level Event Dispatcher] [ INFO] [GreenFrameOsgiApplicationContextCreator.java:createApplicationContext:38] - Discovered configurations in bundle [greenTrack.Generic.Service]  {osgibundle:/META-INF/spring/*.xml}
2022-01-11 16:20:59,028 [                    ] [                    ] [SpringOsgiExtenderThread-62] [ INFO] [BpelProcessManager.java:createThreadPool:176] - Thead Pool [CORE=3 , MAX=5, QueueSize=0 , KEEP_ALIVE=500]
2022-01-11 16:20:59,139 [                    ] [                    ] [SpringOsgiExtenderThread-62] [ INFO] [CustomBpelExRepository.java:readBpels:223] - Target Bundle-Name [greenFrame.workflow] for greenFrame workflow service
2022-01-11 16:20:59,159 [                    ] [                    ] [SpringOsgiExtenderThread-62] [ INFO] [AbstractBpelRepository.java:addBpelProcess:42] - add complete [{http://bpel.aim.co.kr/bpelj/}dispatching.bpel@0]
2022-01-11 16:20:59,159 [                    ] [                    ] [SpringOsgiExtenderThread-62] [ WARN] [CustomBpelExRepository.java:startWatcher:393] - Could not create BpelWatcher
2022-01-11 16:20:59,655 [                    ] [                    ] [SpringOsgiExtenderThread-90] [DEBUG] [SQLLogUtil.java:logBeforeExecutingQuery:47] - SQL [select oad.typename, oad.position, oad.attributename, oad.primarykeyflag, oad.attributetype, oad.datatype, oad.defaultvalue,otd.extendedtflag 
from objectattributedef oad, objecttypedef otd where oad.attributetype = 'Standard' and oad.typename = otd.typename order by typename, position]
2022-01-11 16:21:00,159 [                    ] [                    ] [SpringOsgiExtenderThread-90] [DEBUG] [SQLLogUtil.java:logAfterExecutingQuery:67] - SQL query returned 2286 rows
2022-01-11 16:21:00,172 [                    ] [                    ] [SpringOsgiExtenderThread-90] [DEBUG] [SQLLogUtil.java:logBeforeExecutingQuery:47] - SQL [select oad.typename, oad.position, oad.attributename, oad.primarykeyflag, oad.attributetype, oad.datatype, oad.defaultvalue,otd.extendedtflag 
from objectattributedef oad, objecttypedef otd where oad.attributetype = 'ExtendedC' and oad.typename = otd.typename order by typename, position]
2022-01-11 16:21:00,306 [                    ] [                    ] [SpringOsgiExtenderThread-90] [DEBUG] [SQLLogUtil.java:logAfterExecutingQuery:67] - SQL query returned 622 rows
2022-01-11 16:21:00,306 [                    ] [                    ] [SpringOsgiExtenderThread-90] [DEBUG] [SQLLogUtil.java:logBeforeExecutingQuery:47] - SQL [select oad.typename, oad.position, oad.attributename, oad.primarykeyflag, oad.attributetype, oad.datatype, oad.defaultvalue,otd.extendedtflag 
from objectattributedef oad, objecttypedef otd where oad.attributetype = 'ExtendedT' and oad.typename = otd.typename order by typename, position]
2022-01-11 16:21:00,306 [                    ] [                    ] [SpringOsgiExtenderThread-90] [DEBUG] [SQLLogUtil.java:logAfterExecutingQuery:67] - SQL query returned 0 rows
2022-01-11 16:21:00,306 [                    ] [                    ] [SpringOsgiExtenderThread-90] [ INFO] [ObjectAttributeMap.java:load:125] - Completed to load ObjectAttributeMap
2022-01-11 16:21:00,306 [                    ] [                    ] [SpringOsgiExtenderThread-90] [DEBUG] [InfraServiceProxy.java:setApplicationContext:16] - Success Get AC
2022-01-11 16:21:00,321 [                    ] [                    ] [SpringOsgiExtenderThread-90] [DEBUG] [SQLLogUtil.java:logBeforeExecutingQuery:47] - SQL [select constantName, constantValue
 from ConstantDef where cacheFlag = 'Y' ORDER BY constantName]
2022-01-11 16:21:00,337 [                    ] [                    ] [SpringOsgiExtenderThread-90] [DEBUG] [SQLLogUtil.java:logAfterExecutingQuery:67] - SQL query returned 172 rows
2022-01-11 16:21:00,337 [                    ] [                    ] [SpringOsgiExtenderThread-90] [ INFO] [AbstractConstantMap.java:load:316] - Load AbstractConstantMap successfully.
2022-01-11 16:21:00,337 [                    ] [                    ] [SpringOsgiExtenderThread-90] [ INFO] [ConstantMap.java:load:49] - Load Custom Common ConstantMap successfully.
2022-01-11 16:21:00,504 [                    ] [                    ] [SpringOsgiExtenderThread-90] [ INFO] [TibDQAdaptor.java:open:300] - Advisory Listener initialized
2022-01-11 16:21:00,544 [                    ] [                    ] [SpringOsgiExtenderThread-90] [ INFO] [EventConfigurator.java:afterPropertiesSet:43] - event configurator initializing for [CNMsvr]
2022-01-11 16:21:00,552 [                    ] [                    ] [SpringOsgiExtenderThread-90] [ INFO] [EventConfigurator.java:afterPropertiesSet:46] - ClassMap load result : 0 rows
2022-01-11 16:21:00,605 [                    ] [                    ] [SpringOsgiExtenderThread-93] [DEBUG] [SQLLogUtil.java:logBeforeExecutingQuery:47] - SQL [select ED.enumname, EV.enumvalue, ED.usage, ED.constantflag, EV.defaultflag, EV.description from enumdef ED, enumdefvalue EV 
where ED.enumname = EV.enumname and ED.enumname != 'Usage' order by ED.usage]
2022-01-11 16:21:00,613 [                    ] [                    ] [SpringOsgiExtenderThread-90] [ INFO] [DQListener.java:afterPropertiesSet:82] - ***********************************************************************************************
2022-01-11 16:21:00,613 [                    ] [                    ] [SpringOsgiExtenderThread-90] [ INFO] [DQListener.java:afterPropertiesSet:83] - <MessageListener> SubjectName=VISIONOX.V3.MES.DEVsjlee.FAB.CNMsvr Service=8400, Network=;225.11.11.4, Daemon=, WorkerWeight=2, WorkerTasks=1, SchedulerWeight=20, SchedulerHeartbeat=3.0, SchedulerActivation=5.0
2022-01-11 16:21:00,613 [                    ] [                    ] [SpringOsgiExtenderThread-90] [ INFO] [DQListener.java:afterPropertiesSet:102] - ***********************************************************************************************
2022-01-11 16:21:00,615 [                    ] [                    ] [SpringOsgiExtenderThread-90] [ INFO] [TibDQAdaptor.java:open:429] - Initialized kr.co.aim.greenframe.esb.tibco.DQListener TIBCO Adaptor
2022-01-11 16:21:00,726 [                    ] [                    ] [SpringOsgiExtenderThread-93] [DEBUG] [SQLLogUtil.java:logAfterExecutingQuery:67] - SQL query returned 2160 rows
2022-01-11 16:21:00,756 [                    ] [                    ] [SpringOsgiExtenderThread-93] [ INFO] [EnumMap.java:load:82] - Loading to completed [size=2160]
2022-01-11 16:21:00,756 [                    ] [                    ] [SpringOsgiExtenderThread-93] [DEBUG] [SQLLogUtil.java:logBeforeExecutingQuery:47] - SQL [select * from objectbehaviorvalidation order by behaviorname]
2022-01-11 16:21:00,807 [                    ] [                    ] [SpringOsgiExtenderThread-93] [DEBUG] [SQLLogUtil.java:logAfterExecutingQuery:67] - SQL query returned 1379 rows
2022-01-11 16:21:00,815 [                    ] [                    ] [SpringOsgiExtenderThread-93] [ INFO] [ObjectBehaviorValidationMap.java:load:93] - Completed to load ObjectBehaviorValidationMap
2022-01-11 16:21:00,825 [                    ] [                    ] [SpringOsgiExtenderThread-93] [DEBUG] [SQLLogUtil.java:logBeforeExecutingQuery:47] - SQL [select factoryName, gradeType, grade, quantityFlag, initialFlag
 from gradeDefinition order by factoryName, gradeType, grade]
2022-01-11 16:21:00,827 [                    ] [                    ] [SpringOsgiExtenderThread-93] [DEBUG] [SQLLogUtil.java:logAfterExecutingQuery:67] - SQL query returned 132 rows
2022-01-11 16:21:00,827 [                    ] [                    ] [SpringOsgiExtenderThread-93] [ INFO] [GradeMap.java:load:65] - Load GradeMap successfully.
2022-01-11 16:21:00,837 [                    ] [                    ] [SpringOsgiExtenderThread-93] [DEBUG] [SQLLogUtil.java:logBeforeExecutingQuery:47] - SQL [SELECT behaviorname FROM objectbehavior WHERE defaultflag = 'Y']
2022-01-11 16:21:00,837 [                    ] [                    ] [SpringOsgiExtenderThread-93] [DEBUG] [SQLLogUtil.java:logAfterExecutingQuery:67] - SQL query returned 1 rows
2022-01-11 16:21:00,837 [                    ] [                    ] [SpringOsgiExtenderThread-93] [DEBUG] [SQLLogUtil.java:logBeforeExecutingQuery:47] - SQL [select * from objectbehaviorpolicy order by behaviorname, typename, operationname, position]
2022-01-11 16:21:00,939 [                    ] [                    ] [SpringOsgiExtenderThread-93] [DEBUG] [SQLLogUtil.java:logAfterExecutingQuery:67] - SQL query returned 2058 rows
2022-01-11 16:21:00,939 [                    ] [                    ] [SpringOsgiExtenderThread-93] [ INFO] [ObjectBehaviorPolicyMap.java:load:104] - Completed to load ObjectBehaviorPolicy
2022-01-11 16:21:00,949 [                    ] [                    ] [SpringOsgiExtenderThread-93] [DEBUG] [SQLLogUtil.java:logBeforeExecutingQuery:47] - SQL [SELECT CDA.conditionName, CDA.attributeName, CDA.dataType, CDA.caption FROM POSConditionDef CD, POSConditionAttributeDef CDA WHERE CD.conditionName = CDA.conditionName ORDER BY CDA.conditionName, CDA.position]
2022-01-11 16:21:00,949 [                    ] [                    ] [SpringOsgiExtenderThread-93] [DEBUG] [SQLLogUtil.java:logAfterExecutingQuery:67] - SQL query returned 67 rows
2022-01-11 16:21:00,949 [                    ] [                    ] [SpringOsgiExtenderThread-93] [DEBUG] [SQLLogUtil.java:logBeforeExecutingQuery:47] - SQL [SELECT PD.policyName, PD.policyMultiplicity, PD.policyTypeName, PDA.attributeName, PDA.dataType, PDA.caption, PDA.primaryKeyFlag FROM POSPolicyDef PD, POSPolicyAttributeDef PDA WHERE PD.policyName = PDA.policyName ORDER BY PD.policyName, PDA.position]
2022-01-11 16:21:00,959 [                    ] [                    ] [SpringOsgiExtenderThread-93] [DEBUG] [SQLLogUtil.java:logAfterExecutingQuery:67] - SQL query returned 150 rows
2022-01-11 16:21:00,959 [                    ] [                    ] [SpringOsgiExtenderThread-93] [DEBUG] [SQLLogUtil.java:logBeforeExecutingQuery:47] - SQL [SELECT policyName, conditionName FROM POSPolicyConditionDef ORDER BY policyName, searchPosition]
2022-01-11 16:21:00,969 [                    ] [                    ] [SpringOsgiExtenderThread-93] [DEBUG] [SQLLogUtil.java:logAfterExecutingQuery:67] - SQL query returned 37 rows
2022-01-11 16:21:00,969 [                    ] [                    ] [SpringOsgiExtenderThread-93] [DEBUG] [SQLLogUtil.java:logBeforeExecutingQuery:47] - SQL [SELECT conditionName, policyName FROM POSPolicyConditionDef ORDER BY conditionName, viewPosition]
2022-01-11 16:21:00,969 [                    ] [                    ] [SpringOsgiExtenderThread-93] [DEBUG] [SQLLogUtil.java:logAfterExecutingQuery:67] - SQL query returned 37 rows
2022-01-11 16:21:00,969 [                    ] [                    ] [SpringOsgiExtenderThread-93] [ INFO] [PosPolicyMap.java:load:85] - Completed to load PosPolicyMap
2022-01-11 16:23:43,860 [                    ] [                    ] [Start Level Event Dispatcher] [ INFO] [GreenFrameOsgiApplicationContextCreator.java:createApplicationContext:38] - Discovered configurations in bundle [MESSolution.FMC.Service]  {osgibundle:/META-INF/spring/*.xml}
2022-01-11 16:23:43,865 [                    ] [                    ] [Start Level Event Dispatcher] [ INFO] [GreenFrameOsgiApplicationContextCreator.java:createApplicationContext:38] - Discovered configurations in bundle [MESSolution.Durable.Service]  {osgibundle:/META-INF/spring/*.xml}
2022-01-11 16:23:43,865 [                    ] [                    ] [Start Level Event Dispatcher] [ INFO] [GreenFrameOsgiApplicationContextCreator.java:createApplicationContext:38] - Discovered configurations in bundle [greenFrame.formatter]  {META-INF/spring/*.xml, META-INF/spring/CNMsvr/*.xml}
2022-01-11 16:23:43,865 [                    ] [                    ] [Start Level Event Dispatcher] [ INFO] [GreenFrameOsgiApplicationContextCreator.java:createApplicationContext:38] - Discovered configurations in bundle [MESSolution.RMS.Service]  {osgibundle:/META-INF/spring/*.xml}
2022-01-11 16:23:43,865 [                    ] [                    ] [Start Level Event Dispatcher] [ INFO] [GreenFrameOsgiApplicationContextCreator.java:createApplicationContext:38] - Discovered configurations in bundle [MESSolution.Port.Service]  {osgibundle:/META-INF/spring/*.xml}
2022-01-11 16:23:43,865 [                    ] [                    ] [Start Level Event Dispatcher] [ INFO] [GreenFrameOsgiApplicationContextCreator.java:createApplicationContext:38] - Discovered configurations in bundle [MESSolution.Alarm.Service]  {osgibundle:/META-INF/spring/*.xml}
2022-01-11 16:23:43,865 [                    ] [                    ] [Start Level Event Dispatcher] [ INFO] [GreenFrameOsgiApplicationContextCreator.java:createApplicationContext:38] - Discovered configurations in bundle [MESSolution.Machine.Service]  {osgibundle:/META-INF/spring/*.xml}
2022-01-11 16:23:43,880 [                    ] [                    ] [Start Level Event Dispatcher] [ INFO] [GreenFrameOsgiApplicationContextCreator.java:createApplicationContext:38] - Discovered configurations in bundle [greenFrame.workflow]  {META-INF/spring/*.xml, META-INF/spring/CNMsvr/*.xml}
2022-01-11 16:23:43,880 [                    ] [                    ] [Start Level Event Dispatcher] [ INFO] [GreenFrameOsgiApplicationContextCreator.java:createApplicationContext:38] - Discovered configurations in bundle [MESSolution.ProductRequest.Service]  {osgibundle:/META-INF/spring/*.xml}
2022-01-11 16:23:43,896 [                    ] [                    ] [Start Level Event Dispatcher] [ INFO] [GreenFrameOsgiApplicationContextCreator.java:createApplicationContext:38] - Discovered configurations in bundle [MESSolution.ProcessGroup.Service]  {osgibundle:/META-INF/spring/*.xml}
2022-01-11 16:23:43,896 [                    ] [                    ] [Start Level Event Dispatcher] [ INFO] [GreenFrameOsgiApplicationContextCreator.java:createApplicationContext:38] - Discovered configurations in bundle [MESSolution.TransportJob.Service]  {osgibundle:/META-INF/spring/*.xml}
2022-01-11 16:23:43,896 [                    ] [                    ] [Start Level Event Dispatcher] [ INFO] [GreenFrameOsgiApplicationContextCreator.java:createApplicationContext:38] - Discovered configurations in bundle [MESSolution.Consumable.Service]  {osgibundle:/META-INF/spring/*.xml}
2022-01-11 16:23:43,896 [                    ] [                    ] [Start Level Event Dispatcher] [ INFO] [GreenFrameOsgiApplicationContextCreator.java:createApplicationContext:38] - Discovered configurations in bundle [MESSolution.Query.Service]  {osgibundle:/META-INF/spring/*.xml}
2022-01-11 16:23:43,896 [                    ] [                    ] [Start Level Event Dispatcher] [ INFO] [GreenFrameOsgiApplicationContextCreator.java:createApplicationContext:38] - Discovered configurations in bundle [MESSolution.Lot.Service]  {osgibundle:/META-INF/spring/*.xml}
2022-01-11 16:23:43,896 [                    ] [                    ] [Start Level Event Dispatcher] [ INFO] [GreenFrameOsgiApplicationContextCreator.java:createApplicationContext:38] - Discovered configurations in bundle [MESSolution.Extended.Object]  {osgibundle:/META-INF/spring/*.xml}
2022-01-11 16:23:43,896 [                    ] [                    ] [Start Level Event Dispatcher] [ INFO] [GreenFrameOsgiApplicationContextCreator.java:createApplicationContext:38] - Discovered configurations in bundle [MESSolution.Extended.Policy]  {osgibundle:/META-INF/spring/*.xml}
2022-01-11 16:23:43,896 [                    ] [                    ] [Start Level Event Dispatcher] [ INFO] [GreenFrameOsgiApplicationContextCreator.java:createApplicationContext:38] - Discovered configurations in bundle [MESSolution.Extended.WebInterface]  {osgibundle:/META-INF/spring/*.xml}
2022-01-11 16:23:43,896 [                    ] [                    ] [Start Level Event Dispatcher] [ INFO] [GreenFrameOsgiApplicationContextCreator.java:createApplicationContext:38] - Discovered configurations in bundle [MESSolution.UserProfile.Service]  {osgibundle:/META-INF/spring/*.xml}
2022-01-11 16:23:43,912 [                    ] [                    ] [Start Level Event Dispatcher] [ INFO] [GreenFrameOsgiApplicationContextCreator.java:createApplicationContext:38] - Discovered configurations in bundle [MESSolution.DSP.Service]  {osgibundle:/META-INF/spring/*.xml}
2022-01-11 16:23:43,912 [                    ] [                    ] [Start Level Event Dispatcher] [ INFO] [GreenFrameOsgiApplicationContextCreator.java:createApplicationContext:38] - Discovered configurations in bundle [MESSolution.DataCollection.Service]  {osgibundle:/META-INF/spring/*.xml}
2022-01-11 16:23:43,912 [                    ] [                    ] [Start Level Event Dispatcher] [ INFO] [GreenFrameOsgiApplicationContextCreator.java:createApplicationContext:38] - Discovered configurations in bundle [MESSolution.PMS.Service]  {osgibundle:/META-INF/spring/*.xml}
2022-01-11 16:23:43,912 [                    ] [                    ] [Start Level Event Dispatcher] [ INFO] [GreenFrameOsgiApplicationContextCreator.java:createApplicationContext:38] - Discovered configurations in bundle [MESSolution.Product.Service]  {osgibundle:/META-INF/spring/*.xml}
2022-01-11 16:23:43,912 [                    ] [                    ] [Start Level Event Dispatcher] [ INFO] [GreenFrameOsgiApplicationContextCreator.java:createApplicationContext:38] - Discovered configurations in bundle [greenTrack.DataCollection.Service]  {osgibundle:/META-INF/spring/*.xml}
2022-01-11 16:23:43,912 [                    ] [                    ] [Start Level Event Dispatcher] [ INFO] [GreenFrameOsgiApplicationContextCreator.java:createApplicationContext:38] - Discovered configurations in bundle [greenTrack.Machine.Service]  {osgibundle:/META-INF/spring/*.xml}
2022-01-11 16:23:43,912 [                    ] [                    ] [Start Level Event Dispatcher] [ INFO] [GreenFrameOsgiApplicationContextCreator.java:createApplicationContext:38] - Discovered configurations in bundle [greenTrack.Behavior.Service]  {osgibundle:/META-INF/spring/*.xml}
2022-01-11 16:23:43,912 [                    ] [                    ] [Start Level Event Dispatcher] [ INFO] [GreenFrameOsgiApplicationContextCreator.java:createApplicationContext:38] - Discovered configurations in bundle [greenTrack.TransportGroup.Service]  {osgibundle:/META-INF/spring/*.xml}
2022-01-11 16:23:43,929 [                    ] [                    ] [Start Level Event Dispatcher] [ INFO] [GreenFrameOsgiApplicationContextCreator.java:createApplicationContext:38] - Discovered configurations in bundle [greenTrack.Recipe.Service]  {osgibundle:/META-INF/spring/*.xml}
2022-01-11 16:23:43,929 [                    ] [                    ] [Start Level Event Dispatcher] [ INFO] [GreenFrameOsgiApplicationContextCreator.java:createApplicationContext:38] - Discovered configurations in bundle [greenTrack.Factory.Service]  {osgibundle:/META-INF/spring/*.xml}
2022-01-11 16:23:43,929 [                    ] [                    ] [Start Level Event Dispatcher] [ INFO] [GreenFrameOsgiApplicationContextCreator.java:createApplicationContext:38] - Discovered configurations in bundle [greenTrack.Alarm.Service]  {osgibundle:/META-INF/spring/*.xml}
2022-01-11 16:23:44,041 [                    ] [                    ] [Start Level Event Dispatcher] [ INFO] [GreenFrameOsgiApplicationContextCreator.java:createApplicationContext:38] - Discovered configurations in bundle [greenTrack.Consumable.Service]  {osgibundle:/META-INF/spring/*.xml}
2022-01-11 16:23:44,041 [                    ] [                    ] [Start Level Event Dispatcher] [ INFO] [GreenFrameOsgiApplicationContextCreator.java:createApplicationContext:38] - Discovered configurations in bundle [greenTrack.Durable.Service]  {osgibundle:/META-INF/spring/*.xml}
2022-01-11 16:23:44,051 [                    ] [                    ] [Start Level Event Dispatcher] [ INFO] [GreenFrameOsgiApplicationContextCreator.java:createApplicationContext:38] - Discovered configurations in bundle [greenTrack.Product.Service]  {osgibundle:/META-INF/spring/*.xml}
2022-01-11 16:23:44,060 [                    ] [                    ] [Start Level Event Dispatcher] [ INFO] [GreenFrameOsgiApplicationContextCreator.java:createApplicationContext:38] - Discovered configurations in bundle [greenTrack.Policy.Service]  {osgibundle:/META-INF/spring/*.xml}
2022-01-11 16:23:44,060 [                    ] [                    ] [Start Level Event Dispatcher] [DEBUG] [GreenFrameConfigurationScanner.java:getConfigFiles:101] - greenFrame Configuration Absolute Path: D:\Project\V3_Source\eclipse\config [greenFrame.Infra]
2022-01-11 16:23:44,062 [                    ] [                    ] [Start Level Event Dispatcher] [ INFO] [GreenFrameConfigurationScanner.java:getConfigFiles:107] - No Configurations in D:\Project\V3_Source\eclipse\config. Searching configurations from inside the bundle [greenFrame.Infra]
2022-01-11 16:23:44,062 [                    ] [                    ] [Start Level Event Dispatcher] [DEBUG] [GreenFrameConfigurationScanner.java:getConfigFiles:101] - greenFrame Configuration Absolute Path: D:\Project\V3_Source\eclipse\config\CNMsvr [greenFrame.Infra]
2022-01-11 16:23:44,062 [                    ] [                    ] [Start Level Event Dispatcher] [ INFO] [GreenFrameConfigurationScanner.java:getConfigFiles:107] - No Configurations in D:\Project\V3_Source\eclipse\config\CNMsvr. Searching configurations from inside the bundle [greenFrame.Infra]
2022-01-11 16:23:44,062 [                    ] [                    ] [Start Level Event Dispatcher] [ INFO] [GreenFrameOsgiApplicationContextCreator.java:createApplicationContext:38] - Discovered configurations in bundle [greenFrame.Infra]  {osgibundle:config/*.xml, osgibundle:config/CNMsvr/*.xml}
2022-01-11 16:23:44,062 [                    ] [                    ] [Start Level Event Dispatcher] [ INFO] [GreenFrameOsgiApplicationContextCreator.java:createApplicationContext:38] - Discovered configurations in bundle [MESSolution.Generic]  {osgibundle:/META-INF/spring/*.xml}
2022-01-11 16:23:44,112 [                    ] [                    ] [Start Level Event Dispatcher] [ INFO] [GreenFrameOsgiApplicationContextCreator.java:createApplicationContext:38] - Discovered configurations in bundle [greenTrack.ProductRequestPlan.Service]  {osgibundle:/META-INF/spring/*.xml}
2022-01-11 16:23:44,112 [                    ] [                    ] [Start Level Event Dispatcher] [ INFO] [GreenFrameOsgiApplicationContextCreator.java:createApplicationContext:38] - Discovered configurations in bundle [greenTrack.Object.Service]  {osgibundle:/META-INF/spring/*.xml}
2022-01-11 16:23:44,112 [                    ] [                    ] [Start Level Event Dispatcher] [ INFO] [GreenFrameOsgiApplicationContextCreator.java:createApplicationContext:38] - Discovered configurations in bundle [greenTrack.Port.Service]  {osgibundle:/META-INF/spring/*.xml}
2022-01-11 16:23:44,112 [                    ] [                    ] [Start Level Event Dispatcher] [ INFO] [GreenFrameOsgiApplicationContextCreator.java:createApplicationContext:38] - Discovered configurations in bundle [greenTrack.ProcessOperationSpec.Service]  {osgibundle:/META-INF/spring/*.xml}
2022-01-11 16:23:44,112 [                    ] [                    ] [Start Level Event Dispatcher] [ INFO] [GreenFrameOsgiApplicationContextCreator.java:createApplicationContext:38] - Discovered configurations in bundle [greenTrack.ProcessFlow.Service]  {osgibundle:/META-INF/spring/*.xml}
2022-01-11 16:23:44,112 [                    ] [                    ] [Start Level Event Dispatcher] [ INFO] [GreenFrameOsgiApplicationContextCreator.java:createApplicationContext:38] - Discovered configurations in bundle [greenTrack.User.Service]  {osgibundle:/META-INF/spring/*.xml}
2022-01-11 16:23:44,122 [                    ] [                    ] [Start Level Event Dispatcher] [ INFO] [GreenFrameOsgiApplicationContextCreator.java:createApplicationContext:38] - Discovered configurations in bundle [greenTrack.Lot.Service]  {osgibundle:/META-INF/spring/*.xml}
2022-01-11 16:23:44,130 [                    ] [                    ] [Start Level Event Dispatcher] [ INFO] [GreenFrameOsgiApplicationContextCreator.java:createApplicationContext:38] - Discovered configurations in bundle [greenTrack.SPCControl.Service]  {osgibundle:/META-INF/spring/*.xml}
2022-01-11 16:23:44,132 [                    ] [                    ] [Start Level Event Dispatcher] [ INFO] [GreenFrameOsgiApplicationContextCreator.java:createApplicationContext:38] - Discovered configurations in bundle [greenTrack.Name.Service]  {osgibundle:/META-INF/spring/*.xml}
2022-01-11 16:23:44,132 [                    ] [                    ] [Start Level Event Dispatcher] [ INFO] [GreenFrameOsgiApplicationContextCreator.java:createApplicationContext:38] - Discovered configurations in bundle [greenTrack.ProductRequest.Service]  {osgibundle:/META-INF/spring/*.xml}
2022-01-11 16:23:44,173 [                    ] [                    ] [Start Level Event Dispatcher] [ INFO] [GreenFrameOsgiApplicationContextCreator.java:createApplicationContext:38] - Discovered configurations in bundle [greenTrack.ProcessGroup.Service]  {osgibundle:/META-INF/spring/*.xml}
2022-01-11 16:23:44,191 [                    ] [                    ] [Start Level Event Dispatcher] [ INFO] [GreenFrameOsgiApplicationContextCreator.java:createApplicationContext:38] - Discovered configurations in bundle [greenTrack.Generic.Service]  {osgibundle:/META-INF/spring/*.xml}
2022-01-11 16:23:45,012 [                    ] [                    ] [SpringOsgiExtenderThread-51] [ INFO] [BpelProcessManager.java:createThreadPool:176] - Thead Pool [CORE=3 , MAX=5, QueueSize=0 , KEEP_ALIVE=500]
2022-01-11 16:23:45,093 [                    ] [                    ] [SpringOsgiExtenderThread-51] [ INFO] [CustomBpelExRepository.java:readBpels:223] - Target Bundle-Name [greenFrame.workflow] for greenFrame workflow service
2022-01-11 16:23:45,121 [                    ] [                    ] [SpringOsgiExtenderThread-51] [ INFO] [AbstractBpelRepository.java:addBpelProcess:42] - add complete [{http://bpel.aim.co.kr/bpelj/}dispatching.bpel@0]
2022-01-11 16:23:45,123 [                    ] [                    ] [SpringOsgiExtenderThread-51] [ WARN] [CustomBpelExRepository.java:startWatcher:393] - Could not create BpelWatcher
2022-01-11 16:23:46,094 [                    ] [                    ] [SpringOsgiExtenderThread-90] [DEBUG] [SQLLogUtil.java:logBeforeExecutingQuery:47] - SQL [select oad.typename, oad.position, oad.attributename, oad.primarykeyflag, oad.attributetype, oad.datatype, oad.defaultvalue,otd.extendedtflag 
from objectattributedef oad, objecttypedef otd where oad.attributetype = 'Standard' and oad.typename = otd.typename order by typename, position]
2022-01-11 16:23:46,509 [                    ] [                    ] [SpringOsgiExtenderThread-90] [DEBUG] [SQLLogUtil.java:logAfterExecutingQuery:67] - SQL query returned 2286 rows
2022-01-11 16:23:46,520 [                    ] [                    ] [SpringOsgiExtenderThread-90] [DEBUG] [SQLLogUtil.java:logBeforeExecutingQuery:47] - SQL [select oad.typename, oad.position, oad.attributename, oad.primarykeyflag, oad.attributetype, oad.datatype, oad.defaultvalue,otd.extendedtflag 
from objectattributedef oad, objecttypedef otd where oad.attributetype = 'ExtendedC' and oad.typename = otd.typename order by typename, position]
2022-01-11 16:23:46,629 [                    ] [                    ] [SpringOsgiExtenderThread-90] [DEBUG] [SQLLogUtil.java:logAfterExecutingQuery:67] - SQL query returned 622 rows
2022-01-11 16:23:46,631 [                    ] [                    ] [SpringOsgiExtenderThread-90] [DEBUG] [SQLLogUtil.java:logBeforeExecutingQuery:47] - SQL [select oad.typename, oad.position, oad.attributename, oad.primarykeyflag, oad.attributetype, oad.datatype, oad.defaultvalue,otd.extendedtflag 
from objectattributedef oad, objecttypedef otd where oad.attributetype = 'ExtendedT' and oad.typename = otd.typename order by typename, position]
2022-01-11 16:23:46,631 [                    ] [                    ] [SpringOsgiExtenderThread-90] [DEBUG] [SQLLogUtil.java:logAfterExecutingQuery:67] - SQL query returned 0 rows
2022-01-11 16:23:46,631 [                    ] [                    ] [SpringOsgiExtenderThread-90] [ INFO] [ObjectAttributeMap.java:load:125] - Completed to load ObjectAttributeMap
2022-01-11 16:23:46,631 [                    ] [                    ] [SpringOsgiExtenderThread-90] [DEBUG] [InfraServiceProxy.java:setApplicationContext:16] - Success Get AC
2022-01-11 16:23:46,641 [                    ] [                    ] [SpringOsgiExtenderThread-90] [DEBUG] [SQLLogUtil.java:logBeforeExecutingQuery:47] - SQL [select constantName, constantValue
 from ConstantDef where cacheFlag = 'Y' ORDER BY constantName]
2022-01-11 16:23:46,651 [                    ] [                    ] [SpringOsgiExtenderThread-90] [DEBUG] [SQLLogUtil.java:logAfterExecutingQuery:67] - SQL query returned 172 rows
2022-01-11 16:23:46,659 [                    ] [                    ] [SpringOsgiExtenderThread-90] [ INFO] [AbstractConstantMap.java:load:316] - Load AbstractConstantMap successfully.
2022-01-11 16:23:46,659 [                    ] [                    ] [SpringOsgiExtenderThread-90] [ INFO] [ConstantMap.java:load:49] - Load Custom Common ConstantMap successfully.
2022-01-11 16:23:46,793 [                    ] [                    ] [SpringOsgiExtenderThread-90] [ INFO] [TibDQAdaptor.java:open:300] - Advisory Listener initialized
2022-01-11 16:23:46,833 [                    ] [                    ] [SpringOsgiExtenderThread-90] [ INFO] [EventConfigurator.java:afterPropertiesSet:43] - event configurator initializing for [CNMsvr]
2022-01-11 16:23:46,833 [                    ] [                    ] [SpringOsgiExtenderThread-90] [ INFO] [EventConfigurator.java:afterPropertiesSet:46] - ClassMap load result : 0 rows
2022-01-11 16:23:46,884 [                    ] [                    ] [SpringOsgiExtenderThread-93] [DEBUG] [SQLLogUtil.java:logBeforeExecutingQuery:47] - SQL [select ED.enumname, EV.enumvalue, ED.usage, ED.constantflag, EV.defaultflag, EV.description from enumdef ED, enumdefvalue EV 
where ED.enumname = EV.enumname and ED.enumname != 'Usage' order by ED.usage]
2022-01-11 16:23:46,884 [                    ] [                    ] [SpringOsgiExtenderThread-90] [ INFO] [DQListener.java:afterPropertiesSet:82] - ***********************************************************************************************
2022-01-11 16:23:46,884 [                    ] [                    ] [SpringOsgiExtenderThread-90] [ INFO] [DQListener.java:afterPropertiesSet:83] - <MessageListener> SubjectName=VISIONOX.V3.MES.DEVsjlee.FAB.CNMsvr Service=8400, Network=;225.11.11.4, Daemon=, WorkerWeight=2, WorkerTasks=1, SchedulerWeight=20, SchedulerHeartbeat=3.0, SchedulerActivation=5.0
2022-01-11 16:23:46,884 [                    ] [                    ] [SpringOsgiExtenderThread-90] [ INFO] [DQListener.java:afterPropertiesSet:102] - ***********************************************************************************************
2022-01-11 16:23:46,892 [                    ] [                    ] [SpringOsgiExtenderThread-90] [ INFO] [TibDQAdaptor.java:open:429] - Initialized kr.co.aim.greenframe.esb.tibco.DQListener TIBCO Adaptor
2022-01-11 16:23:46,974 [                    ] [                    ] [SpringOsgiExtenderThread-93] [DEBUG] [SQLLogUtil.java:logAfterExecutingQuery:67] - SQL query returned 2160 rows
2022-01-11 16:23:47,005 [                    ] [                    ] [SpringOsgiExtenderThread-93] [ INFO] [EnumMap.java:load:82] - Loading to completed [size=2160]
2022-01-11 16:23:47,005 [                    ] [                    ] [SpringOsgiExtenderThread-93] [DEBUG] [SQLLogUtil.java:logBeforeExecutingQuery:47] - SQL [select * from objectbehaviorvalidation order by behaviorname]
2022-01-11 16:23:47,043 [                    ] [                    ] [SpringOsgiExtenderThread-93] [DEBUG] [SQLLogUtil.java:logAfterExecutingQuery:67] - SQL query returned 1379 rows
2022-01-11 16:23:47,043 [                    ] [                    ] [SpringOsgiExtenderThread-93] [ INFO] [ObjectBehaviorValidationMap.java:load:93] - Completed to load ObjectBehaviorValidationMap
2022-01-11 16:23:47,058 [                    ] [                    ] [SpringOsgiExtenderThread-93] [DEBUG] [SQLLogUtil.java:logBeforeExecutingQuery:47] - SQL [select factoryName, gradeType, grade, quantityFlag, initialFlag
 from gradeDefinition order by factoryName, gradeType, grade]
2022-01-11 16:23:47,058 [                    ] [                    ] [SpringOsgiExtenderThread-93] [DEBUG] [SQLLogUtil.java:logAfterExecutingQuery:67] - SQL query returned 132 rows
2022-01-11 16:23:47,074 [                    ] [                    ] [SpringOsgiExtenderThread-93] [ INFO] [GradeMap.java:load:65] - Load GradeMap successfully.
2022-01-11 16:23:47,074 [                    ] [                    ] [SpringOsgiExtenderThread-93] [DEBUG] [SQLLogUtil.java:logBeforeExecutingQuery:47] - SQL [SELECT behaviorname FROM objectbehavior WHERE defaultflag = 'Y']
2022-01-11 16:23:47,074 [                    ] [                    ] [SpringOsgiExtenderThread-93] [DEBUG] [SQLLogUtil.java:logAfterExecutingQuery:67] - SQL query returned 1 rows
2022-01-11 16:23:47,074 [                    ] [                    ] [SpringOsgiExtenderThread-93] [DEBUG] [SQLLogUtil.java:logBeforeExecutingQuery:47] - SQL [select * from objectbehaviorpolicy order by behaviorname, typename, operationname, position]
2022-01-11 16:23:47,163 [                    ] [                    ] [SpringOsgiExtenderThread-93] [DEBUG] [SQLLogUtil.java:logAfterExecutingQuery:67] - SQL query returned 2058 rows
2022-01-11 16:23:47,166 [                    ] [                    ] [SpringOsgiExtenderThread-93] [ INFO] [ObjectBehaviorPolicyMap.java:load:104] - Completed to load ObjectBehaviorPolicy
2022-01-11 16:23:47,166 [                    ] [                    ] [SpringOsgiExtenderThread-93] [DEBUG] [SQLLogUtil.java:logBeforeExecutingQuery:47] - SQL [SELECT CDA.conditionName, CDA.attributeName, CDA.dataType, CDA.caption FROM POSConditionDef CD, POSConditionAttributeDef CDA WHERE CD.conditionName = CDA.conditionName ORDER BY CDA.conditionName, CDA.position]
2022-01-11 16:23:47,173 [                    ] [                    ] [SpringOsgiExtenderThread-93] [DEBUG] [SQLLogUtil.java:logAfterExecutingQuery:67] - SQL query returned 67 rows
2022-01-11 16:23:47,173 [                    ] [                    ] [SpringOsgiExtenderThread-93] [DEBUG] [SQLLogUtil.java:logBeforeExecutingQuery:47] - SQL [SELECT PD.policyName, PD.policyMultiplicity, PD.policyTypeName, PDA.attributeName, PDA.dataType, PDA.caption, PDA.primaryKeyFlag FROM POSPolicyDef PD, POSPolicyAttributeDef PDA WHERE PD.policyName = PDA.policyName ORDER BY PD.policyName, PDA.position]
2022-01-11 16:23:47,184 [                    ] [                    ] [SpringOsgiExtenderThread-93] [DEBUG] [SQLLogUtil.java:logAfterExecutingQuery:67] - SQL query returned 150 rows
2022-01-11 16:23:47,186 [                    ] [                    ] [SpringOsgiExtenderThread-93] [DEBUG] [SQLLogUtil.java:logBeforeExecutingQuery:47] - SQL [SELECT policyName, conditionName FROM POSPolicyConditionDef ORDER BY policyName, searchPosition]
2022-01-11 16:23:47,186 [                    ] [                    ] [SpringOsgiExtenderThread-93] [DEBUG] [SQLLogUtil.java:logAfterExecutingQuery:67] - SQL query returned 37 rows
2022-01-11 16:23:47,186 [                    ] [                    ] [SpringOsgiExtenderThread-93] [DEBUG] [SQLLogUtil.java:logBeforeExecutingQuery:47] - SQL [SELECT conditionName, policyName FROM POSPolicyConditionDef ORDER BY conditionName, viewPosition]
2022-01-11 16:23:47,186 [                    ] [                    ] [SpringOsgiExtenderThread-93] [DEBUG] [SQLLogUtil.java:logAfterExecutingQuery:67] - SQL query returned 37 rows
2022-01-11 16:23:47,186 [                    ] [                    ] [SpringOsgiExtenderThread-93] [ INFO] [PosPolicyMap.java:load:85] - Completed to load PosPolicyMap
