2022-01-11 16:21:05,328 [                    ] [                    ] [Start Level Event Dispatcher] [ INFO] [GreenFrameOsgiApplicationContextCreator.java:createApplicationContext:38] - Discovered configurations in bundle [MESSolution.FMC.Service]  {osgibundle:/META-INF/spring/*.xml}
2022-01-11 16:21:05,338 [                    ] [                    ] [Start Level Event Dispatcher] [ INFO] [GreenFrameOsgiApplicationContextCreator.java:createApplicationContext:38] - Discovered configurations in bundle [MESSolution.Durable.Service]  {osgibundle:/META-INF/spring/*.xml}
2022-01-11 16:21:05,346 [                    ] [                    ] [Start Level Event Dispatcher] [ INFO] [GreenFrameOsgiApplicationContextCreator.java:createApplicationContext:38] - Discovered configurations in bundle [greenFrame.formatter]  {META-INF/spring/*.xml, META-INF/spring/CNXsvr/*.xml}
2022-01-11 16:21:05,346 [                    ] [                    ] [Start Level Event Dispatcher] [ INFO] [GreenFrameOsgiApplicationContextCreator.java:createApplicationContext:38] - Discovered configurations in bundle [MESSolution.RMS.Service]  {osgibundle:/META-INF/spring/*.xml}
2022-01-11 16:21:05,346 [                    ] [                    ] [Start Level Event Dispatcher] [ INFO] [GreenFrameOsgiApplicationContextCreator.java:createApplicationContext:38] - Discovered configurations in bundle [MESSolution.Port.Service]  {osgibundle:/META-INF/spring/*.xml}
2022-01-11 16:21:05,346 [                    ] [                    ] [Start Level Event Dispatcher] [ INFO] [GreenFrameOsgiApplicationContextCreator.java:createApplicationContext:38] - Discovered configurations in bundle [MESSolution.Alarm.Service]  {osgibundle:/META-INF/spring/*.xml}
2022-01-11 16:21:05,356 [                    ] [                    ] [Start Level Event Dispatcher] [ INFO] [GreenFrameOsgiApplicationContextCreator.java:createApplicationContext:38] - Discovered configurations in bundle [MESSolution.Machine.Service]  {osgibundle:/META-INF/spring/*.xml}
2022-01-11 16:21:05,356 [                    ] [                    ] [Start Level Event Dispatcher] [ INFO] [GreenFrameOsgiApplicationContextCreator.java:createApplicationContext:38] - Discovered configurations in bundle [greenFrame.workflow]  {META-INF/spring/*.xml, META-INF/spring/CNXsvr/*.xml}
2022-01-11 16:21:05,356 [                    ] [                    ] [Start Level Event Dispatcher] [ INFO] [GreenFrameOsgiApplicationContextCreator.java:createApplicationContext:38] - Discovered configurations in bundle [MESSolution.ProductRequest.Service]  {osgibundle:/META-INF/spring/*.xml}
2022-01-11 16:21:05,356 [                    ] [                    ] [Start Level Event Dispatcher] [ INFO] [GreenFrameOsgiApplicationContextCreator.java:createApplicationContext:38] - Discovered configurations in bundle [MESSolution.ProcessGroup.Service]  {osgibundle:/META-INF/spring/*.xml}
2022-01-11 16:21:05,356 [                    ] [                    ] [Start Level Event Dispatcher] [ INFO] [GreenFrameOsgiApplicationContextCreator.java:createApplicationContext:38] - Discovered configurations in bundle [MESSolution.TransportJob.Service]  {osgibundle:/META-INF/spring/*.xml}
2022-01-11 16:21:05,356 [                    ] [                    ] [Start Level Event Dispatcher] [ INFO] [GreenFrameOsgiApplicationContextCreator.java:createApplicationContext:38] - Discovered configurations in bundle [MESSolution.Consumable.Service]  {osgibundle:/META-INF/spring/*.xml}
2022-01-11 16:21:05,356 [                    ] [                    ] [Start Level Event Dispatcher] [ INFO] [GreenFrameOsgiApplicationContextCreator.java:createApplicationContext:38] - Discovered configurations in bundle [MESSolution.Query.Service]  {osgibundle:/META-INF/spring/*.xml}
2022-01-11 16:21:05,356 [                    ] [                    ] [Start Level Event Dispatcher] [ INFO] [GreenFrameOsgiApplicationContextCreator.java:createApplicationContext:38] - Discovered configurations in bundle [MESSolution.Lot.Service]  {osgibundle:/META-INF/spring/*.xml}
2022-01-11 16:21:05,372 [                    ] [                    ] [Start Level Event Dispatcher] [ INFO] [GreenFrameOsgiApplicationContextCreator.java:createApplicationContext:38] - Discovered configurations in bundle [MESSolution.Extended.Object]  {osgibundle:/META-INF/spring/*.xml}
2022-01-11 16:21:05,372 [                    ] [                    ] [Start Level Event Dispatcher] [ INFO] [GreenFrameOsgiApplicationContextCreator.java:createApplicationContext:38] - Discovered configurations in bundle [MESSolution.Extended.Policy]  {osgibundle:/META-INF/spring/*.xml}
2022-01-11 16:21:05,372 [                    ] [                    ] [Start Level Event Dispatcher] [ INFO] [GreenFrameOsgiApplicationContextCreator.java:createApplicationContext:38] - Discovered configurations in bundle [MESSolution.Extended.WebInterface]  {osgibundle:/META-INF/spring/*.xml}
2022-01-11 16:21:05,387 [                    ] [                    ] [Start Level Event Dispatcher] [ INFO] [GreenFrameOsgiApplicationContextCreator.java:createApplicationContext:38] - Discovered configurations in bundle [MESSolution.UserProfile.Service]  {osgibundle:/META-INF/spring/*.xml}
2022-01-11 16:21:05,387 [                    ] [                    ] [Start Level Event Dispatcher] [ INFO] [GreenFrameOsgiApplicationContextCreator.java:createApplicationContext:38] - Discovered configurations in bundle [MESSolution.DSP.Service]  {osgibundle:/META-INF/spring/*.xml}
2022-01-11 16:21:05,387 [                    ] [                    ] [Start Level Event Dispatcher] [ INFO] [GreenFrameOsgiApplicationContextCreator.java:createApplicationContext:38] - Discovered configurations in bundle [MESSolution.DataCollection.Service]  {osgibundle:/META-INF/spring/*.xml}
2022-01-11 16:21:05,387 [                    ] [                    ] [Start Level Event Dispatcher] [ INFO] [GreenFrameOsgiApplicationContextCreator.java:createApplicationContext:38] - Discovered configurations in bundle [MESSolution.PMS.Service]  {osgibundle:/META-INF/spring/*.xml}
2022-01-11 16:21:05,387 [                    ] [                    ] [Start Level Event Dispatcher] [ INFO] [GreenFrameOsgiApplicationContextCreator.java:createApplicationContext:38] - Discovered configurations in bundle [MESSolution.Product.Service]  {osgibundle:/META-INF/spring/*.xml}
2022-01-11 16:21:05,458 [                    ] [                    ] [Start Level Event Dispatcher] [ INFO] [GreenFrameOsgiApplicationContextCreator.java:createApplicationContext:38] - Discovered configurations in bundle [greenTrack.DataCollection.Service]  {osgibundle:/META-INF/spring/*.xml}
2022-01-11 16:21:05,458 [                    ] [                    ] [Start Level Event Dispatcher] [ INFO] [GreenFrameOsgiApplicationContextCreator.java:createApplicationContext:38] - Discovered configurations in bundle [greenTrack.Machine.Service]  {osgibundle:/META-INF/spring/*.xml}
2022-01-11 16:21:05,478 [                    ] [                    ] [Start Level Event Dispatcher] [ INFO] [GreenFrameOsgiApplicationContextCreator.java:createApplicationContext:38] - Discovered configurations in bundle [greenTrack.Behavior.Service]  {osgibundle:/META-INF/spring/*.xml}
2022-01-11 16:21:05,487 [                    ] [                    ] [Start Level Event Dispatcher] [ INFO] [GreenFrameOsgiApplicationContextCreator.java:createApplicationContext:38] - Discovered configurations in bundle [greenTrack.TransportGroup.Service]  {osgibundle:/META-INF/spring/*.xml}
2022-01-11 16:21:05,509 [                    ] [                    ] [Start Level Event Dispatcher] [ INFO] [GreenFrameOsgiApplicationContextCreator.java:createApplicationContext:38] - Discovered configurations in bundle [greenTrack.Recipe.Service]  {osgibundle:/META-INF/spring/*.xml}
2022-01-11 16:21:05,509 [                    ] [                    ] [Start Level Event Dispatcher] [ INFO] [GreenFrameOsgiApplicationContextCreator.java:createApplicationContext:38] - Discovered configurations in bundle [greenTrack.Factory.Service]  {osgibundle:/META-INF/spring/*.xml}
2022-01-11 16:21:05,509 [                    ] [                    ] [Start Level Event Dispatcher] [ INFO] [GreenFrameOsgiApplicationContextCreator.java:createApplicationContext:38] - Discovered configurations in bundle [greenTrack.Alarm.Service]  {osgibundle:/META-INF/spring/*.xml}
2022-01-11 16:21:05,509 [                    ] [                    ] [Start Level Event Dispatcher] [ INFO] [GreenFrameOsgiApplicationContextCreator.java:createApplicationContext:38] - Discovered configurations in bundle [greenTrack.Consumable.Service]  {osgibundle:/META-INF/spring/*.xml}
2022-01-11 16:21:05,519 [                    ] [                    ] [Start Level Event Dispatcher] [ INFO] [GreenFrameOsgiApplicationContextCreator.java:createApplicationContext:38] - Discovered configurations in bundle [greenTrack.Durable.Service]  {osgibundle:/META-INF/spring/*.xml}
2022-01-11 16:21:05,519 [                    ] [                    ] [Start Level Event Dispatcher] [ INFO] [GreenFrameOsgiApplicationContextCreator.java:createApplicationContext:38] - Discovered configurations in bundle [greenTrack.Product.Service]  {osgibundle:/META-INF/spring/*.xml}
2022-01-11 16:21:05,519 [                    ] [                    ] [Start Level Event Dispatcher] [ INFO] [GreenFrameOsgiApplicationContextCreator.java:createApplicationContext:38] - Discovered configurations in bundle [greenTrack.Policy.Service]  {osgibundle:/META-INF/spring/*.xml}
2022-01-11 16:21:05,570 [                    ] [                    ] [Start Level Event Dispatcher] [DEBUG] [GreenFrameConfigurationScanner.java:getConfigFiles:101] - greenFrame Configuration Absolute Path: D:\Project\V3_Source\eclipse\config [greenFrame.Infra]
2022-01-11 16:21:05,570 [                    ] [                    ] [Start Level Event Dispatcher] [ INFO] [GreenFrameConfigurationScanner.java:getConfigFiles:107] - No Configurations in D:\Project\V3_Source\eclipse\config. Searching configurations from inside the bundle [greenFrame.Infra]
2022-01-11 16:21:05,570 [                    ] [                    ] [Start Level Event Dispatcher] [DEBUG] [GreenFrameConfigurationScanner.java:getConfigFiles:101] - greenFrame Configuration Absolute Path: D:\Project\V3_Source\eclipse\config\CNXsvr [greenFrame.Infra]
2022-01-11 16:21:05,570 [                    ] [                    ] [Start Level Event Dispatcher] [ INFO] [GreenFrameConfigurationScanner.java:getConfigFiles:107] - No Configurations in D:\Project\V3_Source\eclipse\config\CNXsvr. Searching configurations from inside the bundle [greenFrame.Infra]
2022-01-11 16:21:05,570 [                    ] [                    ] [Start Level Event Dispatcher] [ INFO] [GreenFrameOsgiApplicationContextCreator.java:createApplicationContext:38] - Discovered configurations in bundle [greenFrame.Infra]  {osgibundle:config/*.xml, osgibundle:config/CNXsvr/*.xml}
2022-01-11 16:21:05,578 [                    ] [                    ] [Start Level Event Dispatcher] [ INFO] [GreenFrameOsgiApplicationContextCreator.java:createApplicationContext:38] - Discovered configurations in bundle [MESSolution.Generic]  {osgibundle:/META-INF/spring/*.xml}
2022-01-11 16:21:05,580 [                    ] [                    ] [Start Level Event Dispatcher] [ INFO] [GreenFrameOsgiApplicationContextCreator.java:createApplicationContext:38] - Discovered configurations in bundle [greenTrack.ProductRequestPlan.Service]  {osgibundle:/META-INF/spring/*.xml}
2022-01-11 16:21:05,610 [                    ] [                    ] [Start Level Event Dispatcher] [ INFO] [GreenFrameOsgiApplicationContextCreator.java:createApplicationContext:38] - Discovered configurations in bundle [greenTrack.Object.Service]  {osgibundle:/META-INF/spring/*.xml}
2022-01-11 16:21:05,620 [                    ] [                    ] [Start Level Event Dispatcher] [ INFO] [GreenFrameOsgiApplicationContextCreator.java:createApplicationContext:38] - Discovered configurations in bundle [greenTrack.Port.Service]  {osgibundle:/META-INF/spring/*.xml}
2022-01-11 16:21:05,620 [                    ] [                    ] [Start Level Event Dispatcher] [ INFO] [GreenFrameOsgiApplicationContextCreator.java:createApplicationContext:38] - Discovered configurations in bundle [greenTrack.ProcessOperationSpec.Service]  {osgibundle:/META-INF/spring/*.xml}
2022-01-11 16:21:05,620 [                    ] [                    ] [Start Level Event Dispatcher] [ INFO] [GreenFrameOsgiApplicationContextCreator.java:createApplicationContext:38] - Discovered configurations in bundle [greenTrack.ProcessFlow.Service]  {osgibundle:/META-INF/spring/*.xml}
2022-01-11 16:21:05,620 [                    ] [                    ] [Start Level Event Dispatcher] [ INFO] [GreenFrameOsgiApplicationContextCreator.java:createApplicationContext:38] - Discovered configurations in bundle [greenTrack.User.Service]  {osgibundle:/META-INF/spring/*.xml}
2022-01-11 16:21:05,630 [                    ] [                    ] [Start Level Event Dispatcher] [ INFO] [GreenFrameOsgiApplicationContextCreator.java:createApplicationContext:38] - Discovered configurations in bundle [greenTrack.Lot.Service]  {osgibundle:/META-INF/spring/*.xml}
2022-01-11 16:21:05,658 [                    ] [                    ] [Start Level Event Dispatcher] [ INFO] [GreenFrameOsgiApplicationContextCreator.java:createApplicationContext:38] - Discovered configurations in bundle [greenTrack.SPCControl.Service]  {osgibundle:/META-INF/spring/*.xml}
2022-01-11 16:21:05,701 [                    ] [                    ] [Start Level Event Dispatcher] [ INFO] [GreenFrameOsgiApplicationContextCreator.java:createApplicationContext:38] - Discovered configurations in bundle [greenTrack.Name.Service]  {osgibundle:/META-INF/spring/*.xml}
2022-01-11 16:21:05,701 [                    ] [                    ] [Start Level Event Dispatcher] [ INFO] [GreenFrameOsgiApplicationContextCreator.java:createApplicationContext:38] - Discovered configurations in bundle [greenTrack.ProductRequest.Service]  {osgibundle:/META-INF/spring/*.xml}
2022-01-11 16:21:05,741 [                    ] [                    ] [SpringOsgiExtenderThread-18] [ INFO] [GreenFrameOsgiApplicationContextCreator.java:createApplicationContext:38] - Discovered configurations in bundle [greenTrack.Generic.Service]  {osgibundle:/META-INF/spring/*.xml}
2022-01-11 16:21:05,769 [                    ] [                    ] [Start Level Event Dispatcher] [ INFO] [GreenFrameOsgiApplicationContextCreator.java:createApplicationContext:38] - Discovered configurations in bundle [greenTrack.ProcessGroup.Service]  {osgibundle:/META-INF/spring/*.xml}
2022-01-11 16:21:06,782 [                    ] [                    ] [SpringOsgiExtenderThread-80] [ INFO] [BpelProcessManager.java:createThreadPool:176] - Thead Pool [CORE=3 , MAX=5, QueueSize=0 , KEEP_ALIVE=500]
2022-01-11 16:21:07,349 [                    ] [                    ] [SpringOsgiExtenderThread-80] [ INFO] [CustomBpelExRepository.java:readBpels:223] - Target Bundle-Name [greenFrame.workflow] for greenFrame workflow service
2022-01-11 16:21:07,369 [                    ] [                    ] [SpringOsgiExtenderThread-80] [ INFO] [AbstractBpelRepository.java:addBpelProcess:42] - add complete [{http://bpel.aim.co.kr/bpelj/}dispatching.bpel@0]
2022-01-11 16:21:07,369 [                    ] [                    ] [SpringOsgiExtenderThread-80] [ WARN] [CustomBpelExRepository.java:startWatcher:393] - Could not create BpelWatcher
2022-01-11 16:21:07,521 [                    ] [                    ] [SpringOsgiExtenderThread-91] [DEBUG] [SQLLogUtil.java:logBeforeExecutingQuery:47] - SQL [select oad.typename, oad.position, oad.attributename, oad.primarykeyflag, oad.attributetype, oad.datatype, oad.defaultvalue,otd.extendedtflag 
from objectattributedef oad, objecttypedef otd where oad.attributetype = 'Standard' and oad.typename = otd.typename order by typename, position]
2022-01-11 16:21:07,938 [                    ] [                    ] [SpringOsgiExtenderThread-91] [DEBUG] [SQLLogUtil.java:logAfterExecutingQuery:67] - SQL query returned 2286 rows
2022-01-11 16:21:07,956 [                    ] [                    ] [SpringOsgiExtenderThread-91] [DEBUG] [SQLLogUtil.java:logBeforeExecutingQuery:47] - SQL [select oad.typename, oad.position, oad.attributename, oad.primarykeyflag, oad.attributetype, oad.datatype, oad.defaultvalue,otd.extendedtflag 
from objectattributedef oad, objecttypedef otd where oad.attributetype = 'ExtendedC' and oad.typename = otd.typename order by typename, position]
2022-01-11 16:21:08,067 [                    ] [                    ] [SpringOsgiExtenderThread-91] [DEBUG] [SQLLogUtil.java:logAfterExecutingQuery:67] - SQL query returned 622 rows
2022-01-11 16:21:08,067 [                    ] [                    ] [SpringOsgiExtenderThread-91] [DEBUG] [SQLLogUtil.java:logBeforeExecutingQuery:47] - SQL [select oad.typename, oad.position, oad.attributename, oad.primarykeyflag, oad.attributetype, oad.datatype, oad.defaultvalue,otd.extendedtflag 
from objectattributedef oad, objecttypedef otd where oad.attributetype = 'ExtendedT' and oad.typename = otd.typename order by typename, position]
2022-01-11 16:21:08,075 [                    ] [                    ] [SpringOsgiExtenderThread-91] [DEBUG] [SQLLogUtil.java:logAfterExecutingQuery:67] - SQL query returned 0 rows
2022-01-11 16:21:08,075 [                    ] [                    ] [SpringOsgiExtenderThread-91] [ INFO] [ObjectAttributeMap.java:load:125] - Completed to load ObjectAttributeMap
2022-01-11 16:21:08,075 [                    ] [                    ] [SpringOsgiExtenderThread-91] [DEBUG] [InfraServiceProxy.java:setApplicationContext:16] - Success Get AC
2022-01-11 16:21:08,075 [                    ] [                    ] [SpringOsgiExtenderThread-91] [DEBUG] [SQLLogUtil.java:logBeforeExecutingQuery:47] - SQL [select constantName, constantValue
 from ConstantDef where cacheFlag = 'Y' ORDER BY constantName]
2022-01-11 16:21:08,097 [                    ] [                    ] [SpringOsgiExtenderThread-91] [DEBUG] [SQLLogUtil.java:logAfterExecutingQuery:67] - SQL query returned 172 rows
2022-01-11 16:21:08,097 [                    ] [                    ] [SpringOsgiExtenderThread-91] [ INFO] [AbstractConstantMap.java:load:316] - Load AbstractConstantMap successfully.
2022-01-11 16:21:08,097 [                    ] [                    ] [SpringOsgiExtenderThread-91] [ INFO] [ConstantMap.java:load:49] - Load Custom Common ConstantMap successfully.
2022-01-11 16:21:08,268 [                    ] [                    ] [SpringOsgiExtenderThread-91] [ INFO] [TibDQAdaptor.java:open:300] - Advisory Listener initialized
2022-01-11 16:21:08,300 [                    ] [                    ] [SpringOsgiExtenderThread-91] [ INFO] [EventConfigurator.java:afterPropertiesSet:43] - event configurator initializing for [CNXsvr]
2022-01-11 16:21:08,300 [                    ] [                    ] [SpringOsgiExtenderThread-91] [ INFO] [EventConfigurator.java:afterPropertiesSet:46] - ClassMap load result : 687 rows
2022-01-11 16:21:08,350 [                    ] [                    ] [SpringOsgiExtenderThread-93] [DEBUG] [SQLLogUtil.java:logBeforeExecutingQuery:47] - SQL [select ED.enumname, EV.enumvalue, ED.usage, ED.constantflag, EV.defaultflag, EV.description from enumdef ED, enumdefvalue EV 
where ED.enumname = EV.enumname and ED.enumname != 'Usage' order by ED.usage]
2022-01-11 16:21:08,359 [                    ] [                    ] [SpringOsgiExtenderThread-91] [ INFO] [DQListener.java:afterPropertiesSet:82] - ***********************************************************************************************
2022-01-11 16:21:08,359 [                    ] [                    ] [SpringOsgiExtenderThread-91] [ INFO] [DQListener.java:afterPropertiesSet:83] - <LOCALListener> SubjectName=_LOCAL.VISIONOX.V3.MES.DEVsjlee.FAB.CNXsvr Service=8500, Network=;225.11.11.5, Daemon=, WorkerWeight=2, WorkerTasks=1, SchedulerWeight=10, SchedulerHeartbeat=3.0, SchedulerActivation=5.0
2022-01-11 16:21:08,359 [                    ] [                    ] [SpringOsgiExtenderThread-91] [ INFO] [DQListener.java:afterPropertiesSet:102] - ***********************************************************************************************
2022-01-11 16:21:08,381 [                    ] [                    ] [SpringOsgiExtenderThread-91] [ INFO] [TibDQAdaptor.java:open:429] - Initialized kr.co.aim.greenframe.esb.tibco.DQListener TIBCO Adaptor
2022-01-11 16:21:08,461 [                    ] [                    ] [SpringOsgiExtenderThread-93] [DEBUG] [SQLLogUtil.java:logAfterExecutingQuery:67] - SQL query returned 2160 rows
2022-01-11 16:21:08,477 [                    ] [                    ] [SpringOsgiExtenderThread-93] [ INFO] [EnumMap.java:load:82] - Loading to completed [size=2160]
2022-01-11 16:21:08,477 [                    ] [                    ] [SpringOsgiExtenderThread-93] [DEBUG] [SQLLogUtil.java:logBeforeExecutingQuery:47] - SQL [select * from objectbehaviorvalidation order by behaviorname]
2022-01-11 16:21:08,530 [                    ] [                    ] [SpringOsgiExtenderThread-93] [DEBUG] [SQLLogUtil.java:logAfterExecutingQuery:67] - SQL query returned 1379 rows
2022-01-11 16:21:08,530 [                    ] [                    ] [SpringOsgiExtenderThread-93] [ INFO] [ObjectBehaviorValidationMap.java:load:93] - Completed to load ObjectBehaviorValidationMap
2022-01-11 16:21:08,530 [                    ] [                    ] [SpringOsgiExtenderThread-93] [DEBUG] [SQLLogUtil.java:logBeforeExecutingQuery:47] - SQL [select factoryName, gradeType, grade, quantityFlag, initialFlag
 from gradeDefinition order by factoryName, gradeType, grade]
2022-01-11 16:21:08,530 [                    ] [                    ] [SpringOsgiExtenderThread-93] [DEBUG] [SQLLogUtil.java:logAfterExecutingQuery:67] - SQL query returned 132 rows
2022-01-11 16:21:08,546 [                    ] [                    ] [SpringOsgiExtenderThread-93] [ INFO] [GradeMap.java:load:65] - Load GradeMap successfully.
2022-01-11 16:21:08,546 [                    ] [                    ] [SpringOsgiExtenderThread-93] [DEBUG] [SQLLogUtil.java:logBeforeExecutingQuery:47] - SQL [SELECT behaviorname FROM objectbehavior WHERE defaultflag = 'Y']
2022-01-11 16:21:08,546 [                    ] [                    ] [SpringOsgiExtenderThread-93] [DEBUG] [SQLLogUtil.java:logAfterExecutingQuery:67] - SQL query returned 1 rows
2022-01-11 16:21:08,546 [                    ] [                    ] [SpringOsgiExtenderThread-93] [DEBUG] [SQLLogUtil.java:logBeforeExecutingQuery:47] - SQL [select * from objectbehaviorpolicy order by behaviorname, typename, operationname, position]
2022-01-11 16:21:08,615 [                    ] [                    ] [SpringOsgiExtenderThread-93] [DEBUG] [SQLLogUtil.java:logAfterExecutingQuery:67] - SQL query returned 2058 rows
2022-01-11 16:21:08,615 [                    ] [                    ] [SpringOsgiExtenderThread-93] [ INFO] [ObjectBehaviorPolicyMap.java:load:104] - Completed to load ObjectBehaviorPolicy
2022-01-11 16:21:08,615 [                    ] [                    ] [SpringOsgiExtenderThread-93] [DEBUG] [SQLLogUtil.java:logBeforeExecutingQuery:47] - SQL [SELECT CDA.conditionName, CDA.attributeName, CDA.dataType, CDA.caption FROM POSConditionDef CD, POSConditionAttributeDef CDA WHERE CD.conditionName = CDA.conditionName ORDER BY CDA.conditionName, CDA.position]
2022-01-11 16:21:08,615 [                    ] [                    ] [SpringOsgiExtenderThread-93] [DEBUG] [SQLLogUtil.java:logAfterExecutingQuery:67] - SQL query returned 67 rows
2022-01-11 16:21:08,615 [                    ] [                    ] [SpringOsgiExtenderThread-93] [DEBUG] [SQLLogUtil.java:logBeforeExecutingQuery:47] - SQL [SELECT PD.policyName, PD.policyMultiplicity, PD.policyTypeName, PDA.attributeName, PDA.dataType, PDA.caption, PDA.primaryKeyFlag FROM POSPolicyDef PD, POSPolicyAttributeDef PDA WHERE PD.policyName = PDA.policyName ORDER BY PD.policyName, PDA.position]
2022-01-11 16:21:08,615 [                    ] [                    ] [SpringOsgiExtenderThread-93] [DEBUG] [SQLLogUtil.java:logAfterExecutingQuery:67] - SQL query returned 150 rows
2022-01-11 16:21:08,615 [                    ] [                    ] [SpringOsgiExtenderThread-93] [DEBUG] [SQLLogUtil.java:logBeforeExecutingQuery:47] - SQL [SELECT policyName, conditionName FROM POSPolicyConditionDef ORDER BY policyName, searchPosition]
2022-01-11 16:21:08,630 [                    ] [                    ] [SpringOsgiExtenderThread-93] [DEBUG] [SQLLogUtil.java:logAfterExecutingQuery:67] - SQL query returned 37 rows
2022-01-11 16:21:08,630 [                    ] [                    ] [SpringOsgiExtenderThread-93] [DEBUG] [SQLLogUtil.java:logBeforeExecutingQuery:47] - SQL [SELECT conditionName, policyName FROM POSPolicyConditionDef ORDER BY conditionName, viewPosition]
2022-01-11 16:21:08,630 [                    ] [                    ] [SpringOsgiExtenderThread-93] [DEBUG] [SQLLogUtil.java:logAfterExecutingQuery:67] - SQL query returned 37 rows
2022-01-11 16:21:08,630 [                    ] [                    ] [SpringOsgiExtenderThread-93] [ INFO] [PosPolicyMap.java:load:85] - Completed to load PosPolicyMap
