2022-01-11 11:40:27,302 [                    ] [                    ] [Start Level Event Dispatcher] [ INFO] [GreenFrameOsgiApplicationContextCreator.java:createApplicationContext:38] - Discovered configurations in bundle [greenTrack.Port.Service]  {osgibundle:/META-INF/spring/*.xml}
2022-01-11 11:40:27,323 [                    ] [                    ] [Start Level Event Dispatcher] [ INFO] [GreenFrameOsgiApplicationContextCreator.java:createApplicationContext:38] - Discovered configurations in bundle [greenTrack.Alarm.Service]  {osgibundle:/META-INF/spring/*.xml}
2022-01-11 11:40:27,325 [                    ] [                    ] [Start Level Event Dispatcher] [ INFO] [GreenFrameOsgiApplicationContextCreator.java:createApplicationContext:38] - Discovered configurations in bundle [greenTrack.Machine.Service]  {osgibundle:/META-INF/spring/*.xml}
2022-01-11 11:40:27,328 [                    ] [                    ] [Start Level Event Dispatcher] [ INFO] [GreenFrameOsgiApplicationContextCreator.java:createApplicationContext:38] - Discovered configurations in bundle [greenTrack.Consumable.Service]  {osgibundle:/META-INF/spring/*.xml}
2022-01-11 11:40:27,330 [                    ] [                    ] [Start Level Event Dispatcher] [ INFO] [GreenFrameOsgiApplicationContextCreator.java:createApplicationContext:38] - Discovered configurations in bundle [greenTrack.Generic.Service]  {osgibundle:/META-INF/spring/*.xml}
2022-01-11 11:40:27,333 [                    ] [                    ] [Start Level Event Dispatcher] [ INFO] [GreenFrameOsgiApplicationContextCreator.java:createApplicationContext:38] - Discovered configurations in bundle [greenTrack.DataCollection.Service]  {osgibundle:/META-INF/spring/*.xml}
2022-01-11 11:40:27,334 [                    ] [                    ] [Start Level Event Dispatcher] [ INFO] [GreenFrameOsgiApplicationContextCreator.java:createApplicationContext:38] - Discovered configurations in bundle [greenTrack.Name.Service]  {osgibundle:/META-INF/spring/*.xml}
2022-01-11 11:40:27,336 [                    ] [                    ] [Start Level Event Dispatcher] [ INFO] [GreenFrameOsgiApplicationContextCreator.java:createApplicationContext:38] - Discovered configurations in bundle [greenTrack.SPCControl.Service]  {osgibundle:/META-INF/spring/*.xml}
2022-01-11 11:40:27,338 [                    ] [                    ] [Start Level Event Dispatcher] [ INFO] [GreenFrameOsgiApplicationContextCreator.java:createApplicationContext:38] - Discovered configurations in bundle [greenTrack.Behavior.Service]  {osgibundle:/META-INF/spring/*.xml}
2022-01-11 11:40:27,376 [                    ] [                    ] [Start Level Event Dispatcher] [ INFO] [GreenFrameOsgiApplicationContextCreator.java:createApplicationContext:38] - Discovered configurations in bundle [greenTrack.Object.Service]  {osgibundle:/META-INF/spring/*.xml}
2022-01-11 11:40:27,377 [                    ] [                    ] [Start Level Event Dispatcher] [ INFO] [GreenFrameOsgiApplicationContextCreator.java:createApplicationContext:38] - Discovered configurations in bundle [greenTrack.Policy.Service]  {osgibundle:/META-INF/spring/*.xml}
2022-01-11 11:40:27,402 [                    ] [                    ] [Start Level Event Dispatcher] [ INFO] [GreenFrameOsgiApplicationContextCreator.java:createApplicationContext:38] - Discovered configurations in bundle [greenTrack.TransportGroup.Service]  {osgibundle:/META-INF/spring/*.xml}
2022-01-11 11:40:27,403 [                    ] [                    ] [Start Level Event Dispatcher] [ INFO] [GreenFrameOsgiApplicationContextCreator.java:createApplicationContext:38] - Discovered configurations in bundle [greenTrack.ProcessGroup.Service]  {osgibundle:/META-INF/spring/*.xml}
2022-01-11 11:40:27,405 [                    ] [                    ] [Start Level Event Dispatcher] [ INFO] [GreenFrameOsgiApplicationContextCreator.java:createApplicationContext:38] - Discovered configurations in bundle [greenTrack.Factory.Service]  {osgibundle:/META-INF/spring/*.xml}
2022-01-11 11:40:27,408 [                    ] [                    ] [Start Level Event Dispatcher] [ INFO] [GreenFrameOsgiApplicationContextCreator.java:createApplicationContext:38] - Discovered configurations in bundle [greenTrack.ProductRequest.Service]  {osgibundle:/META-INF/spring/*.xml}
2022-01-11 11:40:27,457 [                    ] [                    ] [Start Level Event Dispatcher] [ INFO] [GreenFrameOsgiApplicationContextCreator.java:createApplicationContext:38] - Discovered configurations in bundle [greenTrack.ProcessOperationSpec.Service]  {osgibundle:/META-INF/spring/*.xml}
2022-01-11 11:40:27,460 [                    ] [                    ] [Start Level Event Dispatcher] [ INFO] [GreenFrameOsgiApplicationContextCreator.java:createApplicationContext:38] - Discovered configurations in bundle [greenTrack.Product.Service]  {osgibundle:/META-INF/spring/*.xml}
2022-01-11 11:40:27,465 [                    ] [                    ] [Start Level Event Dispatcher] [ INFO] [GreenFrameOsgiApplicationContextCreator.java:createApplicationContext:38] - Discovered configurations in bundle [greenTrack.Durable.Service]  {osgibundle:/META-INF/spring/*.xml}
2022-01-11 11:40:27,553 [                    ] [                    ] [Start Level Event Dispatcher] [ INFO] [GreenFrameOsgiApplicationContextCreator.java:createApplicationContext:38] - Discovered configurations in bundle [greenTrack.User.Service]  {osgibundle:/META-INF/spring/*.xml}
2022-01-11 11:40:27,559 [                    ] [                    ] [Start Level Event Dispatcher] [ INFO] [GreenFrameOsgiApplicationContextCreator.java:createApplicationContext:38] - Discovered configurations in bundle [greenTrack.ProductRequestPlan.Service]  {osgibundle:/META-INF/spring/*.xml}
2022-01-11 11:40:27,562 [                    ] [                    ] [Start Level Event Dispatcher] [ INFO] [GreenFrameOsgiApplicationContextCreator.java:createApplicationContext:38] - Discovered configurations in bundle [greenTrack.Recipe.Service]  {osgibundle:/META-INF/spring/*.xml}
2022-01-11 11:40:27,567 [                    ] [                    ] [Start Level Event Dispatcher] [ INFO] [GreenFrameOsgiApplicationContextCreator.java:createApplicationContext:38] - Discovered configurations in bundle [greenTrack.Lot.Service]  {osgibundle:/META-INF/spring/*.xml}
2022-01-11 11:40:27,590 [                    ] [                    ] [Start Level Event Dispatcher] [ INFO] [GreenFrameOsgiApplicationContextCreator.java:createApplicationContext:38] - Discovered configurations in bundle [greenTrack.ProcessFlow.Service]  {osgibundle:/META-INF/spring/*.xml}
2022-01-11 11:40:27,756 [                    ] [                    ] [Start Level Event Dispatcher] [ INFO] [GreenFrameOsgiApplicationContextCreator.java:createApplicationContext:38] - Discovered configurations in bundle [MESSolution.FMC.Service]  {osgibundle:/META-INF/spring/*.xml}
2022-01-11 11:40:27,759 [                    ] [                    ] [Start Level Event Dispatcher] [ INFO] [GreenFrameOsgiApplicationContextCreator.java:createApplicationContext:38] - Discovered configurations in bundle [MESSolution.Durable.Service]  {osgibundle:/META-INF/spring/*.xml}
2022-01-11 11:40:27,763 [                    ] [                    ] [Start Level Event Dispatcher] [ INFO] [GreenFrameOsgiApplicationContextCreator.java:createApplicationContext:38] - Discovered configurations in bundle [greenFrame.formatter]  {META-INF/spring/*.xml, META-INF/spring/CNXsvr/*.xml}
2022-01-11 11:40:27,765 [                    ] [                    ] [Start Level Event Dispatcher] [ INFO] [GreenFrameOsgiApplicationContextCreator.java:createApplicationContext:38] - Discovered configurations in bundle [MESSolution.RMS.Service]  {osgibundle:/META-INF/spring/*.xml}
2022-01-11 11:40:27,767 [                    ] [                    ] [Start Level Event Dispatcher] [ INFO] [GreenFrameOsgiApplicationContextCreator.java:createApplicationContext:38] - Discovered configurations in bundle [MESSolution.Port.Service]  {osgibundle:/META-INF/spring/*.xml}
2022-01-11 11:40:27,769 [                    ] [                    ] [Start Level Event Dispatcher] [ INFO] [GreenFrameOsgiApplicationContextCreator.java:createApplicationContext:38] - Discovered configurations in bundle [MESSolution.Alarm.Service]  {osgibundle:/META-INF/spring/*.xml}
2022-01-11 11:40:27,811 [                    ] [                    ] [Start Level Event Dispatcher] [ INFO] [GreenFrameOsgiApplicationContextCreator.java:createApplicationContext:38] - Discovered configurations in bundle [MESSolution.Machine.Service]  {osgibundle:/META-INF/spring/*.xml}
2022-01-11 11:40:27,814 [                    ] [                    ] [Start Level Event Dispatcher] [ INFO] [GreenFrameOsgiApplicationContextCreator.java:createApplicationContext:38] - Discovered configurations in bundle [greenFrame.workflow]  {META-INF/spring/*.xml, META-INF/spring/CNXsvr/*.xml}
2022-01-11 11:40:27,816 [                    ] [                    ] [Start Level Event Dispatcher] [ INFO] [GreenFrameOsgiApplicationContextCreator.java:createApplicationContext:38] - Discovered configurations in bundle [MESSolution.ProductRequest.Service]  {osgibundle:/META-INF/spring/*.xml}
2022-01-11 11:40:27,821 [                    ] [                    ] [Start Level Event Dispatcher] [ INFO] [GreenFrameOsgiApplicationContextCreator.java:createApplicationContext:38] - Discovered configurations in bundle [MESSolution.ProcessGroup.Service]  {osgibundle:/META-INF/spring/*.xml}
2022-01-11 11:40:27,825 [                    ] [                    ] [Start Level Event Dispatcher] [ INFO] [GreenFrameOsgiApplicationContextCreator.java:createApplicationContext:38] - Discovered configurations in bundle [MESSolution.TransportJob.Service]  {osgibundle:/META-INF/spring/*.xml}
2022-01-11 11:40:27,828 [                    ] [                    ] [Start Level Event Dispatcher] [ INFO] [GreenFrameOsgiApplicationContextCreator.java:createApplicationContext:38] - Discovered configurations in bundle [MESSolution.Consumable.Service]  {osgibundle:/META-INF/spring/*.xml}
2022-01-11 11:40:27,830 [                    ] [                    ] [Start Level Event Dispatcher] [ INFO] [GreenFrameOsgiApplicationContextCreator.java:createApplicationContext:38] - Discovered configurations in bundle [MESSolution.Query.Service]  {osgibundle:/META-INF/spring/*.xml}
2022-01-11 11:40:27,832 [                    ] [                    ] [Start Level Event Dispatcher] [ INFO] [GreenFrameOsgiApplicationContextCreator.java:createApplicationContext:38] - Discovered configurations in bundle [MESSolution.Lot.Service]  {osgibundle:/META-INF/spring/*.xml}
2022-01-11 11:40:27,834 [                    ] [                    ] [Start Level Event Dispatcher] [ INFO] [GreenFrameOsgiApplicationContextCreator.java:createApplicationContext:38] - Discovered configurations in bundle [MESSolution.Extended.Object]  {osgibundle:/META-INF/spring/*.xml}
2022-01-11 11:40:27,837 [                    ] [                    ] [Start Level Event Dispatcher] [ INFO] [GreenFrameOsgiApplicationContextCreator.java:createApplicationContext:38] - Discovered configurations in bundle [MESSolution.Extended.Policy]  {osgibundle:/META-INF/spring/*.xml}
2022-01-11 11:40:27,841 [                    ] [                    ] [Start Level Event Dispatcher] [ INFO] [GreenFrameOsgiApplicationContextCreator.java:createApplicationContext:38] - Discovered configurations in bundle [MESSolution.Extended.WebInterface]  {osgibundle:/META-INF/spring/*.xml}
2022-01-11 11:40:27,843 [                    ] [                    ] [Start Level Event Dispatcher] [DEBUG] [GreenFrameConfigurationScanner.java:getConfigFiles:101] - greenFrame Configuration Absolute Path: D:\Project\V3_Source\eclipse\config [greenFrame.Infra]
2022-01-11 11:40:27,843 [                    ] [                    ] [Start Level Event Dispatcher] [ INFO] [GreenFrameConfigurationScanner.java:getConfigFiles:107] - No Configurations in D:\Project\V3_Source\eclipse\config. Searching configurations from inside the bundle [greenFrame.Infra]
2022-01-11 11:40:27,867 [                    ] [                    ] [Start Level Event Dispatcher] [DEBUG] [GreenFrameConfigurationScanner.java:getConfigFiles:101] - greenFrame Configuration Absolute Path: D:\Project\V3_Source\eclipse\config\CNXsvr [greenFrame.Infra]
2022-01-11 11:40:27,867 [                    ] [                    ] [Start Level Event Dispatcher] [ INFO] [GreenFrameConfigurationScanner.java:getConfigFiles:107] - No Configurations in D:\Project\V3_Source\eclipse\config\CNXsvr. Searching configurations from inside the bundle [greenFrame.Infra]
2022-01-11 11:40:27,868 [                    ] [                    ] [Start Level Event Dispatcher] [ INFO] [GreenFrameOsgiApplicationContextCreator.java:createApplicationContext:38] - Discovered configurations in bundle [greenFrame.Infra]  {osgibundle:config/*.xml, osgibundle:config/CNXsvr/*.xml}
2022-01-11 11:40:27,921 [                    ] [                    ] [Start Level Event Dispatcher] [ INFO] [GreenFrameOsgiApplicationContextCreator.java:createApplicationContext:38] - Discovered configurations in bundle [MESSolution.UserProfile.Service]  {osgibundle:/META-INF/spring/*.xml}
2022-01-11 11:40:27,923 [                    ] [                    ] [Start Level Event Dispatcher] [ INFO] [GreenFrameOsgiApplicationContextCreator.java:createApplicationContext:38] - Discovered configurations in bundle [MESSolution.DSP.Service]  {osgibundle:/META-INF/spring/*.xml}
2022-01-11 11:40:27,925 [                    ] [                    ] [Start Level Event Dispatcher] [ INFO] [GreenFrameOsgiApplicationContextCreator.java:createApplicationContext:38] - Discovered configurations in bundle [MESSolution.DataCollection.Service]  {osgibundle:/META-INF/spring/*.xml}
2022-01-11 11:40:27,928 [                    ] [                    ] [Start Level Event Dispatcher] [ INFO] [GreenFrameOsgiApplicationContextCreator.java:createApplicationContext:38] - Discovered configurations in bundle [MESSolution.PMS.Service]  {osgibundle:/META-INF/spring/*.xml}
2022-01-11 11:40:27,930 [                    ] [                    ] [Start Level Event Dispatcher] [ INFO] [GreenFrameOsgiApplicationContextCreator.java:createApplicationContext:38] - Discovered configurations in bundle [MESSolution.Product.Service]  {osgibundle:/META-INF/spring/*.xml}
2022-01-11 11:40:27,934 [                    ] [                    ] [Start Level Event Dispatcher] [ INFO] [GreenFrameOsgiApplicationContextCreator.java:createApplicationContext:38] - Discovered configurations in bundle [MESSolution.Generic]  {osgibundle:/META-INF/spring/*.xml}
2022-01-11 11:40:28,659 [                    ] [                    ] [SpringOsgiExtenderThread-85] [ INFO] [BpelProcessManager.java:createThreadPool:176] - Thead Pool [CORE=3 , MAX=5, QueueSize=0 , KEEP_ALIVE=500]
2022-01-11 11:40:29,117 [                    ] [                    ] [SpringOsgiExtenderThread-85] [ INFO] [CustomBpelExRepository.java:readBpels:223] - Target Bundle-Name [greenFrame.workflow] for greenFrame workflow service
2022-01-11 11:40:29,136 [                    ] [                    ] [SpringOsgiExtenderThread-85] [ INFO] [AbstractBpelRepository.java:addBpelProcess:42] - add complete [{http://bpel.aim.co.kr/bpelj/}dispatching.bpel@0]
2022-01-11 11:40:29,138 [                    ] [                    ] [SpringOsgiExtenderThread-85] [ WARN] [CustomBpelExRepository.java:startWatcher:393] - Could not create BpelWatcher
2022-01-11 11:40:29,188 [                    ] [                    ] [SpringOsgiExtenderThread-92] [DEBUG] [SQLLogUtil.java:logBeforeExecutingQuery:47] - SQL [select oad.typename, oad.position, oad.attributename, oad.primarykeyflag, oad.attributetype, oad.datatype, oad.defaultvalue,otd.extendedtflag 
from objectattributedef oad, objecttypedef otd where oad.attributetype = 'Standard' and oad.typename = otd.typename order by typename, position]
2022-01-11 11:40:29,658 [                    ] [                    ] [SpringOsgiExtenderThread-92] [DEBUG] [SQLLogUtil.java:logAfterExecutingQuery:67] - SQL query returned 2286 rows
2022-01-11 11:40:29,676 [                    ] [                    ] [SpringOsgiExtenderThread-92] [DEBUG] [SQLLogUtil.java:logBeforeExecutingQuery:47] - SQL [select oad.typename, oad.position, oad.attributename, oad.primarykeyflag, oad.attributetype, oad.datatype, oad.defaultvalue,otd.extendedtflag 
from objectattributedef oad, objecttypedef otd where oad.attributetype = 'ExtendedC' and oad.typename = otd.typename order by typename, position]
2022-01-11 11:40:29,766 [                    ] [                    ] [SpringOsgiExtenderThread-92] [DEBUG] [SQLLogUtil.java:logAfterExecutingQuery:67] - SQL query returned 622 rows
2022-01-11 11:40:29,771 [                    ] [                    ] [SpringOsgiExtenderThread-92] [DEBUG] [SQLLogUtil.java:logBeforeExecutingQuery:47] - SQL [select oad.typename, oad.position, oad.attributename, oad.primarykeyflag, oad.attributetype, oad.datatype, oad.defaultvalue,otd.extendedtflag 
from objectattributedef oad, objecttypedef otd where oad.attributetype = 'ExtendedT' and oad.typename = otd.typename order by typename, position]
2022-01-11 11:40:29,775 [                    ] [                    ] [SpringOsgiExtenderThread-92] [DEBUG] [SQLLogUtil.java:logAfterExecutingQuery:67] - SQL query returned 0 rows
2022-01-11 11:40:29,775 [                    ] [                    ] [SpringOsgiExtenderThread-92] [ INFO] [ObjectAttributeMap.java:load:125] - Completed to load ObjectAttributeMap
2022-01-11 11:40:29,776 [                    ] [                    ] [SpringOsgiExtenderThread-92] [DEBUG] [InfraServiceProxy.java:setApplicationContext:16] - Success Get AC
2022-01-11 11:40:30,117 [                    ] [                    ] [SpringOsgiExtenderThread-92] [ INFO] [TibDQAdaptor.java:open:300] - Advisory Listener initialized
2022-01-11 11:40:30,157 [                    ] [                    ] [SpringOsgiExtenderThread-92] [ INFO] [EventConfigurator.java:afterPropertiesSet:43] - event configurator initializing for [CNXsvr]
2022-01-11 11:40:30,157 [                    ] [                    ] [SpringOsgiExtenderThread-92] [ INFO] [EventConfigurator.java:afterPropertiesSet:46] - ClassMap load result : 687 rows
2022-01-11 11:40:30,219 [                    ] [                    ] [SpringOsgiExtenderThread-92] [ INFO] [DQListener.java:afterPropertiesSet:82] - ***********************************************************************************************
2022-01-11 11:40:30,220 [                    ] [                    ] [SpringOsgiExtenderThread-92] [ INFO] [DQListener.java:afterPropertiesSet:83] - <LOCALListener> SubjectName=_LOCAL.VISIONOX.V3.MES.DEVsjlee.FAB.CNXsvr Service=8500, Network=;225.11.11.5, Daemon=, WorkerWeight=2, WorkerTasks=1, SchedulerWeight=10, SchedulerHeartbeat=3.0, SchedulerActivation=5.0
2022-01-11 11:40:30,220 [                    ] [                    ] [SpringOsgiExtenderThread-92] [ INFO] [DQListener.java:afterPropertiesSet:102] - ***********************************************************************************************
2022-01-11 11:40:30,226 [                    ] [                    ] [SpringOsgiExtenderThread-92] [ INFO] [TibDQAdaptor.java:open:429] - Initialized kr.co.aim.greenframe.esb.tibco.DQListener TIBCO Adaptor
2022-01-11 11:45:28,107 [                    ] [                    ] [Timer-0] [ WARN] [DependencyWaiterApplicationContextExecutor.java:timeout:445] - Timeout occurred before finding service dependencies for [OsgiBundleXmlApplicationContext(bundle=greenTrack.Generic.Service, config=osgibundle:/META-INF/spring/*.xml)]
2022-01-11 11:45:28,109 [                    ] [                    ] [Timer-0] [ERROR] [DependencyWaiterApplicationContextExecutor.java:fail:424] - Unable to create application context for [greenTrack.Generic.Service], unsatisfied dependencies: Dependency on [(objectClass=kr.co.aim.greentrack.generic.orm.SqlMesTemplate)] (from bean [&SqlMesTemplate])
org.springframework.context.ApplicationContextException: Application context initialization for 'greenTrack.Generic.Service' has timed out
	at org.springframework.osgi.extender.internal.dependencies.startup.DependencyWaiterApplicationContextExecutor.timeout(DependencyWaiterApplicationContextExecutor.java:454)
	at org.springframework.osgi.extender.internal.dependencies.startup.DependencyWaiterApplicationContextExecutor.access$000(DependencyWaiterApplicationContextExecutor.java:50)
	at org.springframework.osgi.extender.internal.dependencies.startup.DependencyWaiterApplicationContextExecutor$WatchDogTask.run(DependencyWaiterApplicationContextExecutor.java:105)
	at java.util.TimerThread.mainLoop(Timer.java:555)
	at java.util.TimerThread.run(Timer.java:505)
2022-01-11 11:45:28,117 [                    ] [                    ] [Timer-0] [ERROR] [DefaultOsgiBundleApplicationContextListener.java:onOsgiApplicationEvent:50] - Application context refresh failed (OsgiBundleXmlApplicationContext(bundle=greenTrack.Generic.Service, config=osgibundle:/META-INF/spring/*.xml))
org.springframework.context.ApplicationContextException: Application context initialization for 'greenTrack.Generic.Service' has timed out
	at org.springframework.osgi.extender.internal.dependencies.startup.DependencyWaiterApplicationContextExecutor.timeout(DependencyWaiterApplicationContextExecutor.java:454)
	at org.springframework.osgi.extender.internal.dependencies.startup.DependencyWaiterApplicationContextExecutor.access$000(DependencyWaiterApplicationContextExecutor.java:50)
	at org.springframework.osgi.extender.internal.dependencies.startup.DependencyWaiterApplicationContextExecutor$WatchDogTask.run(DependencyWaiterApplicationContextExecutor.java:105)
	at java.util.TimerThread.mainLoop(Timer.java:555)
	at java.util.TimerThread.run(Timer.java:505)
2022-01-11 11:45:28,643 [                    ] [                    ] [Timer-0] [ WARN] [DependencyWaiterApplicationContextExecutor.java:timeout:445] - Timeout occurred before finding service dependencies for [OsgiBundleXmlApplicationContext(bundle=MESSolution.Generic, config=osgibundle:/META-INF/spring/*.xml)]
2022-01-11 11:45:28,643 [                    ] [                    ] [Timer-0] [ERROR] [DependencyWaiterApplicationContextExecutor.java:fail:424] - Unable to create application context for [MESSolution.Generic], unsatisfied dependencies: Dependency on [(objectClass=kr.co.aim.greentrack.generic.master.ConstantMap)] (from bean [&ntConstantMap])
org.springframework.context.ApplicationContextException: Application context initialization for 'MESSolution.Generic' has timed out
	at org.springframework.osgi.extender.internal.dependencies.startup.DependencyWaiterApplicationContextExecutor.timeout(DependencyWaiterApplicationContextExecutor.java:454)
	at org.springframework.osgi.extender.internal.dependencies.startup.DependencyWaiterApplicationContextExecutor.access$000(DependencyWaiterApplicationContextExecutor.java:50)
	at org.springframework.osgi.extender.internal.dependencies.startup.DependencyWaiterApplicationContextExecutor$WatchDogTask.run(DependencyWaiterApplicationContextExecutor.java:105)
	at java.util.TimerThread.mainLoop(Timer.java:555)
	at java.util.TimerThread.run(Timer.java:505)
2022-01-11 11:45:28,643 [                    ] [                    ] [Timer-0] [ERROR] [DefaultOsgiBundleApplicationContextListener.java:onOsgiApplicationEvent:50] - Application context refresh failed (OsgiBundleXmlApplicationContext(bundle=MESSolution.Generic, config=osgibundle:/META-INF/spring/*.xml))
org.springframework.context.ApplicationContextException: Application context initialization for 'MESSolution.Generic' has timed out
	at org.springframework.osgi.extender.internal.dependencies.startup.DependencyWaiterApplicationContextExecutor.timeout(DependencyWaiterApplicationContextExecutor.java:454)
	at org.springframework.osgi.extender.internal.dependencies.startup.DependencyWaiterApplicationContextExecutor.access$000(DependencyWaiterApplicationContextExecutor.java:50)
	at org.springframework.osgi.extender.internal.dependencies.startup.DependencyWaiterApplicationContextExecutor$WatchDogTask.run(DependencyWaiterApplicationContextExecutor.java:105)
	at java.util.TimerThread.mainLoop(Timer.java:555)
	at java.util.TimerThread.run(Timer.java:505)
