2022-01-11 10:55:21,242 [                    ] [                    ] [Start Level Event Dispatcher] [ INFO] [GreenFrameOsgiApplicationContextCreator.java:createApplicationContext:38] - Discovered configurations in bundle [greenTrack.Name.Service]  {osgibundle:/META-INF/spring/*.xml}
2022-01-11 10:55:21,294 [                    ] [                    ] [Start Level Event Dispatcher] [ INFO] [GreenFrameOsgiApplicationContextCreator.java:createApplicationContext:38] - Discovered configurations in bundle [greenTrack.ProductRequest.Service]  {osgibundle:/META-INF/spring/*.xml}
2022-01-11 10:55:21,294 [                    ] [                    ] [Start Level Event Dispatcher] [ INFO] [GreenFrameOsgiApplicationContextCreator.java:createApplicationContext:38] - Discovered configurations in bundle [greenTrack.Durable.Service]  {osgibundle:/META-INF/spring/*.xml}
2022-01-11 10:55:21,309 [                    ] [                    ] [Start Level Event Dispatcher] [ INFO] [GreenFrameOsgiApplicationContextCreator.java:createApplicationContext:38] - Discovered configurations in bundle [greenTrack.Port.Service]  {osgibundle:/META-INF/spring/*.xml}
2022-01-11 10:55:21,309 [                    ] [                    ] [Start Level Event Dispatcher] [ INFO] [GreenFrameOsgiApplicationContextCreator.java:createApplicationContext:38] - Discovered configurations in bundle [greenTrack.Product.Service]  {osgibundle:/META-INF/spring/*.xml}
2022-01-11 10:55:21,309 [                    ] [                    ] [Start Level Event Dispatcher] [ INFO] [GreenFrameOsgiApplicationContextCreator.java:createApplicationContext:38] - Discovered configurations in bundle [greenTrack.ProductRequestPlan.Service]  {osgibundle:/META-INF/spring/*.xml}
2022-01-11 10:55:21,309 [                    ] [                    ] [Start Level Event Dispatcher] [ INFO] [GreenFrameOsgiApplicationContextCreator.java:createApplicationContext:38] - Discovered configurations in bundle [greenTrack.User.Service]  {osgibundle:/META-INF/spring/*.xml}
2022-01-11 10:55:21,309 [                    ] [                    ] [Start Level Event Dispatcher] [ INFO] [GreenFrameOsgiApplicationContextCreator.java:createApplicationContext:38] - Discovered configurations in bundle [greenTrack.ProcessGroup.Service]  {osgibundle:/META-INF/spring/*.xml}
2022-01-11 10:55:21,309 [                    ] [                    ] [Start Level Event Dispatcher] [ INFO] [GreenFrameOsgiApplicationContextCreator.java:createApplicationContext:38] - Discovered configurations in bundle [greenTrack.Recipe.Service]  {osgibundle:/META-INF/spring/*.xml}
2022-01-11 10:55:21,325 [                    ] [                    ] [Start Level Event Dispatcher] [ INFO] [GreenFrameOsgiApplicationContextCreator.java:createApplicationContext:38] - Discovered configurations in bundle [greenTrack.Machine.Service]  {osgibundle:/META-INF/spring/*.xml}
2022-01-11 10:55:21,325 [                    ] [                    ] [Start Level Event Dispatcher] [ INFO] [GreenFrameOsgiApplicationContextCreator.java:createApplicationContext:38] - Discovered configurations in bundle [greenTrack.Object.Service]  {osgibundle:/META-INF/spring/*.xml}
2022-01-11 10:55:21,325 [                    ] [                    ] [Start Level Event Dispatcher] [ INFO] [GreenFrameOsgiApplicationContextCreator.java:createApplicationContext:38] - Discovered configurations in bundle [greenTrack.TransportGroup.Service]  {osgibundle:/META-INF/spring/*.xml}
2022-01-11 10:55:21,341 [                    ] [                    ] [Start Level Event Dispatcher] [ INFO] [GreenFrameOsgiApplicationContextCreator.java:createApplicationContext:38] - Discovered configurations in bundle [greenTrack.Behavior.Service]  {osgibundle:/META-INF/spring/*.xml}
2022-01-11 10:55:21,439 [                    ] [                    ] [Start Level Event Dispatcher] [ INFO] [GreenFrameOsgiApplicationContextCreator.java:createApplicationContext:38] - Discovered configurations in bundle [greenTrack.Generic.Service]  {osgibundle:/META-INF/spring/*.xml}
2022-01-11 10:55:21,455 [                    ] [                    ] [Start Level Event Dispatcher] [ INFO] [GreenFrameOsgiApplicationContextCreator.java:createApplicationContext:38] - Discovered configurations in bundle [greenTrack.Factory.Service]  {osgibundle:/META-INF/spring/*.xml}
2022-01-11 10:55:21,455 [                    ] [                    ] [Start Level Event Dispatcher] [ INFO] [GreenFrameOsgiApplicationContextCreator.java:createApplicationContext:38] - Discovered configurations in bundle [greenTrack.ProcessOperationSpec.Service]  {osgibundle:/META-INF/spring/*.xml}
2022-01-11 10:55:21,455 [                    ] [                    ] [Start Level Event Dispatcher] [ INFO] [GreenFrameOsgiApplicationContextCreator.java:createApplicationContext:38] - Discovered configurations in bundle [greenTrack.Alarm.Service]  {osgibundle:/META-INF/spring/*.xml}
2022-01-11 10:55:21,462 [                    ] [                    ] [Start Level Event Dispatcher] [ INFO] [GreenFrameOsgiApplicationContextCreator.java:createApplicationContext:38] - Discovered configurations in bundle [greenTrack.Consumable.Service]  {osgibundle:/META-INF/spring/*.xml}
2022-01-11 10:55:21,464 [                    ] [                    ] [Start Level Event Dispatcher] [ INFO] [GreenFrameOsgiApplicationContextCreator.java:createApplicationContext:38] - Discovered configurations in bundle [greenTrack.Policy.Service]  {osgibundle:/META-INF/spring/*.xml}
2022-01-11 10:55:21,464 [                    ] [                    ] [Start Level Event Dispatcher] [ INFO] [GreenFrameOsgiApplicationContextCreator.java:createApplicationContext:38] - Discovered configurations in bundle [greenTrack.SPCControl.Service]  {osgibundle:/META-INF/spring/*.xml}
2022-01-11 10:55:21,524 [                    ] [                    ] [Start Level Event Dispatcher] [ INFO] [GreenFrameOsgiApplicationContextCreator.java:createApplicationContext:38] - Discovered configurations in bundle [greenTrack.DataCollection.Service]  {osgibundle:/META-INF/spring/*.xml}
2022-01-11 10:55:21,532 [                    ] [                    ] [Start Level Event Dispatcher] [ INFO] [GreenFrameOsgiApplicationContextCreator.java:createApplicationContext:38] - Discovered configurations in bundle [greenTrack.Lot.Service]  {osgibundle:/META-INF/spring/*.xml}
2022-01-11 10:55:21,585 [                    ] [                    ] [Start Level Event Dispatcher] [ INFO] [GreenFrameOsgiApplicationContextCreator.java:createApplicationContext:38] - Discovered configurations in bundle [greenTrack.ProcessFlow.Service]  {osgibundle:/META-INF/spring/*.xml}
2022-01-11 10:55:21,686 [                    ] [                    ] [Start Level Event Dispatcher] [ INFO] [GreenFrameOsgiApplicationContextCreator.java:createApplicationContext:38] - Discovered configurations in bundle [MESSolution.Durable.Service]  {osgibundle:/META-INF/spring/*.xml}
2022-01-11 10:55:21,716 [                    ] [                    ] [Start Level Event Dispatcher] [ INFO] [GreenFrameOsgiApplicationContextCreator.java:createApplicationContext:38] - Discovered configurations in bundle [greenFrame.formatter]  {META-INF/spring/*.xml, META-INF/spring/QRYsvr/*.xml}
2022-01-11 10:55:21,737 [                    ] [                    ] [Start Level Event Dispatcher] [ INFO] [GreenFrameOsgiApplicationContextCreator.java:createApplicationContext:38] - Discovered configurations in bundle [MESSolution.RMS.Service]  {osgibundle:/META-INF/spring/*.xml}
2022-01-11 10:55:21,745 [                    ] [                    ] [Start Level Event Dispatcher] [ INFO] [GreenFrameOsgiApplicationContextCreator.java:createApplicationContext:38] - Discovered configurations in bundle [MESSolution.Generic]  {osgibundle:/META-INF/spring/*.xml}
2022-01-11 10:55:21,745 [                    ] [                    ] [Start Level Event Dispatcher] [ INFO] [GreenFrameOsgiApplicationContextCreator.java:createApplicationContext:38] - Discovered configurations in bundle [MESSolution.Port.Service]  {osgibundle:/META-INF/spring/*.xml}
2022-01-11 10:55:21,757 [                    ] [                    ] [Start Level Event Dispatcher] [ INFO] [GreenFrameOsgiApplicationContextCreator.java:createApplicationContext:38] - Discovered configurations in bundle [MESSolution.Alarm.Service]  {osgibundle:/META-INF/spring/*.xml}
2022-01-11 10:55:21,757 [                    ] [                    ] [Start Level Event Dispatcher] [ INFO] [GreenFrameOsgiApplicationContextCreator.java:createApplicationContext:38] - Discovered configurations in bundle [MESSolution.Machine.Service]  {osgibundle:/META-INF/spring/*.xml}
2022-01-11 10:55:21,757 [                    ] [                    ] [Start Level Event Dispatcher] [ INFO] [GreenFrameOsgiApplicationContextCreator.java:createApplicationContext:38] - Discovered configurations in bundle [greenFrame.workflow]  {META-INF/spring/*.xml, META-INF/spring/QRYsvr/*.xml}
2022-01-11 10:55:21,765 [                    ] [                    ] [Start Level Event Dispatcher] [ INFO] [GreenFrameOsgiApplicationContextCreator.java:createApplicationContext:38] - Discovered configurations in bundle [MESSolution.ProductRequest.Service]  {osgibundle:/META-INF/spring/*.xml}
2022-01-11 10:55:21,767 [                    ] [                    ] [Start Level Event Dispatcher] [ INFO] [GreenFrameOsgiApplicationContextCreator.java:createApplicationContext:38] - Discovered configurations in bundle [MESSolution.ProcessGroup.Service]  {osgibundle:/META-INF/spring/*.xml}
2022-01-11 10:55:21,767 [                    ] [                    ] [Start Level Event Dispatcher] [ INFO] [GreenFrameOsgiApplicationContextCreator.java:createApplicationContext:38] - Discovered configurations in bundle [MESSolution.TransportJob.Service]  {osgibundle:/META-INF/spring/*.xml}
2022-01-11 10:55:21,767 [                    ] [                    ] [Start Level Event Dispatcher] [ INFO] [GreenFrameOsgiApplicationContextCreator.java:createApplicationContext:38] - Discovered configurations in bundle [MESSolution.Consumable.Service]  {osgibundle:/META-INF/spring/*.xml}
2022-01-11 10:55:21,787 [                    ] [                    ] [Start Level Event Dispatcher] [ INFO] [GreenFrameOsgiApplicationContextCreator.java:createApplicationContext:38] - Discovered configurations in bundle [MESSolution.Query.Service]  {osgibundle:/META-INF/spring/*.xml}
2022-01-11 10:55:21,797 [                    ] [                    ] [Start Level Event Dispatcher] [ INFO] [GreenFrameOsgiApplicationContextCreator.java:createApplicationContext:38] - Discovered configurations in bundle [MESSolution.Lot.Service]  {osgibundle:/META-INF/spring/*.xml}
2022-01-11 10:55:21,848 [                    ] [                    ] [Start Level Event Dispatcher] [ INFO] [GreenFrameOsgiApplicationContextCreator.java:createApplicationContext:38] - Discovered configurations in bundle [MESSolution.Extended.Object]  {osgibundle:/META-INF/spring/*.xml}
2022-01-11 10:55:21,866 [                    ] [                    ] [Start Level Event Dispatcher] [ INFO] [GreenFrameOsgiApplicationContextCreator.java:createApplicationContext:38] - Discovered configurations in bundle [MESSolution.Extended.Policy]  {osgibundle:/META-INF/spring/*.xml}
2022-01-11 10:55:21,866 [                    ] [                    ] [Start Level Event Dispatcher] [ INFO] [GreenFrameOsgiApplicationContextCreator.java:createApplicationContext:38] - Discovered configurations in bundle [MESSolution.Extended.WebInterface]  {osgibundle:/META-INF/spring/*.xml}
2022-01-11 10:55:21,939 [                    ] [                    ] [Start Level Event Dispatcher] [DEBUG] [GreenFrameConfigurationScanner.java:getConfigFiles:101] - greenFrame Configuration Absolute Path: D:\Project\V3_Source\eclipse\config [greenFrame.Infra]
2022-01-11 10:55:21,939 [                    ] [                    ] [Start Level Event Dispatcher] [ INFO] [GreenFrameConfigurationScanner.java:getConfigFiles:107] - No Configurations in D:\Project\V3_Source\eclipse\config. Searching configurations from inside the bundle [greenFrame.Infra]
2022-01-11 10:55:21,957 [                    ] [                    ] [Start Level Event Dispatcher] [DEBUG] [GreenFrameConfigurationScanner.java:getConfigFiles:101] - greenFrame Configuration Absolute Path: D:\Project\V3_Source\eclipse\config\QRYsvr [greenFrame.Infra]
2022-01-11 10:55:21,957 [                    ] [                    ] [Start Level Event Dispatcher] [ INFO] [GreenFrameConfigurationScanner.java:getConfigFiles:107] - No Configurations in D:\Project\V3_Source\eclipse\config\QRYsvr. Searching configurations from inside the bundle [greenFrame.Infra]
2022-01-11 10:55:21,959 [                    ] [                    ] [Start Level Event Dispatcher] [ INFO] [GreenFrameOsgiApplicationContextCreator.java:createApplicationContext:38] - Discovered configurations in bundle [greenFrame.Infra]  {osgibundle:config/*.xml, osgibundle:config/QRYsvr/*.xml}
2022-01-11 10:55:21,969 [                    ] [                    ] [Start Level Event Dispatcher] [ INFO] [GreenFrameOsgiApplicationContextCreator.java:createApplicationContext:38] - Discovered configurations in bundle [MESSolution.UserProfile.Service]  {osgibundle:/META-INF/spring/*.xml}
2022-01-11 10:55:21,977 [                    ] [                    ] [Start Level Event Dispatcher] [ INFO] [GreenFrameOsgiApplicationContextCreator.java:createApplicationContext:38] - Discovered configurations in bundle [MESSolution.DSP.Service]  {osgibundle:/META-INF/spring/*.xml}
2022-01-11 10:55:21,979 [                    ] [                    ] [Start Level Event Dispatcher] [ INFO] [GreenFrameOsgiApplicationContextCreator.java:createApplicationContext:38] - Discovered configurations in bundle [MESSolution.DataCollection.Service]  {osgibundle:/META-INF/spring/*.xml}
2022-01-11 10:55:21,979 [                    ] [                    ] [Start Level Event Dispatcher] [ INFO] [GreenFrameOsgiApplicationContextCreator.java:createApplicationContext:38] - Discovered configurations in bundle [MESSolution.PMS.Service]  {osgibundle:/META-INF/spring/*.xml}
2022-01-11 10:55:21,987 [                    ] [                    ] [Start Level Event Dispatcher] [ INFO] [GreenFrameOsgiApplicationContextCreator.java:createApplicationContext:38] - Discovered configurations in bundle [MESSolution.Product.Service]  {osgibundle:/META-INF/spring/*.xml}
2022-01-11 10:55:22,371 [                    ] [                    ] [SpringOsgiExtenderThread-74] [ INFO] [BpelProcessManager.java:createThreadPool:176] - Thead Pool [CORE=3 , MAX=5, QueueSize=0 , KEEP_ALIVE=500]
2022-01-11 10:55:22,757 [                    ] [                    ] [SpringOsgiExtenderThread-74] [ INFO] [CustomBpelExRepository.java:readBpels:223] - Target Bundle-Name [greenFrame.workflow] for greenFrame workflow service
2022-01-11 10:55:22,778 [                    ] [                    ] [SpringOsgiExtenderThread-74] [ INFO] [AbstractBpelRepository.java:addBpelProcess:42] - add complete [{http://bpel.aim.co.kr/bpelj/}dispatching.bpel@0]
2022-01-11 10:55:22,778 [                    ] [                    ] [SpringOsgiExtenderThread-74] [ WARN] [CustomBpelExRepository.java:startWatcher:393] - Could not create BpelWatcher
2022-01-11 10:55:22,828 [                    ] [                    ] [SpringOsgiExtenderThread-90] [DEBUG] [SQLLogUtil.java:logBeforeExecutingQuery:47] - SQL [select oad.typename, oad.position, oad.attributename, oad.primarykeyflag, oad.attributetype, oad.datatype, oad.defaultvalue,otd.extendedtflag 
from objectattributedef oad, objecttypedef otd where oad.attributetype = 'Standard' and oad.typename = otd.typename order by typename, position]
2022-01-11 10:55:23,253 [                    ] [                    ] [SpringOsgiExtenderThread-90] [DEBUG] [SQLLogUtil.java:logAfterExecutingQuery:67] - SQL query returned 2286 rows
2022-01-11 10:55:23,314 [                    ] [                    ] [SpringOsgiExtenderThread-90] [DEBUG] [SQLLogUtil.java:logBeforeExecutingQuery:47] - SQL [select oad.typename, oad.position, oad.attributename, oad.primarykeyflag, oad.attributetype, oad.datatype, oad.defaultvalue,otd.extendedtflag 
from objectattributedef oad, objecttypedef otd where oad.attributetype = 'ExtendedC' and oad.typename = otd.typename order by typename, position]
2022-01-11 10:55:23,413 [                    ] [                    ] [SpringOsgiExtenderThread-90] [DEBUG] [SQLLogUtil.java:logAfterExecutingQuery:67] - SQL query returned 622 rows
2022-01-11 10:55:23,416 [                    ] [                    ] [SpringOsgiExtenderThread-90] [DEBUG] [SQLLogUtil.java:logBeforeExecutingQuery:47] - SQL [select oad.typename, oad.position, oad.attributename, oad.primarykeyflag, oad.attributetype, oad.datatype, oad.defaultvalue,otd.extendedtflag 
from objectattributedef oad, objecttypedef otd where oad.attributetype = 'ExtendedT' and oad.typename = otd.typename order by typename, position]
2022-01-11 10:55:23,423 [                    ] [                    ] [SpringOsgiExtenderThread-90] [DEBUG] [SQLLogUtil.java:logAfterExecutingQuery:67] - SQL query returned 0 rows
2022-01-11 10:55:23,423 [                    ] [                    ] [SpringOsgiExtenderThread-90] [ INFO] [ObjectAttributeMap.java:load:125] - Completed to load ObjectAttributeMap
2022-01-11 10:55:23,423 [                    ] [                    ] [SpringOsgiExtenderThread-90] [DEBUG] [InfraServiceProxy.java:setApplicationContext:16] - Success Get AC
2022-01-11 10:55:23,606 [                    ] [                    ] [SpringOsgiExtenderThread-90] [ INFO] [TibDQAdaptor.java:open:300] - Advisory Listener initialized
2022-01-11 10:55:23,646 [                    ] [                    ] [SpringOsgiExtenderThread-90] [ INFO] [EventConfigurator.java:afterPropertiesSet:43] - event configurator initializing for [QRYsvr]
2022-01-11 10:55:23,646 [                    ] [                    ] [SpringOsgiExtenderThread-90] [ INFO] [EventConfigurator.java:afterPropertiesSet:46] - ClassMap load result : 3 rows
2022-01-11 10:55:23,710 [                    ] [                    ] [SpringOsgiExtenderThread-90] [ INFO] [DQListener.java:afterPropertiesSet:82] - ***********************************************************************************************
2022-01-11 10:55:23,710 [                    ] [                    ] [SpringOsgiExtenderThread-90] [ INFO] [DQListener.java:afterPropertiesSet:83] - <QRYListener> SubjectName=VISIONOX.V3.MES.DEVsjlee.FAB.QRYsvr Service=8800, Network=;225.11.11.8, Daemon=, WorkerWeight=2, WorkerTasks=1, SchedulerWeight=10, SchedulerHeartbeat=3.0, SchedulerActivation=5.0
2022-01-11 10:55:23,710 [                    ] [                    ] [SpringOsgiExtenderThread-90] [ INFO] [DQListener.java:afterPropertiesSet:102] - ***********************************************************************************************
2022-01-11 10:55:23,720 [                    ] [                    ] [SpringOsgiExtenderThread-90] [ INFO] [TibDQAdaptor.java:open:429] - Initialized kr.co.aim.greenframe.esb.tibco.DQListener TIBCO Adaptor
2022-01-11 10:55:45,971 [                    ] [                    ] [Start Level Event Dispatcher] [ INFO] [GreenFrameOsgiApplicationContextCreator.java:createApplicationContext:38] - Discovered configurations in bundle [greenTrack.Name.Service]  {osgibundle:/META-INF/spring/*.xml}
2022-01-11 10:55:45,987 [                    ] [                    ] [Start Level Event Dispatcher] [ INFO] [GreenFrameOsgiApplicationContextCreator.java:createApplicationContext:38] - Discovered configurations in bundle [greenTrack.ProductRequest.Service]  {osgibundle:/META-INF/spring/*.xml}
2022-01-11 10:55:45,987 [                    ] [                    ] [Start Level Event Dispatcher] [ INFO] [GreenFrameOsgiApplicationContextCreator.java:createApplicationContext:38] - Discovered configurations in bundle [greenTrack.Durable.Service]  {osgibundle:/META-INF/spring/*.xml}
2022-01-11 10:55:45,987 [                    ] [                    ] [Start Level Event Dispatcher] [ INFO] [GreenFrameOsgiApplicationContextCreator.java:createApplicationContext:38] - Discovered configurations in bundle [greenTrack.Port.Service]  {osgibundle:/META-INF/spring/*.xml}
2022-01-11 10:55:45,987 [                    ] [                    ] [Start Level Event Dispatcher] [ INFO] [GreenFrameOsgiApplicationContextCreator.java:createApplicationContext:38] - Discovered configurations in bundle [greenTrack.Product.Service]  {osgibundle:/META-INF/spring/*.xml}
2022-01-11 10:55:46,003 [                    ] [                    ] [Start Level Event Dispatcher] [ INFO] [GreenFrameOsgiApplicationContextCreator.java:createApplicationContext:38] - Discovered configurations in bundle [greenTrack.ProductRequestPlan.Service]  {osgibundle:/META-INF/spring/*.xml}
2022-01-11 10:55:46,003 [                    ] [                    ] [Start Level Event Dispatcher] [ INFO] [GreenFrameOsgiApplicationContextCreator.java:createApplicationContext:38] - Discovered configurations in bundle [greenTrack.User.Service]  {osgibundle:/META-INF/spring/*.xml}
2022-01-11 10:55:46,003 [                    ] [                    ] [Start Level Event Dispatcher] [ INFO] [GreenFrameOsgiApplicationContextCreator.java:createApplicationContext:38] - Discovered configurations in bundle [greenTrack.ProcessGroup.Service]  {osgibundle:/META-INF/spring/*.xml}
2022-01-11 10:55:46,003 [                    ] [                    ] [Start Level Event Dispatcher] [ INFO] [GreenFrameOsgiApplicationContextCreator.java:createApplicationContext:38] - Discovered configurations in bundle [greenTrack.Recipe.Service]  {osgibundle:/META-INF/spring/*.xml}
2022-01-11 10:55:46,018 [                    ] [                    ] [Start Level Event Dispatcher] [ INFO] [GreenFrameOsgiApplicationContextCreator.java:createApplicationContext:38] - Discovered configurations in bundle [greenTrack.Machine.Service]  {osgibundle:/META-INF/spring/*.xml}
2022-01-11 10:55:46,018 [                    ] [                    ] [Start Level Event Dispatcher] [ INFO] [GreenFrameOsgiApplicationContextCreator.java:createApplicationContext:38] - Discovered configurations in bundle [greenTrack.Object.Service]  {osgibundle:/META-INF/spring/*.xml}
2022-01-11 10:55:46,018 [                    ] [                    ] [Start Level Event Dispatcher] [ INFO] [GreenFrameOsgiApplicationContextCreator.java:createApplicationContext:38] - Discovered configurations in bundle [greenTrack.TransportGroup.Service]  {osgibundle:/META-INF/spring/*.xml}
2022-01-11 10:55:46,055 [                    ] [                    ] [Start Level Event Dispatcher] [ INFO] [GreenFrameOsgiApplicationContextCreator.java:createApplicationContext:38] - Discovered configurations in bundle [greenTrack.Behavior.Service]  {osgibundle:/META-INF/spring/*.xml}
2022-01-11 10:55:46,156 [                    ] [                    ] [Start Level Event Dispatcher] [ INFO] [GreenFrameOsgiApplicationContextCreator.java:createApplicationContext:38] - Discovered configurations in bundle [greenTrack.Generic.Service]  {osgibundle:/META-INF/spring/*.xml}
2022-01-11 10:55:46,156 [                    ] [                    ] [Start Level Event Dispatcher] [ INFO] [GreenFrameOsgiApplicationContextCreator.java:createApplicationContext:38] - Discovered configurations in bundle [greenTrack.Factory.Service]  {osgibundle:/META-INF/spring/*.xml}
2022-01-11 10:55:46,156 [                    ] [                    ] [Start Level Event Dispatcher] [ INFO] [GreenFrameOsgiApplicationContextCreator.java:createApplicationContext:38] - Discovered configurations in bundle [greenTrack.ProcessOperationSpec.Service]  {osgibundle:/META-INF/spring/*.xml}
2022-01-11 10:55:46,167 [                    ] [                    ] [Start Level Event Dispatcher] [ INFO] [GreenFrameOsgiApplicationContextCreator.java:createApplicationContext:38] - Discovered configurations in bundle [greenTrack.Alarm.Service]  {osgibundle:/META-INF/spring/*.xml}
2022-01-11 10:55:46,167 [                    ] [                    ] [Start Level Event Dispatcher] [ INFO] [GreenFrameOsgiApplicationContextCreator.java:createApplicationContext:38] - Discovered configurations in bundle [greenTrack.Consumable.Service]  {osgibundle:/META-INF/spring/*.xml}
2022-01-11 10:55:46,167 [                    ] [                    ] [Start Level Event Dispatcher] [ INFO] [GreenFrameOsgiApplicationContextCreator.java:createApplicationContext:38] - Discovered configurations in bundle [greenTrack.Policy.Service]  {osgibundle:/META-INF/spring/*.xml}
2022-01-11 10:55:46,175 [                    ] [                    ] [Start Level Event Dispatcher] [ INFO] [GreenFrameOsgiApplicationContextCreator.java:createApplicationContext:38] - Discovered configurations in bundle [greenTrack.SPCControl.Service]  {osgibundle:/META-INF/spring/*.xml}
2022-01-11 10:55:46,185 [                    ] [                    ] [Start Level Event Dispatcher] [ INFO] [GreenFrameOsgiApplicationContextCreator.java:createApplicationContext:38] - Discovered configurations in bundle [greenTrack.DataCollection.Service]  {osgibundle:/META-INF/spring/*.xml}
2022-01-11 10:55:46,187 [                    ] [                    ] [Start Level Event Dispatcher] [ INFO] [GreenFrameOsgiApplicationContextCreator.java:createApplicationContext:38] - Discovered configurations in bundle [greenTrack.Lot.Service]  {osgibundle:/META-INF/spring/*.xml}
2022-01-11 10:55:46,227 [                    ] [                    ] [Start Level Event Dispatcher] [ INFO] [GreenFrameOsgiApplicationContextCreator.java:createApplicationContext:38] - Discovered configurations in bundle [greenTrack.ProcessFlow.Service]  {osgibundle:/META-INF/spring/*.xml}
2022-01-11 10:55:46,245 [                    ] [                    ] [Start Level Event Dispatcher] [ INFO] [GreenFrameOsgiApplicationContextCreator.java:createApplicationContext:38] - Discovered configurations in bundle [MESSolution.Durable.Service]  {osgibundle:/META-INF/spring/*.xml}
2022-01-11 10:55:46,247 [                    ] [                    ] [Start Level Event Dispatcher] [ INFO] [GreenFrameOsgiApplicationContextCreator.java:createApplicationContext:38] - Discovered configurations in bundle [greenFrame.formatter]  {META-INF/spring/*.xml, META-INF/spring/QRYsvr/*.xml}
2022-01-11 10:55:46,247 [                    ] [                    ] [Start Level Event Dispatcher] [ INFO] [GreenFrameOsgiApplicationContextCreator.java:createApplicationContext:38] - Discovered configurations in bundle [MESSolution.RMS.Service]  {osgibundle:/META-INF/spring/*.xml}
2022-01-11 10:55:46,247 [                    ] [                    ] [Start Level Event Dispatcher] [ INFO] [GreenFrameOsgiApplicationContextCreator.java:createApplicationContext:38] - Discovered configurations in bundle [MESSolution.Generic]  {osgibundle:/META-INF/spring/*.xml}
2022-01-11 10:55:46,247 [                    ] [                    ] [Start Level Event Dispatcher] [ INFO] [GreenFrameOsgiApplicationContextCreator.java:createApplicationContext:38] - Discovered configurations in bundle [MESSolution.Port.Service]  {osgibundle:/META-INF/spring/*.xml}
2022-01-11 10:55:46,407 [                    ] [                    ] [Start Level Event Dispatcher] [ INFO] [GreenFrameOsgiApplicationContextCreator.java:createApplicationContext:38] - Discovered configurations in bundle [MESSolution.Alarm.Service]  {osgibundle:/META-INF/spring/*.xml}
2022-01-11 10:55:46,409 [                    ] [                    ] [Start Level Event Dispatcher] [ INFO] [GreenFrameOsgiApplicationContextCreator.java:createApplicationContext:38] - Discovered configurations in bundle [MESSolution.Machine.Service]  {osgibundle:/META-INF/spring/*.xml}
2022-01-11 10:55:46,409 [                    ] [                    ] [Start Level Event Dispatcher] [ INFO] [GreenFrameOsgiApplicationContextCreator.java:createApplicationContext:38] - Discovered configurations in bundle [greenFrame.workflow]  {META-INF/spring/*.xml, META-INF/spring/QRYsvr/*.xml}
2022-01-11 10:55:46,417 [                    ] [                    ] [Start Level Event Dispatcher] [ INFO] [GreenFrameOsgiApplicationContextCreator.java:createApplicationContext:38] - Discovered configurations in bundle [MESSolution.ProductRequest.Service]  {osgibundle:/META-INF/spring/*.xml}
2022-01-11 10:55:46,419 [                    ] [                    ] [Start Level Event Dispatcher] [ INFO] [GreenFrameOsgiApplicationContextCreator.java:createApplicationContext:38] - Discovered configurations in bundle [MESSolution.ProcessGroup.Service]  {osgibundle:/META-INF/spring/*.xml}
2022-01-11 10:55:46,419 [                    ] [                    ] [Start Level Event Dispatcher] [ INFO] [GreenFrameOsgiApplicationContextCreator.java:createApplicationContext:38] - Discovered configurations in bundle [MESSolution.TransportJob.Service]  {osgibundle:/META-INF/spring/*.xml}
2022-01-11 10:55:46,429 [                    ] [                    ] [Start Level Event Dispatcher] [ INFO] [GreenFrameOsgiApplicationContextCreator.java:createApplicationContext:38] - Discovered configurations in bundle [MESSolution.Consumable.Service]  {osgibundle:/META-INF/spring/*.xml}
2022-01-11 10:55:46,429 [                    ] [                    ] [Start Level Event Dispatcher] [ INFO] [GreenFrameOsgiApplicationContextCreator.java:createApplicationContext:38] - Discovered configurations in bundle [MESSolution.Query.Service]  {osgibundle:/META-INF/spring/*.xml}
2022-01-11 10:55:46,449 [                    ] [                    ] [Start Level Event Dispatcher] [ INFO] [GreenFrameOsgiApplicationContextCreator.java:createApplicationContext:38] - Discovered configurations in bundle [MESSolution.Lot.Service]  {osgibundle:/META-INF/spring/*.xml}
2022-01-11 10:55:46,449 [                    ] [                    ] [Start Level Event Dispatcher] [ INFO] [GreenFrameOsgiApplicationContextCreator.java:createApplicationContext:38] - Discovered configurations in bundle [MESSolution.Extended.Object]  {osgibundle:/META-INF/spring/*.xml}
2022-01-11 10:55:46,449 [                    ] [                    ] [Start Level Event Dispatcher] [ INFO] [GreenFrameOsgiApplicationContextCreator.java:createApplicationContext:38] - Discovered configurations in bundle [MESSolution.Extended.Policy]  {osgibundle:/META-INF/spring/*.xml}
2022-01-11 10:55:46,449 [                    ] [                    ] [Start Level Event Dispatcher] [ INFO] [GreenFrameOsgiApplicationContextCreator.java:createApplicationContext:38] - Discovered configurations in bundle [MESSolution.Extended.WebInterface]  {osgibundle:/META-INF/spring/*.xml}
2022-01-11 10:55:46,458 [                    ] [                    ] [Start Level Event Dispatcher] [DEBUG] [GreenFrameConfigurationScanner.java:getConfigFiles:101] - greenFrame Configuration Absolute Path: D:\Project\V3_Source\eclipse\config [greenFrame.Infra]
2022-01-11 10:55:46,458 [                    ] [                    ] [Start Level Event Dispatcher] [ INFO] [GreenFrameConfigurationScanner.java:getConfigFiles:107] - No Configurations in D:\Project\V3_Source\eclipse\config. Searching configurations from inside the bundle [greenFrame.Infra]
2022-01-11 10:55:46,460 [                    ] [                    ] [Start Level Event Dispatcher] [DEBUG] [GreenFrameConfigurationScanner.java:getConfigFiles:101] - greenFrame Configuration Absolute Path: D:\Project\V3_Source\eclipse\config\QRYsvr [greenFrame.Infra]
2022-01-11 10:55:46,460 [                    ] [                    ] [Start Level Event Dispatcher] [ INFO] [GreenFrameConfigurationScanner.java:getConfigFiles:107] - No Configurations in D:\Project\V3_Source\eclipse\config\QRYsvr. Searching configurations from inside the bundle [greenFrame.Infra]
2022-01-11 10:55:46,460 [                    ] [                    ] [Start Level Event Dispatcher] [ INFO] [GreenFrameOsgiApplicationContextCreator.java:createApplicationContext:38] - Discovered configurations in bundle [greenFrame.Infra]  {osgibundle:config/*.xml, osgibundle:config/QRYsvr/*.xml}
2022-01-11 10:55:46,460 [                    ] [                    ] [Start Level Event Dispatcher] [ INFO] [GreenFrameOsgiApplicationContextCreator.java:createApplicationContext:38] - Discovered configurations in bundle [MESSolution.UserProfile.Service]  {osgibundle:/META-INF/spring/*.xml}
2022-01-11 10:55:46,500 [                    ] [                    ] [Start Level Event Dispatcher] [ INFO] [GreenFrameOsgiApplicationContextCreator.java:createApplicationContext:38] - Discovered configurations in bundle [MESSolution.DSP.Service]  {osgibundle:/META-INF/spring/*.xml}
2022-01-11 10:55:46,500 [                    ] [                    ] [Start Level Event Dispatcher] [ INFO] [GreenFrameOsgiApplicationContextCreator.java:createApplicationContext:38] - Discovered configurations in bundle [MESSolution.DataCollection.Service]  {osgibundle:/META-INF/spring/*.xml}
2022-01-11 10:55:46,500 [                    ] [                    ] [Start Level Event Dispatcher] [ INFO] [GreenFrameOsgiApplicationContextCreator.java:createApplicationContext:38] - Discovered configurations in bundle [MESSolution.PMS.Service]  {osgibundle:/META-INF/spring/*.xml}
2022-01-11 10:55:46,510 [                    ] [                    ] [Start Level Event Dispatcher] [ INFO] [GreenFrameOsgiApplicationContextCreator.java:createApplicationContext:38] - Discovered configurations in bundle [MESSolution.Product.Service]  {osgibundle:/META-INF/spring/*.xml}
2022-01-11 10:55:47,410 [                    ] [                    ] [SpringOsgiExtenderThread-81] [ INFO] [BpelProcessManager.java:createThreadPool:176] - Thead Pool [CORE=3 , MAX=5, QueueSize=0 , KEEP_ALIVE=500]
2022-01-11 10:55:47,905 [                    ] [                    ] [SpringOsgiExtenderThread-90] [DEBUG] [SQLLogUtil.java:logBeforeExecutingQuery:47] - SQL [select oad.typename, oad.position, oad.attributename, oad.primarykeyflag, oad.attributetype, oad.datatype, oad.defaultvalue,otd.extendedtflag 
from objectattributedef oad, objecttypedef otd where oad.attributetype = 'Standard' and oad.typename = otd.typename order by typename, position]
2022-01-11 10:55:47,916 [                    ] [                    ] [SpringOsgiExtenderThread-81] [ INFO] [CustomBpelExRepository.java:readBpels:223] - Target Bundle-Name [greenFrame.workflow] for greenFrame workflow service
2022-01-11 10:55:47,936 [                    ] [                    ] [SpringOsgiExtenderThread-81] [ INFO] [AbstractBpelRepository.java:addBpelProcess:42] - add complete [{http://bpel.aim.co.kr/bpelj/}dispatching.bpel@0]
2022-01-11 10:55:47,944 [                    ] [                    ] [SpringOsgiExtenderThread-81] [ WARN] [CustomBpelExRepository.java:startWatcher:393] - Could not create BpelWatcher
2022-01-11 10:55:48,413 [                    ] [                    ] [SpringOsgiExtenderThread-90] [DEBUG] [SQLLogUtil.java:logAfterExecutingQuery:67] - SQL query returned 2286 rows
2022-01-11 10:55:48,433 [                    ] [                    ] [SpringOsgiExtenderThread-90] [DEBUG] [SQLLogUtil.java:logBeforeExecutingQuery:47] - SQL [select oad.typename, oad.position, oad.attributename, oad.primarykeyflag, oad.attributetype, oad.datatype, oad.defaultvalue,otd.extendedtflag 
from objectattributedef oad, objecttypedef otd where oad.attributetype = 'ExtendedC' and oad.typename = otd.typename order by typename, position]
2022-01-11 10:55:48,534 [                    ] [                    ] [SpringOsgiExtenderThread-90] [DEBUG] [SQLLogUtil.java:logAfterExecutingQuery:67] - SQL query returned 622 rows
2022-01-11 10:55:48,534 [                    ] [                    ] [SpringOsgiExtenderThread-90] [DEBUG] [SQLLogUtil.java:logBeforeExecutingQuery:47] - SQL [select oad.typename, oad.position, oad.attributename, oad.primarykeyflag, oad.attributetype, oad.datatype, oad.defaultvalue,otd.extendedtflag 
from objectattributedef oad, objecttypedef otd where oad.attributetype = 'ExtendedT' and oad.typename = otd.typename order by typename, position]
2022-01-11 10:55:48,545 [                    ] [                    ] [SpringOsgiExtenderThread-90] [DEBUG] [SQLLogUtil.java:logAfterExecutingQuery:67] - SQL query returned 0 rows
2022-01-11 10:55:48,545 [                    ] [                    ] [SpringOsgiExtenderThread-90] [ INFO] [ObjectAttributeMap.java:load:125] - Completed to load ObjectAttributeMap
2022-01-11 10:55:48,545 [                    ] [                    ] [SpringOsgiExtenderThread-90] [DEBUG] [InfraServiceProxy.java:setApplicationContext:16] - Success Get AC
2022-01-11 10:55:48,727 [                    ] [                    ] [SpringOsgiExtenderThread-90] [ INFO] [TibDQAdaptor.java:open:300] - Advisory Listener initialized
2022-01-11 10:55:48,768 [                    ] [                    ] [SpringOsgiExtenderThread-90] [ INFO] [EventConfigurator.java:afterPropertiesSet:43] - event configurator initializing for [QRYsvr]
2022-01-11 10:55:48,768 [                    ] [                    ] [SpringOsgiExtenderThread-90] [ INFO] [EventConfigurator.java:afterPropertiesSet:46] - ClassMap load result : 3 rows
2022-01-11 10:55:48,819 [                    ] [                    ] [SpringOsgiExtenderThread-90] [ INFO] [DQListener.java:afterPropertiesSet:82] - ***********************************************************************************************
2022-01-11 10:55:48,819 [                    ] [                    ] [SpringOsgiExtenderThread-90] [ INFO] [DQListener.java:afterPropertiesSet:83] - <QRYListener> SubjectName=VISIONOX.V3.MES.DEVsjlee.FAB.QRYsvr Service=8800, Network=;225.11.11.8, Daemon=, WorkerWeight=2, WorkerTasks=1, SchedulerWeight=10, SchedulerHeartbeat=3.0, SchedulerActivation=5.0
2022-01-11 10:55:48,819 [                    ] [                    ] [SpringOsgiExtenderThread-90] [ INFO] [DQListener.java:afterPropertiesSet:102] - ***********************************************************************************************
2022-01-11 10:55:48,827 [                    ] [                    ] [SpringOsgiExtenderThread-90] [ INFO] [TibDQAdaptor.java:open:429] - Initialized kr.co.aim.greenframe.esb.tibco.DQListener TIBCO Adaptor
