2022-01-11 13:21:22,037 [                    ] [                    ] [Start Level Event Dispatcher] [ INFO] [GreenFrameOsgiApplicationContextCreator.java:createApplicationContext:38] - Discovered configurations in bundle [greenTrack.Name.Service]  {osgibundle:/META-INF/spring/*.xml}
2022-01-11 13:21:22,046 [                    ] [                    ] [Start Level Event Dispatcher] [ INFO] [GreenFrameOsgiApplicationContextCreator.java:createApplicationContext:38] - Discovered configurations in bundle [greenTrack.ProductRequest.Service]  {osgibundle:/META-INF/spring/*.xml}
2022-01-11 13:21:22,046 [                    ] [                    ] [Start Level Event Dispatcher] [ INFO] [GreenFrameOsgiApplicationContextCreator.java:createApplicationContext:38] - Discovered configurations in bundle [greenTrack.Durable.Service]  {osgibundle:/META-INF/spring/*.xml}
2022-01-11 13:21:22,046 [                    ] [                    ] [Start Level Event Dispatcher] [ INFO] [GreenFrameOsgiApplicationContextCreator.java:createApplicationContext:38] - Discovered configurations in bundle [greenTrack.Port.Service]  {osgibundle:/META-INF/spring/*.xml}
2022-01-11 13:21:22,062 [                    ] [                    ] [Start Level Event Dispatcher] [ INFO] [GreenFrameOsgiApplicationContextCreator.java:createApplicationContext:38] - Discovered configurations in bundle [greenTrack.Product.Service]  {osgibundle:/META-INF/spring/*.xml}
2022-01-11 13:21:22,062 [                    ] [                    ] [Start Level Event Dispatcher] [ INFO] [GreenFrameOsgiApplicationContextCreator.java:createApplicationContext:38] - Discovered configurations in bundle [greenTrack.ProductRequestPlan.Service]  {osgibundle:/META-INF/spring/*.xml}
2022-01-11 13:21:22,062 [                    ] [                    ] [Start Level Event Dispatcher] [ INFO] [GreenFrameOsgiApplicationContextCreator.java:createApplicationContext:38] - Discovered configurations in bundle [greenTrack.User.Service]  {osgibundle:/META-INF/spring/*.xml}
2022-01-11 13:21:22,062 [                    ] [                    ] [Start Level Event Dispatcher] [ INFO] [GreenFrameOsgiApplicationContextCreator.java:createApplicationContext:38] - Discovered configurations in bundle [greenTrack.ProcessGroup.Service]  {osgibundle:/META-INF/spring/*.xml}
2022-01-11 13:21:22,062 [                    ] [                    ] [Start Level Event Dispatcher] [ INFO] [GreenFrameOsgiApplicationContextCreator.java:createApplicationContext:38] - Discovered configurations in bundle [greenTrack.Recipe.Service]  {osgibundle:/META-INF/spring/*.xml}
2022-01-11 13:21:22,078 [                    ] [                    ] [Start Level Event Dispatcher] [ INFO] [GreenFrameOsgiApplicationContextCreator.java:createApplicationContext:38] - Discovered configurations in bundle [greenTrack.Machine.Service]  {osgibundle:/META-INF/spring/*.xml}
2022-01-11 13:21:22,078 [                    ] [                    ] [Start Level Event Dispatcher] [ INFO] [GreenFrameOsgiApplicationContextCreator.java:createApplicationContext:38] - Discovered configurations in bundle [greenTrack.Object.Service]  {osgibundle:/META-INF/spring/*.xml}
2022-01-11 13:21:22,078 [                    ] [                    ] [Start Level Event Dispatcher] [ INFO] [GreenFrameOsgiApplicationContextCreator.java:createApplicationContext:38] - Discovered configurations in bundle [greenTrack.TransportGroup.Service]  {osgibundle:/META-INF/spring/*.xml}
2022-01-11 13:21:22,137 [                    ] [                    ] [Start Level Event Dispatcher] [ INFO] [GreenFrameOsgiApplicationContextCreator.java:createApplicationContext:38] - Discovered configurations in bundle [greenTrack.Behavior.Service]  {osgibundle:/META-INF/spring/*.xml}
2022-01-11 13:21:22,153 [                    ] [                    ] [Start Level Event Dispatcher] [ INFO] [GreenFrameOsgiApplicationContextCreator.java:createApplicationContext:38] - Discovered configurations in bundle [greenTrack.Generic.Service]  {osgibundle:/META-INF/spring/*.xml}
2022-01-11 13:21:22,169 [                    ] [                    ] [Start Level Event Dispatcher] [ INFO] [GreenFrameOsgiApplicationContextCreator.java:createApplicationContext:38] - Discovered configurations in bundle [greenTrack.Factory.Service]  {osgibundle:/META-INF/spring/*.xml}
2022-01-11 13:21:22,169 [                    ] [                    ] [Start Level Event Dispatcher] [ INFO] [GreenFrameOsgiApplicationContextCreator.java:createApplicationContext:38] - Discovered configurations in bundle [greenTrack.ProcessOperationSpec.Service]  {osgibundle:/META-INF/spring/*.xml}
2022-01-11 13:21:22,206 [                    ] [                    ] [Start Level Event Dispatcher] [ INFO] [GreenFrameOsgiApplicationContextCreator.java:createApplicationContext:38] - Discovered configurations in bundle [greenTrack.Alarm.Service]  {osgibundle:/META-INF/spring/*.xml}
2022-01-11 13:21:22,206 [                    ] [                    ] [Start Level Event Dispatcher] [ INFO] [GreenFrameOsgiApplicationContextCreator.java:createApplicationContext:38] - Discovered configurations in bundle [greenTrack.Consumable.Service]  {osgibundle:/META-INF/spring/*.xml}
2022-01-11 13:21:22,206 [                    ] [                    ] [Start Level Event Dispatcher] [ INFO] [GreenFrameOsgiApplicationContextCreator.java:createApplicationContext:38] - Discovered configurations in bundle [greenTrack.Policy.Service]  {osgibundle:/META-INF/spring/*.xml}
2022-01-11 13:21:22,206 [                    ] [                    ] [Start Level Event Dispatcher] [ INFO] [GreenFrameOsgiApplicationContextCreator.java:createApplicationContext:38] - Discovered configurations in bundle [greenTrack.SPCControl.Service]  {osgibundle:/META-INF/spring/*.xml}
2022-01-11 13:21:22,222 [                    ] [                    ] [Start Level Event Dispatcher] [ INFO] [GreenFrameOsgiApplicationContextCreator.java:createApplicationContext:38] - Discovered configurations in bundle [greenTrack.DataCollection.Service]  {osgibundle:/META-INF/spring/*.xml}
2022-01-11 13:21:22,222 [                    ] [                    ] [Start Level Event Dispatcher] [ INFO] [GreenFrameOsgiApplicationContextCreator.java:createApplicationContext:38] - Discovered configurations in bundle [greenTrack.Lot.Service]  {osgibundle:/META-INF/spring/*.xml}
2022-01-11 13:21:22,238 [                    ] [                    ] [Start Level Event Dispatcher] [ INFO] [GreenFrameOsgiApplicationContextCreator.java:createApplicationContext:38] - Discovered configurations in bundle [greenTrack.ProcessFlow.Service]  {osgibundle:/META-INF/spring/*.xml}
2022-01-11 13:21:22,273 [                    ] [                    ] [Start Level Event Dispatcher] [ INFO] [GreenFrameOsgiApplicationContextCreator.java:createApplicationContext:38] - Discovered configurations in bundle [MESSolution.Durable.Service]  {osgibundle:/META-INF/spring/*.xml}
2022-01-11 13:21:22,276 [                    ] [                    ] [Start Level Event Dispatcher] [ INFO] [GreenFrameOsgiApplicationContextCreator.java:createApplicationContext:38] - Discovered configurations in bundle [greenFrame.formatter]  {META-INF/spring/*.xml, META-INF/spring/QRYsvr/*.xml}
2022-01-11 13:21:22,277 [                    ] [                    ] [Start Level Event Dispatcher] [ INFO] [GreenFrameOsgiApplicationContextCreator.java:createApplicationContext:38] - Discovered configurations in bundle [MESSolution.RMS.Service]  {osgibundle:/META-INF/spring/*.xml}
2022-01-11 13:21:22,279 [                    ] [                    ] [Start Level Event Dispatcher] [ INFO] [GreenFrameOsgiApplicationContextCreator.java:createApplicationContext:38] - Discovered configurations in bundle [MESSolution.Port.Service]  {osgibundle:/META-INF/spring/*.xml}
2022-01-11 13:21:22,279 [                    ] [                    ] [Start Level Event Dispatcher] [ INFO] [GreenFrameOsgiApplicationContextCreator.java:createApplicationContext:38] - Discovered configurations in bundle [MESSolution.Alarm.Service]  {osgibundle:/META-INF/spring/*.xml}
2022-01-11 13:21:22,279 [                    ] [                    ] [Start Level Event Dispatcher] [ INFO] [GreenFrameOsgiApplicationContextCreator.java:createApplicationContext:38] - Discovered configurations in bundle [MESSolution.Machine.Service]  {osgibundle:/META-INF/spring/*.xml}
2022-01-11 13:21:22,319 [                    ] [                    ] [Start Level Event Dispatcher] [ INFO] [GreenFrameOsgiApplicationContextCreator.java:createApplicationContext:38] - Discovered configurations in bundle [greenFrame.workflow]  {META-INF/spring/*.xml, META-INF/spring/QRYsvr/*.xml}
2022-01-11 13:21:22,347 [                    ] [                    ] [Start Level Event Dispatcher] [ INFO] [GreenFrameOsgiApplicationContextCreator.java:createApplicationContext:38] - Discovered configurations in bundle [MESSolution.ProductRequest.Service]  {osgibundle:/META-INF/spring/*.xml}
2022-01-11 13:21:22,408 [                    ] [                    ] [Start Level Event Dispatcher] [ INFO] [GreenFrameOsgiApplicationContextCreator.java:createApplicationContext:38] - Discovered configurations in bundle [MESSolution.ProcessGroup.Service]  {osgibundle:/META-INF/spring/*.xml}
2022-01-11 13:21:22,428 [                    ] [                    ] [Start Level Event Dispatcher] [ INFO] [GreenFrameOsgiApplicationContextCreator.java:createApplicationContext:38] - Discovered configurations in bundle [MESSolution.TransportJob.Service]  {osgibundle:/META-INF/spring/*.xml}
2022-01-11 13:21:22,438 [                    ] [                    ] [Start Level Event Dispatcher] [ INFO] [GreenFrameOsgiApplicationContextCreator.java:createApplicationContext:38] - Discovered configurations in bundle [MESSolution.Consumable.Service]  {osgibundle:/META-INF/spring/*.xml}
2022-01-11 13:21:22,438 [                    ] [                    ] [Start Level Event Dispatcher] [ INFO] [GreenFrameOsgiApplicationContextCreator.java:createApplicationContext:38] - Discovered configurations in bundle [MESSolution.Query.Service]  {osgibundle:/META-INF/spring/*.xml}
2022-01-11 13:21:22,438 [                    ] [                    ] [Start Level Event Dispatcher] [ INFO] [GreenFrameOsgiApplicationContextCreator.java:createApplicationContext:38] - Discovered configurations in bundle [MESSolution.Lot.Service]  {osgibundle:/META-INF/spring/*.xml}
2022-01-11 13:21:22,438 [                    ] [                    ] [Start Level Event Dispatcher] [ INFO] [GreenFrameOsgiApplicationContextCreator.java:createApplicationContext:38] - Discovered configurations in bundle [MESSolution.Extended.Object]  {osgibundle:/META-INF/spring/*.xml}
2022-01-11 13:21:22,438 [                    ] [                    ] [Start Level Event Dispatcher] [ INFO] [GreenFrameOsgiApplicationContextCreator.java:createApplicationContext:38] - Discovered configurations in bundle [MESSolution.Extended.Policy]  {osgibundle:/META-INF/spring/*.xml}
2022-01-11 13:21:22,438 [                    ] [                    ] [Start Level Event Dispatcher] [ INFO] [GreenFrameOsgiApplicationContextCreator.java:createApplicationContext:38] - Discovered configurations in bundle [MESSolution.Extended.WebInterface]  {osgibundle:/META-INF/spring/*.xml}
2022-01-11 13:21:22,485 [                    ] [                    ] [Start Level Event Dispatcher] [DEBUG] [GreenFrameConfigurationScanner.java:getConfigFiles:101] - greenFrame Configuration Absolute Path: D:\Project\V3_Source\eclipse\config [greenFrame.Infra]
2022-01-11 13:21:22,485 [                    ] [                    ] [Start Level Event Dispatcher] [ INFO] [GreenFrameConfigurationScanner.java:getConfigFiles:107] - No Configurations in D:\Project\V3_Source\eclipse\config. Searching configurations from inside the bundle [greenFrame.Infra]
2022-01-11 13:21:22,500 [                    ] [                    ] [Start Level Event Dispatcher] [DEBUG] [GreenFrameConfigurationScanner.java:getConfigFiles:101] - greenFrame Configuration Absolute Path: D:\Project\V3_Source\eclipse\config\QRYsvr [greenFrame.Infra]
2022-01-11 13:21:22,500 [                    ] [                    ] [Start Level Event Dispatcher] [ INFO] [GreenFrameConfigurationScanner.java:getConfigFiles:107] - No Configurations in D:\Project\V3_Source\eclipse\config\QRYsvr. Searching configurations from inside the bundle [greenFrame.Infra]
2022-01-11 13:21:22,500 [                    ] [                    ] [Start Level Event Dispatcher] [ INFO] [GreenFrameOsgiApplicationContextCreator.java:createApplicationContext:38] - Discovered configurations in bundle [greenFrame.Infra]  {osgibundle:config/*.xml, osgibundle:config/QRYsvr/*.xml}
2022-01-11 13:21:22,500 [                    ] [                    ] [Start Level Event Dispatcher] [ INFO] [GreenFrameOsgiApplicationContextCreator.java:createApplicationContext:38] - Discovered configurations in bundle [MESSolution.UserProfile.Service]  {osgibundle:/META-INF/spring/*.xml}
2022-01-11 13:21:22,500 [                    ] [                    ] [Start Level Event Dispatcher] [ INFO] [GreenFrameOsgiApplicationContextCreator.java:createApplicationContext:38] - Discovered configurations in bundle [MESSolution.DSP.Service]  {osgibundle:/META-INF/spring/*.xml}
2022-01-11 13:21:22,500 [                    ] [                    ] [Start Level Event Dispatcher] [ INFO] [GreenFrameOsgiApplicationContextCreator.java:createApplicationContext:38] - Discovered configurations in bundle [MESSolution.DataCollection.Service]  {osgibundle:/META-INF/spring/*.xml}
2022-01-11 13:21:22,500 [                    ] [                    ] [Start Level Event Dispatcher] [ INFO] [GreenFrameOsgiApplicationContextCreator.java:createApplicationContext:38] - Discovered configurations in bundle [MESSolution.PMS.Service]  {osgibundle:/META-INF/spring/*.xml}
2022-01-11 13:21:22,500 [                    ] [                    ] [Start Level Event Dispatcher] [ INFO] [GreenFrameOsgiApplicationContextCreator.java:createApplicationContext:38] - Discovered configurations in bundle [MESSolution.Product.Service]  {osgibundle:/META-INF/spring/*.xml}
2022-01-11 13:21:22,500 [                    ] [                    ] [Start Level Event Dispatcher] [ INFO] [GreenFrameOsgiApplicationContextCreator.java:createApplicationContext:38] - Discovered configurations in bundle [MESSolution.Generic]  {osgibundle:/META-INF/spring/*.xml}
2022-01-11 13:21:23,409 [                    ] [                    ] [SpringOsgiExtenderThread-87] [ INFO] [BpelProcessManager.java:createThreadPool:176] - Thead Pool [CORE=3 , MAX=5, QueueSize=0 , KEEP_ALIVE=500]
2022-01-11 13:21:23,752 [                    ] [                    ] [SpringOsgiExtenderThread-87] [ INFO] [CustomBpelExRepository.java:readBpels:223] - Target Bundle-Name [greenFrame.workflow] for greenFrame workflow service
2022-01-11 13:21:23,762 [                    ] [                    ] [SpringOsgiExtenderThread-87] [ INFO] [AbstractBpelRepository.java:addBpelProcess:42] - add complete [{http://bpel.aim.co.kr/bpelj/}dispatching.bpel@0]
2022-01-11 13:21:23,762 [                    ] [                    ] [SpringOsgiExtenderThread-87] [ WARN] [CustomBpelExRepository.java:startWatcher:393] - Could not create BpelWatcher
2022-01-11 13:21:23,894 [                    ] [                    ] [SpringOsgiExtenderThread-89] [DEBUG] [SQLLogUtil.java:logBeforeExecutingQuery:47] - SQL [select oad.typename, oad.position, oad.attributename, oad.primarykeyflag, oad.attributetype, oad.datatype, oad.defaultvalue,otd.extendedtflag 
from objectattributedef oad, objecttypedef otd where oad.attributetype = 'Standard' and oad.typename = otd.typename order by typename, position]
2022-01-11 13:21:24,359 [                    ] [                    ] [SpringOsgiExtenderThread-89] [DEBUG] [SQLLogUtil.java:logAfterExecutingQuery:67] - SQL query returned 2286 rows
2022-01-11 13:21:24,380 [                    ] [                    ] [SpringOsgiExtenderThread-89] [DEBUG] [SQLLogUtil.java:logBeforeExecutingQuery:47] - SQL [select oad.typename, oad.position, oad.attributename, oad.primarykeyflag, oad.attributetype, oad.datatype, oad.defaultvalue,otd.extendedtflag 
from objectattributedef oad, objecttypedef otd where oad.attributetype = 'ExtendedC' and oad.typename = otd.typename order by typename, position]
2022-01-11 13:21:24,479 [                    ] [                    ] [SpringOsgiExtenderThread-89] [DEBUG] [SQLLogUtil.java:logAfterExecutingQuery:67] - SQL query returned 622 rows
2022-01-11 13:21:24,491 [                    ] [                    ] [SpringOsgiExtenderThread-89] [DEBUG] [SQLLogUtil.java:logBeforeExecutingQuery:47] - SQL [select oad.typename, oad.position, oad.attributename, oad.primarykeyflag, oad.attributetype, oad.datatype, oad.defaultvalue,otd.extendedtflag 
from objectattributedef oad, objecttypedef otd where oad.attributetype = 'ExtendedT' and oad.typename = otd.typename order by typename, position]
2022-01-11 13:21:24,491 [                    ] [                    ] [SpringOsgiExtenderThread-89] [DEBUG] [SQLLogUtil.java:logAfterExecutingQuery:67] - SQL query returned 0 rows
2022-01-11 13:21:24,491 [                    ] [                    ] [SpringOsgiExtenderThread-89] [ INFO] [ObjectAttributeMap.java:load:125] - Completed to load ObjectAttributeMap
2022-01-11 13:21:24,499 [                    ] [                    ] [SpringOsgiExtenderThread-89] [DEBUG] [InfraServiceProxy.java:setApplicationContext:16] - Success Get AC
2022-01-11 13:21:24,854 [                    ] [                    ] [SpringOsgiExtenderThread-89] [ INFO] [TibDQAdaptor.java:open:300] - Advisory Listener initialized
2022-01-11 13:21:24,893 [                    ] [                    ] [SpringOsgiExtenderThread-89] [ INFO] [EventConfigurator.java:afterPropertiesSet:43] - event configurator initializing for [QRYsvr]
2022-01-11 13:21:24,893 [                    ] [                    ] [SpringOsgiExtenderThread-89] [ INFO] [EventConfigurator.java:afterPropertiesSet:46] - ClassMap load result : 3 rows
2022-01-11 13:21:24,933 [                    ] [                    ] [SpringOsgiExtenderThread-89] [ INFO] [DQListener.java:afterPropertiesSet:82] - ***********************************************************************************************
2022-01-11 13:21:24,933 [                    ] [                    ] [SpringOsgiExtenderThread-89] [ INFO] [DQListener.java:afterPropertiesSet:83] - <QRYListener> SubjectName=VISIONOX.V3.MES.DEVsjlee.FAB.QRYsvr Service=8800, Network=;225.11.11.8, Daemon=, WorkerWeight=2, WorkerTasks=1, SchedulerWeight=10, SchedulerHeartbeat=3.0, SchedulerActivation=5.0
2022-01-11 13:21:24,933 [                    ] [                    ] [SpringOsgiExtenderThread-89] [ INFO] [DQListener.java:afterPropertiesSet:102] - ***********************************************************************************************
2022-01-11 13:21:24,935 [                    ] [                    ] [SpringOsgiExtenderThread-89] [ INFO] [TibDQAdaptor.java:open:429] - Initialized kr.co.aim.greenframe.esb.tibco.DQListener TIBCO Adaptor
2022-01-11 13:34:41,130 [                    ] [                    ] [Start Level Event Dispatcher] [ INFO] [GreenFrameOsgiApplicationContextCreator.java:createApplicationContext:38] - Discovered configurations in bundle [greenTrack.Name.Service]  {osgibundle:/META-INF/spring/*.xml}
2022-01-11 13:34:41,138 [                    ] [                    ] [Start Level Event Dispatcher] [ INFO] [GreenFrameOsgiApplicationContextCreator.java:createApplicationContext:38] - Discovered configurations in bundle [greenTrack.ProductRequest.Service]  {osgibundle:/META-INF/spring/*.xml}
2022-01-11 13:34:41,154 [                    ] [                    ] [Start Level Event Dispatcher] [ INFO] [GreenFrameOsgiApplicationContextCreator.java:createApplicationContext:38] - Discovered configurations in bundle [greenTrack.Durable.Service]  {osgibundle:/META-INF/spring/*.xml}
2022-01-11 13:34:41,154 [                    ] [                    ] [Start Level Event Dispatcher] [ INFO] [GreenFrameOsgiApplicationContextCreator.java:createApplicationContext:38] - Discovered configurations in bundle [greenTrack.Port.Service]  {osgibundle:/META-INF/spring/*.xml}
2022-01-11 13:34:41,154 [                    ] [                    ] [Start Level Event Dispatcher] [ INFO] [GreenFrameOsgiApplicationContextCreator.java:createApplicationContext:38] - Discovered configurations in bundle [greenTrack.Product.Service]  {osgibundle:/META-INF/spring/*.xml}
2022-01-11 13:34:41,154 [                    ] [                    ] [Start Level Event Dispatcher] [ INFO] [GreenFrameOsgiApplicationContextCreator.java:createApplicationContext:38] - Discovered configurations in bundle [greenTrack.ProductRequestPlan.Service]  {osgibundle:/META-INF/spring/*.xml}
2022-01-11 13:34:41,154 [                    ] [                    ] [Start Level Event Dispatcher] [ INFO] [GreenFrameOsgiApplicationContextCreator.java:createApplicationContext:38] - Discovered configurations in bundle [greenTrack.User.Service]  {osgibundle:/META-INF/spring/*.xml}
2022-01-11 13:34:41,154 [                    ] [                    ] [Start Level Event Dispatcher] [ INFO] [GreenFrameOsgiApplicationContextCreator.java:createApplicationContext:38] - Discovered configurations in bundle [greenTrack.ProcessGroup.Service]  {osgibundle:/META-INF/spring/*.xml}
2022-01-11 13:34:41,170 [                    ] [                    ] [Start Level Event Dispatcher] [ INFO] [GreenFrameOsgiApplicationContextCreator.java:createApplicationContext:38] - Discovered configurations in bundle [greenTrack.Recipe.Service]  {osgibundle:/META-INF/spring/*.xml}
2022-01-11 13:34:41,170 [                    ] [                    ] [Start Level Event Dispatcher] [ INFO] [GreenFrameOsgiApplicationContextCreator.java:createApplicationContext:38] - Discovered configurations in bundle [greenTrack.Machine.Service]  {osgibundle:/META-INF/spring/*.xml}
2022-01-11 13:34:41,170 [                    ] [                    ] [Start Level Event Dispatcher] [ INFO] [GreenFrameOsgiApplicationContextCreator.java:createApplicationContext:38] - Discovered configurations in bundle [greenTrack.Object.Service]  {osgibundle:/META-INF/spring/*.xml}
2022-01-11 13:34:41,170 [                    ] [                    ] [Start Level Event Dispatcher] [ INFO] [GreenFrameOsgiApplicationContextCreator.java:createApplicationContext:38] - Discovered configurations in bundle [greenTrack.TransportGroup.Service]  {osgibundle:/META-INF/spring/*.xml}
2022-01-11 13:34:41,230 [                    ] [                    ] [Start Level Event Dispatcher] [ INFO] [GreenFrameOsgiApplicationContextCreator.java:createApplicationContext:38] - Discovered configurations in bundle [greenTrack.Behavior.Service]  {osgibundle:/META-INF/spring/*.xml}
2022-01-11 13:34:41,266 [                    ] [                    ] [Start Level Event Dispatcher] [ INFO] [GreenFrameOsgiApplicationContextCreator.java:createApplicationContext:38] - Discovered configurations in bundle [greenTrack.Generic.Service]  {osgibundle:/META-INF/spring/*.xml}
2022-01-11 13:34:41,270 [                    ] [                    ] [Start Level Event Dispatcher] [ INFO] [GreenFrameOsgiApplicationContextCreator.java:createApplicationContext:38] - Discovered configurations in bundle [greenTrack.Factory.Service]  {osgibundle:/META-INF/spring/*.xml}
2022-01-11 13:34:41,272 [                    ] [                    ] [Start Level Event Dispatcher] [ INFO] [GreenFrameOsgiApplicationContextCreator.java:createApplicationContext:38] - Discovered configurations in bundle [greenTrack.ProcessOperationSpec.Service]  {osgibundle:/META-INF/spring/*.xml}
2022-01-11 13:34:41,276 [                    ] [                    ] [Start Level Event Dispatcher] [ INFO] [GreenFrameOsgiApplicationContextCreator.java:createApplicationContext:38] - Discovered configurations in bundle [greenTrack.Alarm.Service]  {osgibundle:/META-INF/spring/*.xml}
2022-01-11 13:34:41,278 [                    ] [                    ] [Start Level Event Dispatcher] [ INFO] [GreenFrameOsgiApplicationContextCreator.java:createApplicationContext:38] - Discovered configurations in bundle [greenTrack.Consumable.Service]  {osgibundle:/META-INF/spring/*.xml}
2022-01-11 13:34:41,278 [                    ] [                    ] [Start Level Event Dispatcher] [ INFO] [GreenFrameOsgiApplicationContextCreator.java:createApplicationContext:38] - Discovered configurations in bundle [greenTrack.Policy.Service]  {osgibundle:/META-INF/spring/*.xml}
2022-01-11 13:34:41,278 [                    ] [                    ] [Start Level Event Dispatcher] [ INFO] [GreenFrameOsgiApplicationContextCreator.java:createApplicationContext:38] - Discovered configurations in bundle [greenTrack.SPCControl.Service]  {osgibundle:/META-INF/spring/*.xml}
2022-01-11 13:34:41,309 [                    ] [                    ] [Start Level Event Dispatcher] [ INFO] [GreenFrameOsgiApplicationContextCreator.java:createApplicationContext:38] - Discovered configurations in bundle [greenTrack.DataCollection.Service]  {osgibundle:/META-INF/spring/*.xml}
2022-01-11 13:34:41,317 [                    ] [                    ] [Start Level Event Dispatcher] [ INFO] [GreenFrameOsgiApplicationContextCreator.java:createApplicationContext:38] - Discovered configurations in bundle [greenTrack.Lot.Service]  {osgibundle:/META-INF/spring/*.xml}
2022-01-11 13:34:41,386 [                    ] [                    ] [Start Level Event Dispatcher] [ INFO] [GreenFrameOsgiApplicationContextCreator.java:createApplicationContext:38] - Discovered configurations in bundle [greenTrack.ProcessFlow.Service]  {osgibundle:/META-INF/spring/*.xml}
2022-01-11 13:34:41,401 [                    ] [                    ] [Start Level Event Dispatcher] [ INFO] [GreenFrameOsgiApplicationContextCreator.java:createApplicationContext:38] - Discovered configurations in bundle [MESSolution.Durable.Service]  {osgibundle:/META-INF/spring/*.xml}
2022-01-11 13:34:41,401 [                    ] [                    ] [Start Level Event Dispatcher] [ INFO] [GreenFrameOsgiApplicationContextCreator.java:createApplicationContext:38] - Discovered configurations in bundle [greenFrame.formatter]  {META-INF/spring/*.xml, META-INF/spring/QRYsvr/*.xml}
2022-01-11 13:34:41,401 [                    ] [                    ] [Start Level Event Dispatcher] [ INFO] [GreenFrameOsgiApplicationContextCreator.java:createApplicationContext:38] - Discovered configurations in bundle [MESSolution.RMS.Service]  {osgibundle:/META-INF/spring/*.xml}
2022-01-11 13:34:41,401 [                    ] [                    ] [Start Level Event Dispatcher] [ INFO] [GreenFrameOsgiApplicationContextCreator.java:createApplicationContext:38] - Discovered configurations in bundle [MESSolution.Port.Service]  {osgibundle:/META-INF/spring/*.xml}
2022-01-11 13:34:41,401 [                    ] [                    ] [Start Level Event Dispatcher] [ INFO] [GreenFrameOsgiApplicationContextCreator.java:createApplicationContext:38] - Discovered configurations in bundle [MESSolution.Alarm.Service]  {osgibundle:/META-INF/spring/*.xml}
2022-01-11 13:34:41,417 [                    ] [                    ] [Start Level Event Dispatcher] [ INFO] [GreenFrameOsgiApplicationContextCreator.java:createApplicationContext:38] - Discovered configurations in bundle [MESSolution.Machine.Service]  {osgibundle:/META-INF/spring/*.xml}
2022-01-11 13:34:41,417 [                    ] [                    ] [Start Level Event Dispatcher] [ INFO] [GreenFrameOsgiApplicationContextCreator.java:createApplicationContext:38] - Discovered configurations in bundle [greenFrame.workflow]  {META-INF/spring/*.xml, META-INF/spring/QRYsvr/*.xml}
2022-01-11 13:34:41,433 [                    ] [                    ] [Start Level Event Dispatcher] [ INFO] [GreenFrameOsgiApplicationContextCreator.java:createApplicationContext:38] - Discovered configurations in bundle [MESSolution.ProductRequest.Service]  {osgibundle:/META-INF/spring/*.xml}
2022-01-11 13:34:41,433 [                    ] [                    ] [Start Level Event Dispatcher] [ INFO] [GreenFrameOsgiApplicationContextCreator.java:createApplicationContext:38] - Discovered configurations in bundle [MESSolution.ProcessGroup.Service]  {osgibundle:/META-INF/spring/*.xml}
2022-01-11 13:34:41,433 [                    ] [                    ] [Start Level Event Dispatcher] [ INFO] [GreenFrameOsgiApplicationContextCreator.java:createApplicationContext:38] - Discovered configurations in bundle [MESSolution.TransportJob.Service]  {osgibundle:/META-INF/spring/*.xml}
2022-01-11 13:34:41,433 [                    ] [                    ] [Start Level Event Dispatcher] [ INFO] [GreenFrameOsgiApplicationContextCreator.java:createApplicationContext:38] - Discovered configurations in bundle [MESSolution.Consumable.Service]  {osgibundle:/META-INF/spring/*.xml}
2022-01-11 13:34:41,433 [                    ] [                    ] [Start Level Event Dispatcher] [ INFO] [GreenFrameOsgiApplicationContextCreator.java:createApplicationContext:38] - Discovered configurations in bundle [MESSolution.Query.Service]  {osgibundle:/META-INF/spring/*.xml}
2022-01-11 13:34:41,448 [                    ] [                    ] [Start Level Event Dispatcher] [ INFO] [GreenFrameOsgiApplicationContextCreator.java:createApplicationContext:38] - Discovered configurations in bundle [MESSolution.Lot.Service]  {osgibundle:/META-INF/spring/*.xml}
2022-01-11 13:34:41,464 [                    ] [                    ] [Start Level Event Dispatcher] [ INFO] [GreenFrameOsgiApplicationContextCreator.java:createApplicationContext:38] - Discovered configurations in bundle [MESSolution.Extended.Object]  {osgibundle:/META-INF/spring/*.xml}
2022-01-11 13:34:41,464 [                    ] [                    ] [Start Level Event Dispatcher] [ INFO] [GreenFrameOsgiApplicationContextCreator.java:createApplicationContext:38] - Discovered configurations in bundle [MESSolution.Extended.Policy]  {osgibundle:/META-INF/spring/*.xml}
2022-01-11 13:34:41,464 [                    ] [                    ] [Start Level Event Dispatcher] [ INFO] [GreenFrameOsgiApplicationContextCreator.java:createApplicationContext:38] - Discovered configurations in bundle [MESSolution.Extended.WebInterface]  {osgibundle:/META-INF/spring/*.xml}
2022-01-11 13:34:41,464 [                    ] [                    ] [Start Level Event Dispatcher] [DEBUG] [GreenFrameConfigurationScanner.java:getConfigFiles:101] - greenFrame Configuration Absolute Path: D:\Project\V3_Source\eclipse\config [greenFrame.Infra]
2022-01-11 13:34:41,464 [                    ] [                    ] [Start Level Event Dispatcher] [ INFO] [GreenFrameConfigurationScanner.java:getConfigFiles:107] - No Configurations in D:\Project\V3_Source\eclipse\config. Searching configurations from inside the bundle [greenFrame.Infra]
2022-01-11 13:34:41,464 [                    ] [                    ] [Start Level Event Dispatcher] [DEBUG] [GreenFrameConfigurationScanner.java:getConfigFiles:101] - greenFrame Configuration Absolute Path: D:\Project\V3_Source\eclipse\config\QRYsvr [greenFrame.Infra]
2022-01-11 13:34:41,464 [                    ] [                    ] [Start Level Event Dispatcher] [ INFO] [GreenFrameConfigurationScanner.java:getConfigFiles:107] - No Configurations in D:\Project\V3_Source\eclipse\config\QRYsvr. Searching configurations from inside the bundle [greenFrame.Infra]
2022-01-11 13:34:41,464 [                    ] [                    ] [Start Level Event Dispatcher] [ INFO] [GreenFrameOsgiApplicationContextCreator.java:createApplicationContext:38] - Discovered configurations in bundle [greenFrame.Infra]  {osgibundle:config/*.xml, osgibundle:config/QRYsvr/*.xml}
2022-01-11 13:34:41,464 [                    ] [                    ] [Start Level Event Dispatcher] [ INFO] [GreenFrameOsgiApplicationContextCreator.java:createApplicationContext:38] - Discovered configurations in bundle [MESSolution.UserProfile.Service]  {osgibundle:/META-INF/spring/*.xml}
2022-01-11 13:34:41,464 [                    ] [                    ] [Start Level Event Dispatcher] [ INFO] [GreenFrameOsgiApplicationContextCreator.java:createApplicationContext:38] - Discovered configurations in bundle [MESSolution.DSP.Service]  {osgibundle:/META-INF/spring/*.xml}
2022-01-11 13:34:41,539 [                    ] [                    ] [Start Level Event Dispatcher] [ INFO] [GreenFrameOsgiApplicationContextCreator.java:createApplicationContext:38] - Discovered configurations in bundle [MESSolution.DataCollection.Service]  {osgibundle:/META-INF/spring/*.xml}
2022-01-11 13:34:41,547 [                    ] [                    ] [Start Level Event Dispatcher] [ INFO] [GreenFrameOsgiApplicationContextCreator.java:createApplicationContext:38] - Discovered configurations in bundle [MESSolution.PMS.Service]  {osgibundle:/META-INF/spring/*.xml}
2022-01-11 13:34:41,549 [                    ] [                    ] [Start Level Event Dispatcher] [ INFO] [GreenFrameOsgiApplicationContextCreator.java:createApplicationContext:38] - Discovered configurations in bundle [MESSolution.Product.Service]  {osgibundle:/META-INF/spring/*.xml}
2022-01-11 13:34:41,549 [                    ] [                    ] [Start Level Event Dispatcher] [ INFO] [GreenFrameOsgiApplicationContextCreator.java:createApplicationContext:38] - Discovered configurations in bundle [MESSolution.Generic]  {osgibundle:/META-INF/spring/*.xml}
2022-01-11 13:34:42,357 [                    ] [                    ] [SpringOsgiExtenderThread-84] [ INFO] [BpelProcessManager.java:createThreadPool:176] - Thead Pool [CORE=3 , MAX=5, QueueSize=0 , KEEP_ALIVE=500]
2022-01-11 13:34:42,426 [                    ] [                    ] [SpringOsgiExtenderThread-84] [ INFO] [CustomBpelExRepository.java:readBpels:223] - Target Bundle-Name [greenFrame.workflow] for greenFrame workflow service
2022-01-11 13:34:42,446 [                    ] [                    ] [SpringOsgiExtenderThread-84] [ INFO] [AbstractBpelRepository.java:addBpelProcess:42] - add complete [{http://bpel.aim.co.kr/bpelj/}dispatching.bpel@0]
2022-01-11 13:34:42,449 [                    ] [                    ] [SpringOsgiExtenderThread-84] [ WARN] [CustomBpelExRepository.java:startWatcher:393] - Could not create BpelWatcher
2022-01-11 13:34:42,824 [                    ] [                    ] [SpringOsgiExtenderThread-88] [DEBUG] [SQLLogUtil.java:logBeforeExecutingQuery:47] - SQL [select oad.typename, oad.position, oad.attributename, oad.primarykeyflag, oad.attributetype, oad.datatype, oad.defaultvalue,otd.extendedtflag 
from objectattributedef oad, objecttypedef otd where oad.attributetype = 'Standard' and oad.typename = otd.typename order by typename, position]
2022-01-11 13:34:43,210 [                    ] [                    ] [SpringOsgiExtenderThread-88] [DEBUG] [SQLLogUtil.java:logAfterExecutingQuery:67] - SQL query returned 2286 rows
2022-01-11 13:34:43,230 [                    ] [                    ] [SpringOsgiExtenderThread-88] [DEBUG] [SQLLogUtil.java:logBeforeExecutingQuery:47] - SQL [select oad.typename, oad.position, oad.attributename, oad.primarykeyflag, oad.attributetype, oad.datatype, oad.defaultvalue,otd.extendedtflag 
from objectattributedef oad, objecttypedef otd where oad.attributetype = 'ExtendedC' and oad.typename = otd.typename order by typename, position]
2022-01-11 13:34:43,332 [                    ] [                    ] [SpringOsgiExtenderThread-88] [DEBUG] [SQLLogUtil.java:logAfterExecutingQuery:67] - SQL query returned 622 rows
2022-01-11 13:34:43,342 [                    ] [                    ] [SpringOsgiExtenderThread-88] [DEBUG] [SQLLogUtil.java:logBeforeExecutingQuery:47] - SQL [select oad.typename, oad.position, oad.attributename, oad.primarykeyflag, oad.attributetype, oad.datatype, oad.defaultvalue,otd.extendedtflag 
from objectattributedef oad, objecttypedef otd where oad.attributetype = 'ExtendedT' and oad.typename = otd.typename order by typename, position]
2022-01-11 13:34:43,342 [                    ] [                    ] [SpringOsgiExtenderThread-88] [DEBUG] [SQLLogUtil.java:logAfterExecutingQuery:67] - SQL query returned 0 rows
2022-01-11 13:34:43,342 [                    ] [                    ] [SpringOsgiExtenderThread-88] [ INFO] [ObjectAttributeMap.java:load:125] - Completed to load ObjectAttributeMap
2022-01-11 13:34:43,342 [                    ] [                    ] [SpringOsgiExtenderThread-88] [DEBUG] [InfraServiceProxy.java:setApplicationContext:16] - Success Get AC
2022-01-11 13:34:43,471 [                    ] [                    ] [SpringOsgiExtenderThread-88] [ INFO] [TibDQAdaptor.java:open:300] - Advisory Listener initialized
2022-01-11 13:34:43,504 [                    ] [                    ] [SpringOsgiExtenderThread-88] [ INFO] [EventConfigurator.java:afterPropertiesSet:43] - event configurator initializing for [QRYsvr]
2022-01-11 13:34:43,504 [                    ] [                    ] [SpringOsgiExtenderThread-88] [ INFO] [EventConfigurator.java:afterPropertiesSet:46] - ClassMap load result : 3 rows
2022-01-11 13:34:43,563 [                    ] [                    ] [SpringOsgiExtenderThread-88] [ INFO] [DQListener.java:afterPropertiesSet:82] - ***********************************************************************************************
2022-01-11 13:34:43,565 [                    ] [                    ] [SpringOsgiExtenderThread-88] [ INFO] [DQListener.java:afterPropertiesSet:83] - <QRYListener> SubjectName=VISIONOX.V3.MES.DEVsjlee.FAB.QRYsvr Service=8800, Network=;225.11.11.8, Daemon=, WorkerWeight=2, WorkerTasks=1, SchedulerWeight=10, SchedulerHeartbeat=3.0, SchedulerActivation=5.0
2022-01-11 13:34:43,565 [                    ] [                    ] [SpringOsgiExtenderThread-88] [ INFO] [DQListener.java:afterPropertiesSet:102] - ***********************************************************************************************
2022-01-11 13:34:43,565 [                    ] [                    ] [SpringOsgiExtenderThread-88] [ INFO] [TibDQAdaptor.java:open:429] - Initialized kr.co.aim.greenframe.esb.tibco.DQListener TIBCO Adaptor
2022-01-11 13:39:42,326 [                    ] [                    ] [Timer-0] [ WARN] [DependencyWaiterApplicationContextExecutor.java:timeout:445] - Timeout occurred before finding service dependencies for [OsgiBundleXmlApplicationContext(bundle=MESSolution.Generic, config=osgibundle:/META-INF/spring/*.xml)]
2022-01-11 13:39:42,329 [                    ] [                    ] [Timer-0] [ERROR] [DependencyWaiterApplicationContextExecutor.java:fail:424] - Unable to create application context for [MESSolution.Generic], unsatisfied dependencies: Dependency on [(objectClass=kr.co.aim.greentrack.generic.master.ConstantMap)] (from bean [&ntConstantMap])
org.springframework.context.ApplicationContextException: Application context initialization for 'MESSolution.Generic' has timed out
	at org.springframework.osgi.extender.internal.dependencies.startup.DependencyWaiterApplicationContextExecutor.timeout(DependencyWaiterApplicationContextExecutor.java:454)
	at org.springframework.osgi.extender.internal.dependencies.startup.DependencyWaiterApplicationContextExecutor.access$000(DependencyWaiterApplicationContextExecutor.java:50)
	at org.springframework.osgi.extender.internal.dependencies.startup.DependencyWaiterApplicationContextExecutor$WatchDogTask.run(DependencyWaiterApplicationContextExecutor.java:105)
	at java.util.TimerThread.mainLoop(Timer.java:555)
	at java.util.TimerThread.run(Timer.java:505)
2022-01-11 13:39:42,344 [                    ] [                    ] [Timer-0] [ERROR] [DefaultOsgiBundleApplicationContextListener.java:onOsgiApplicationEvent:50] - Application context refresh failed (OsgiBundleXmlApplicationContext(bundle=MESSolution.Generic, config=osgibundle:/META-INF/spring/*.xml))
org.springframework.context.ApplicationContextException: Application context initialization for 'MESSolution.Generic' has timed out
	at org.springframework.osgi.extender.internal.dependencies.startup.DependencyWaiterApplicationContextExecutor.timeout(DependencyWaiterApplicationContextExecutor.java:454)
	at org.springframework.osgi.extender.internal.dependencies.startup.DependencyWaiterApplicationContextExecutor.access$000(DependencyWaiterApplicationContextExecutor.java:50)
	at org.springframework.osgi.extender.internal.dependencies.startup.DependencyWaiterApplicationContextExecutor$WatchDogTask.run(DependencyWaiterApplicationContextExecutor.java:105)
	at java.util.TimerThread.mainLoop(Timer.java:555)
	at java.util.TimerThread.run(Timer.java:505)
2022-01-11 13:39:42,360 [                    ] [                    ] [Timer-0] [ WARN] [DependencyWaiterApplicationContextExecutor.java:timeout:445] - Timeout occurred before finding service dependencies for [OsgiBundleXmlApplicationContext(bundle=greenTrack.Generic.Service, config=osgibundle:/META-INF/spring/*.xml)]
2022-01-11 13:39:42,360 [                    ] [                    ] [Timer-0] [ERROR] [DependencyWaiterApplicationContextExecutor.java:fail:424] - Unable to create application context for [greenTrack.Generic.Service], unsatisfied dependencies: Dependency on [(objectClass=kr.co.aim.greentrack.generic.orm.SqlMesTemplate)] (from bean [&SqlMesTemplate])
org.springframework.context.ApplicationContextException: Application context initialization for 'greenTrack.Generic.Service' has timed out
	at org.springframework.osgi.extender.internal.dependencies.startup.DependencyWaiterApplicationContextExecutor.timeout(DependencyWaiterApplicationContextExecutor.java:454)
	at org.springframework.osgi.extender.internal.dependencies.startup.DependencyWaiterApplicationContextExecutor.access$000(DependencyWaiterApplicationContextExecutor.java:50)
	at org.springframework.osgi.extender.internal.dependencies.startup.DependencyWaiterApplicationContextExecutor$WatchDogTask.run(DependencyWaiterApplicationContextExecutor.java:105)
	at java.util.TimerThread.mainLoop(Timer.java:555)
	at java.util.TimerThread.run(Timer.java:505)
2022-01-11 13:39:42,360 [                    ] [                    ] [Timer-0] [ERROR] [DefaultOsgiBundleApplicationContextListener.java:onOsgiApplicationEvent:50] - Application context refresh failed (OsgiBundleXmlApplicationContext(bundle=greenTrack.Generic.Service, config=osgibundle:/META-INF/spring/*.xml))
org.springframework.context.ApplicationContextException: Application context initialization for 'greenTrack.Generic.Service' has timed out
	at org.springframework.osgi.extender.internal.dependencies.startup.DependencyWaiterApplicationContextExecutor.timeout(DependencyWaiterApplicationContextExecutor.java:454)
	at org.springframework.osgi.extender.internal.dependencies.startup.DependencyWaiterApplicationContextExecutor.access$000(DependencyWaiterApplicationContextExecutor.java:50)
	at org.springframework.osgi.extender.internal.dependencies.startup.DependencyWaiterApplicationContextExecutor$WatchDogTask.run(DependencyWaiterApplicationContextExecutor.java:105)
	at java.util.TimerThread.mainLoop(Timer.java:555)
	at java.util.TimerThread.run(Timer.java:505)
2022-01-11 13:48:12,606 [                    ] [                    ] [Start Level Event Dispatcher] [ INFO] [GreenFrameOsgiApplicationContextCreator.java:createApplicationContext:38] - Discovered configurations in bundle [greenTrack.Name.Service]  {osgibundle:/META-INF/spring/*.xml}
2022-01-11 13:48:12,620 [                    ] [                    ] [Start Level Event Dispatcher] [ INFO] [GreenFrameOsgiApplicationContextCreator.java:createApplicationContext:38] - Discovered configurations in bundle [greenTrack.ProductRequest.Service]  {osgibundle:/META-INF/spring/*.xml}
2022-01-11 13:48:12,620 [                    ] [                    ] [Start Level Event Dispatcher] [ INFO] [GreenFrameOsgiApplicationContextCreator.java:createApplicationContext:38] - Discovered configurations in bundle [greenTrack.Durable.Service]  {osgibundle:/META-INF/spring/*.xml}
2022-01-11 13:48:12,620 [                    ] [                    ] [Start Level Event Dispatcher] [ INFO] [GreenFrameOsgiApplicationContextCreator.java:createApplicationContext:38] - Discovered configurations in bundle [greenTrack.Port.Service]  {osgibundle:/META-INF/spring/*.xml}
2022-01-11 13:48:12,628 [                    ] [                    ] [Start Level Event Dispatcher] [ INFO] [GreenFrameOsgiApplicationContextCreator.java:createApplicationContext:38] - Discovered configurations in bundle [greenTrack.Product.Service]  {osgibundle:/META-INF/spring/*.xml}
2022-01-11 13:48:12,628 [                    ] [                    ] [Start Level Event Dispatcher] [ INFO] [GreenFrameOsgiApplicationContextCreator.java:createApplicationContext:38] - Discovered configurations in bundle [greenTrack.ProductRequestPlan.Service]  {osgibundle:/META-INF/spring/*.xml}
2022-01-11 13:48:12,628 [                    ] [                    ] [Start Level Event Dispatcher] [ INFO] [GreenFrameOsgiApplicationContextCreator.java:createApplicationContext:38] - Discovered configurations in bundle [greenTrack.User.Service]  {osgibundle:/META-INF/spring/*.xml}
2022-01-11 13:48:12,628 [                    ] [                    ] [Start Level Event Dispatcher] [ INFO] [GreenFrameOsgiApplicationContextCreator.java:createApplicationContext:38] - Discovered configurations in bundle [greenTrack.ProcessGroup.Service]  {osgibundle:/META-INF/spring/*.xml}
2022-01-11 13:48:12,628 [                    ] [                    ] [Start Level Event Dispatcher] [ INFO] [GreenFrameOsgiApplicationContextCreator.java:createApplicationContext:38] - Discovered configurations in bundle [greenTrack.Recipe.Service]  {osgibundle:/META-INF/spring/*.xml}
2022-01-11 13:48:12,644 [                    ] [                    ] [Start Level Event Dispatcher] [ INFO] [GreenFrameOsgiApplicationContextCreator.java:createApplicationContext:38] - Discovered configurations in bundle [greenTrack.Machine.Service]  {osgibundle:/META-INF/spring/*.xml}
2022-01-11 13:48:12,644 [                    ] [                    ] [Start Level Event Dispatcher] [ INFO] [GreenFrameOsgiApplicationContextCreator.java:createApplicationContext:38] - Discovered configurations in bundle [greenTrack.Object.Service]  {osgibundle:/META-INF/spring/*.xml}
2022-01-11 13:48:12,644 [                    ] [                    ] [Start Level Event Dispatcher] [ INFO] [GreenFrameOsgiApplicationContextCreator.java:createApplicationContext:38] - Discovered configurations in bundle [greenTrack.TransportGroup.Service]  {osgibundle:/META-INF/spring/*.xml}
2022-01-11 13:48:12,707 [                    ] [                    ] [Start Level Event Dispatcher] [ INFO] [GreenFrameOsgiApplicationContextCreator.java:createApplicationContext:38] - Discovered configurations in bundle [greenTrack.Behavior.Service]  {osgibundle:/META-INF/spring/*.xml}
2022-01-11 13:48:12,802 [                    ] [                    ] [Start Level Event Dispatcher] [ INFO] [GreenFrameOsgiApplicationContextCreator.java:createApplicationContext:38] - Discovered configurations in bundle [greenTrack.Generic.Service]  {osgibundle:/META-INF/spring/*.xml}
2022-01-11 13:48:12,802 [                    ] [                    ] [Start Level Event Dispatcher] [ INFO] [GreenFrameOsgiApplicationContextCreator.java:createApplicationContext:38] - Discovered configurations in bundle [greenTrack.Factory.Service]  {osgibundle:/META-INF/spring/*.xml}
2022-01-11 13:48:12,802 [                    ] [                    ] [Start Level Event Dispatcher] [ INFO] [GreenFrameOsgiApplicationContextCreator.java:createApplicationContext:38] - Discovered configurations in bundle [greenTrack.ProcessOperationSpec.Service]  {osgibundle:/META-INF/spring/*.xml}
2022-01-11 13:48:12,842 [                    ] [                    ] [Start Level Event Dispatcher] [ INFO] [GreenFrameOsgiApplicationContextCreator.java:createApplicationContext:38] - Discovered configurations in bundle [greenTrack.Alarm.Service]  {osgibundle:/META-INF/spring/*.xml}
2022-01-11 13:48:12,850 [                    ] [                    ] [Start Level Event Dispatcher] [ INFO] [GreenFrameOsgiApplicationContextCreator.java:createApplicationContext:38] - Discovered configurations in bundle [greenTrack.Consumable.Service]  {osgibundle:/META-INF/spring/*.xml}
2022-01-11 13:48:12,852 [                    ] [                    ] [Start Level Event Dispatcher] [ INFO] [GreenFrameOsgiApplicationContextCreator.java:createApplicationContext:38] - Discovered configurations in bundle [greenTrack.Policy.Service]  {osgibundle:/META-INF/spring/*.xml}
2022-01-11 13:48:12,852 [                    ] [                    ] [Start Level Event Dispatcher] [ INFO] [GreenFrameOsgiApplicationContextCreator.java:createApplicationContext:38] - Discovered configurations in bundle [greenTrack.SPCControl.Service]  {osgibundle:/META-INF/spring/*.xml}
2022-01-11 13:48:12,852 [                    ] [                    ] [Start Level Event Dispatcher] [ INFO] [GreenFrameOsgiApplicationContextCreator.java:createApplicationContext:38] - Discovered configurations in bundle [greenTrack.DataCollection.Service]  {osgibundle:/META-INF/spring/*.xml}
2022-01-11 13:48:12,862 [                    ] [                    ] [Start Level Event Dispatcher] [ INFO] [GreenFrameOsgiApplicationContextCreator.java:createApplicationContext:38] - Discovered configurations in bundle [greenTrack.Lot.Service]  {osgibundle:/META-INF/spring/*.xml}
2022-01-11 13:48:12,973 [                    ] [                    ] [Start Level Event Dispatcher] [ INFO] [GreenFrameOsgiApplicationContextCreator.java:createApplicationContext:38] - Discovered configurations in bundle [greenTrack.ProcessFlow.Service]  {osgibundle:/META-INF/spring/*.xml}
2022-01-11 13:48:13,024 [                    ] [                    ] [Start Level Event Dispatcher] [ INFO] [GreenFrameOsgiApplicationContextCreator.java:createApplicationContext:38] - Discovered configurations in bundle [MESSolution.Durable.Service]  {osgibundle:/META-INF/spring/*.xml}
2022-01-11 13:48:13,044 [                    ] [                    ] [Start Level Event Dispatcher] [ INFO] [GreenFrameOsgiApplicationContextCreator.java:createApplicationContext:38] - Discovered configurations in bundle [greenFrame.formatter]  {META-INF/spring/*.xml, META-INF/spring/QRYsvr/*.xml}
2022-01-11 13:48:13,044 [                    ] [                    ] [Start Level Event Dispatcher] [ INFO] [GreenFrameOsgiApplicationContextCreator.java:createApplicationContext:38] - Discovered configurations in bundle [MESSolution.RMS.Service]  {osgibundle:/META-INF/spring/*.xml}
2022-01-11 13:48:13,054 [                    ] [                    ] [Start Level Event Dispatcher] [ INFO] [GreenFrameOsgiApplicationContextCreator.java:createApplicationContext:38] - Discovered configurations in bundle [MESSolution.Port.Service]  {osgibundle:/META-INF/spring/*.xml}
2022-01-11 13:48:13,054 [                    ] [                    ] [Start Level Event Dispatcher] [ INFO] [GreenFrameOsgiApplicationContextCreator.java:createApplicationContext:38] - Discovered configurations in bundle [MESSolution.Alarm.Service]  {osgibundle:/META-INF/spring/*.xml}
2022-01-11 13:48:13,054 [                    ] [                    ] [Start Level Event Dispatcher] [ INFO] [GreenFrameOsgiApplicationContextCreator.java:createApplicationContext:38] - Discovered configurations in bundle [MESSolution.Machine.Service]  {osgibundle:/META-INF/spring/*.xml}
2022-01-11 13:48:13,054 [                    ] [                    ] [Start Level Event Dispatcher] [ INFO] [GreenFrameOsgiApplicationContextCreator.java:createApplicationContext:38] - Discovered configurations in bundle [greenFrame.workflow]  {META-INF/spring/*.xml, META-INF/spring/QRYsvr/*.xml}
2022-01-11 13:48:13,062 [                    ] [                    ] [Start Level Event Dispatcher] [ INFO] [GreenFrameOsgiApplicationContextCreator.java:createApplicationContext:38] - Discovered configurations in bundle [MESSolution.ProductRequest.Service]  {osgibundle:/META-INF/spring/*.xml}
2022-01-11 13:48:13,064 [                    ] [                    ] [Start Level Event Dispatcher] [ INFO] [GreenFrameOsgiApplicationContextCreator.java:createApplicationContext:38] - Discovered configurations in bundle [MESSolution.ProcessGroup.Service]  {osgibundle:/META-INF/spring/*.xml}
2022-01-11 13:48:13,064 [                    ] [                    ] [Start Level Event Dispatcher] [ INFO] [GreenFrameOsgiApplicationContextCreator.java:createApplicationContext:38] - Discovered configurations in bundle [MESSolution.TransportJob.Service]  {osgibundle:/META-INF/spring/*.xml}
2022-01-11 13:48:13,072 [                    ] [                    ] [Start Level Event Dispatcher] [ INFO] [GreenFrameOsgiApplicationContextCreator.java:createApplicationContext:38] - Discovered configurations in bundle [MESSolution.Consumable.Service]  {osgibundle:/META-INF/spring/*.xml}
2022-01-11 13:48:13,084 [                    ] [                    ] [Start Level Event Dispatcher] [ INFO] [GreenFrameOsgiApplicationContextCreator.java:createApplicationContext:38] - Discovered configurations in bundle [MESSolution.Query.Service]  {osgibundle:/META-INF/spring/*.xml}
2022-01-11 13:48:13,113 [                    ] [                    ] [Start Level Event Dispatcher] [ INFO] [GreenFrameOsgiApplicationContextCreator.java:createApplicationContext:38] - Discovered configurations in bundle [MESSolution.Lot.Service]  {osgibundle:/META-INF/spring/*.xml}
2022-01-11 13:48:13,113 [                    ] [                    ] [Start Level Event Dispatcher] [ INFO] [GreenFrameOsgiApplicationContextCreator.java:createApplicationContext:38] - Discovered configurations in bundle [MESSolution.Extended.Object]  {osgibundle:/META-INF/spring/*.xml}
2022-01-11 13:48:13,123 [                    ] [                    ] [Start Level Event Dispatcher] [ INFO] [GreenFrameOsgiApplicationContextCreator.java:createApplicationContext:38] - Discovered configurations in bundle [MESSolution.Extended.Policy]  {osgibundle:/META-INF/spring/*.xml}
2022-01-11 13:48:13,125 [                    ] [                    ] [Start Level Event Dispatcher] [ INFO] [GreenFrameOsgiApplicationContextCreator.java:createApplicationContext:38] - Discovered configurations in bundle [MESSolution.Extended.WebInterface]  {osgibundle:/META-INF/spring/*.xml}
2022-01-11 13:48:13,125 [                    ] [                    ] [Start Level Event Dispatcher] [DEBUG] [GreenFrameConfigurationScanner.java:getConfigFiles:101] - greenFrame Configuration Absolute Path: D:\Project\V3_Source\eclipse\config [greenFrame.Infra]
2022-01-11 13:48:13,125 [                    ] [                    ] [Start Level Event Dispatcher] [ INFO] [GreenFrameConfigurationScanner.java:getConfigFiles:107] - No Configurations in D:\Project\V3_Source\eclipse\config. Searching configurations from inside the bundle [greenFrame.Infra]
2022-01-11 13:48:13,133 [                    ] [                    ] [Start Level Event Dispatcher] [DEBUG] [GreenFrameConfigurationScanner.java:getConfigFiles:101] - greenFrame Configuration Absolute Path: D:\Project\V3_Source\eclipse\config\QRYsvr [greenFrame.Infra]
2022-01-11 13:48:13,135 [                    ] [                    ] [Start Level Event Dispatcher] [ INFO] [GreenFrameConfigurationScanner.java:getConfigFiles:107] - No Configurations in D:\Project\V3_Source\eclipse\config\QRYsvr. Searching configurations from inside the bundle [greenFrame.Infra]
2022-01-11 13:48:13,135 [                    ] [                    ] [Start Level Event Dispatcher] [ INFO] [GreenFrameOsgiApplicationContextCreator.java:createApplicationContext:38] - Discovered configurations in bundle [greenFrame.Infra]  {osgibundle:config/*.xml, osgibundle:config/QRYsvr/*.xml}
2022-01-11 13:48:13,135 [                    ] [                    ] [Start Level Event Dispatcher] [ INFO] [GreenFrameOsgiApplicationContextCreator.java:createApplicationContext:38] - Discovered configurations in bundle [MESSolution.UserProfile.Service]  {osgibundle:/META-INF/spring/*.xml}
2022-01-11 13:48:13,163 [                    ] [                    ] [Start Level Event Dispatcher] [ INFO] [GreenFrameOsgiApplicationContextCreator.java:createApplicationContext:38] - Discovered configurations in bundle [MESSolution.DSP.Service]  {osgibundle:/META-INF/spring/*.xml}
2022-01-11 13:48:13,165 [                    ] [                    ] [Start Level Event Dispatcher] [ INFO] [GreenFrameOsgiApplicationContextCreator.java:createApplicationContext:38] - Discovered configurations in bundle [MESSolution.DataCollection.Service]  {osgibundle:/META-INF/spring/*.xml}
2022-01-11 13:48:13,277 [                    ] [                    ] [Start Level Event Dispatcher] [ INFO] [GreenFrameOsgiApplicationContextCreator.java:createApplicationContext:38] - Discovered configurations in bundle [MESSolution.PMS.Service]  {osgibundle:/META-INF/spring/*.xml}
2022-01-11 13:48:13,287 [                    ] [                    ] [Start Level Event Dispatcher] [ INFO] [GreenFrameOsgiApplicationContextCreator.java:createApplicationContext:38] - Discovered configurations in bundle [MESSolution.Product.Service]  {osgibundle:/META-INF/spring/*.xml}
2022-01-11 13:48:13,348 [                    ] [                    ] [Start Level Event Dispatcher] [ INFO] [GreenFrameOsgiApplicationContextCreator.java:createApplicationContext:38] - Discovered configurations in bundle [MESSolution.Generic]  {osgibundle:/META-INF/spring/*.xml}
2022-01-11 13:48:13,894 [                    ] [                    ] [SpringOsgiExtenderThread-82] [ INFO] [BpelProcessManager.java:createThreadPool:176] - Thead Pool [CORE=3 , MAX=5, QueueSize=0 , KEEP_ALIVE=500]
2022-01-11 13:48:14,318 [                    ] [                    ] [SpringOsgiExtenderThread-82] [ INFO] [CustomBpelExRepository.java:readBpels:223] - Target Bundle-Name [greenFrame.workflow] for greenFrame workflow service
2022-01-11 13:48:14,339 [                    ] [                    ] [SpringOsgiExtenderThread-82] [ INFO] [AbstractBpelRepository.java:addBpelProcess:42] - add complete [{http://bpel.aim.co.kr/bpelj/}dispatching.bpel@0]
2022-01-11 13:48:14,339 [                    ] [                    ] [SpringOsgiExtenderThread-82] [ WARN] [CustomBpelExRepository.java:startWatcher:393] - Could not create BpelWatcher
2022-01-11 13:48:14,349 [                    ] [                    ] [SpringOsgiExtenderThread-90] [DEBUG] [SQLLogUtil.java:logBeforeExecutingQuery:47] - SQL [select oad.typename, oad.position, oad.attributename, oad.primarykeyflag, oad.attributetype, oad.datatype, oad.defaultvalue,otd.extendedtflag 
from objectattributedef oad, objecttypedef otd where oad.attributetype = 'Standard' and oad.typename = otd.typename order by typename, position]
2022-01-11 13:48:14,876 [                    ] [                    ] [SpringOsgiExtenderThread-90] [DEBUG] [SQLLogUtil.java:logAfterExecutingQuery:67] - SQL query returned 2286 rows
2022-01-11 13:48:14,906 [                    ] [                    ] [SpringOsgiExtenderThread-90] [DEBUG] [SQLLogUtil.java:logBeforeExecutingQuery:47] - SQL [select oad.typename, oad.position, oad.attributename, oad.primarykeyflag, oad.attributetype, oad.datatype, oad.defaultvalue,otd.extendedtflag 
from objectattributedef oad, objecttypedef otd where oad.attributetype = 'ExtendedC' and oad.typename = otd.typename order by typename, position]
2022-01-11 13:48:15,008 [                    ] [                    ] [SpringOsgiExtenderThread-90] [DEBUG] [SQLLogUtil.java:logAfterExecutingQuery:67] - SQL query returned 622 rows
2022-01-11 13:48:15,008 [                    ] [                    ] [SpringOsgiExtenderThread-90] [DEBUG] [SQLLogUtil.java:logBeforeExecutingQuery:47] - SQL [select oad.typename, oad.position, oad.attributename, oad.primarykeyflag, oad.attributetype, oad.datatype, oad.defaultvalue,otd.extendedtflag 
from objectattributedef oad, objecttypedef otd where oad.attributetype = 'ExtendedT' and oad.typename = otd.typename order by typename, position]
2022-01-11 13:48:15,016 [                    ] [                    ] [SpringOsgiExtenderThread-90] [DEBUG] [SQLLogUtil.java:logAfterExecutingQuery:67] - SQL query returned 0 rows
2022-01-11 13:48:15,016 [                    ] [                    ] [SpringOsgiExtenderThread-90] [ INFO] [ObjectAttributeMap.java:load:125] - Completed to load ObjectAttributeMap
2022-01-11 13:48:15,018 [                    ] [                    ] [SpringOsgiExtenderThread-90] [DEBUG] [InfraServiceProxy.java:setApplicationContext:16] - Success Get AC
2022-01-11 13:48:15,221 [                    ] [                    ] [SpringOsgiExtenderThread-90] [ INFO] [TibDQAdaptor.java:open:300] - Advisory Listener initialized
2022-01-11 13:48:15,261 [                    ] [                    ] [SpringOsgiExtenderThread-90] [ INFO] [EventConfigurator.java:afterPropertiesSet:43] - event configurator initializing for [QRYsvr]
2022-01-11 13:48:15,261 [                    ] [                    ] [SpringOsgiExtenderThread-90] [ INFO] [EventConfigurator.java:afterPropertiesSet:46] - ClassMap load result : 3 rows
2022-01-11 13:48:15,322 [                    ] [                    ] [SpringOsgiExtenderThread-90] [ INFO] [DQListener.java:afterPropertiesSet:82] - ***********************************************************************************************
2022-01-11 13:48:15,322 [                    ] [                    ] [SpringOsgiExtenderThread-90] [ INFO] [DQListener.java:afterPropertiesSet:83] - <QRYListener> SubjectName=VISIONOX.V3.MES.DEVsjlee.FAB.QRYsvr Service=8800, Network=;225.11.11.8, Daemon=, WorkerWeight=2, WorkerTasks=1, SchedulerWeight=10, SchedulerHeartbeat=3.0, SchedulerActivation=5.0
2022-01-11 13:48:15,322 [                    ] [                    ] [SpringOsgiExtenderThread-90] [ INFO] [DQListener.java:afterPropertiesSet:102] - ***********************************************************************************************
2022-01-11 13:48:15,322 [                    ] [                    ] [SpringOsgiExtenderThread-90] [ INFO] [TibDQAdaptor.java:open:429] - Initialized kr.co.aim.greenframe.esb.tibco.DQListener TIBCO Adaptor
2022-01-11 13:53:13,753 [                    ] [                    ] [Timer-0] [ WARN] [DependencyWaiterApplicationContextExecutor.java:timeout:445] - Timeout occurred before finding service dependencies for [OsgiBundleXmlApplicationContext(bundle=greenTrack.Generic.Service, config=osgibundle:/META-INF/spring/*.xml)]
2022-01-11 13:53:13,756 [                    ] [                    ] [Timer-0] [ERROR] [DependencyWaiterApplicationContextExecutor.java:fail:424] - Unable to create application context for [greenTrack.Generic.Service], unsatisfied dependencies: Dependency on [(objectClass=kr.co.aim.greentrack.generic.orm.SqlMesTemplate)] (from bean [&SqlMesTemplate])
org.springframework.context.ApplicationContextException: Application context initialization for 'greenTrack.Generic.Service' has timed out
	at org.springframework.osgi.extender.internal.dependencies.startup.DependencyWaiterApplicationContextExecutor.timeout(DependencyWaiterApplicationContextExecutor.java:454)
	at org.springframework.osgi.extender.internal.dependencies.startup.DependencyWaiterApplicationContextExecutor.access$000(DependencyWaiterApplicationContextExecutor.java:50)
	at org.springframework.osgi.extender.internal.dependencies.startup.DependencyWaiterApplicationContextExecutor$WatchDogTask.run(DependencyWaiterApplicationContextExecutor.java:105)
	at java.util.TimerThread.mainLoop(Timer.java:555)
	at java.util.TimerThread.run(Timer.java:505)
2022-01-11 13:53:13,756 [                    ] [                    ] [Timer-0] [ERROR] [DefaultOsgiBundleApplicationContextListener.java:onOsgiApplicationEvent:50] - Application context refresh failed (OsgiBundleXmlApplicationContext(bundle=greenTrack.Generic.Service, config=osgibundle:/META-INF/spring/*.xml))
org.springframework.context.ApplicationContextException: Application context initialization for 'greenTrack.Generic.Service' has timed out
	at org.springframework.osgi.extender.internal.dependencies.startup.DependencyWaiterApplicationContextExecutor.timeout(DependencyWaiterApplicationContextExecutor.java:454)
	at org.springframework.osgi.extender.internal.dependencies.startup.DependencyWaiterApplicationContextExecutor.access$000(DependencyWaiterApplicationContextExecutor.java:50)
	at org.springframework.osgi.extender.internal.dependencies.startup.DependencyWaiterApplicationContextExecutor$WatchDogTask.run(DependencyWaiterApplicationContextExecutor.java:105)
	at java.util.TimerThread.mainLoop(Timer.java:555)
	at java.util.TimerThread.run(Timer.java:505)
2022-01-11 13:53:13,885 [                    ] [                    ] [Timer-0] [ WARN] [DependencyWaiterApplicationContextExecutor.java:timeout:445] - Timeout occurred before finding service dependencies for [OsgiBundleXmlApplicationContext(bundle=MESSolution.Generic, config=osgibundle:/META-INF/spring/*.xml)]
2022-01-11 13:53:13,885 [                    ] [                    ] [Timer-0] [ERROR] [DependencyWaiterApplicationContextExecutor.java:fail:424] - Unable to create application context for [MESSolution.Generic], unsatisfied dependencies: Dependency on [(objectClass=kr.co.aim.greentrack.generic.master.ConstantMap)] (from bean [&ntConstantMap])
org.springframework.context.ApplicationContextException: Application context initialization for 'MESSolution.Generic' has timed out
	at org.springframework.osgi.extender.internal.dependencies.startup.DependencyWaiterApplicationContextExecutor.timeout(DependencyWaiterApplicationContextExecutor.java:454)
	at org.springframework.osgi.extender.internal.dependencies.startup.DependencyWaiterApplicationContextExecutor.access$000(DependencyWaiterApplicationContextExecutor.java:50)
	at org.springframework.osgi.extender.internal.dependencies.startup.DependencyWaiterApplicationContextExecutor$WatchDogTask.run(DependencyWaiterApplicationContextExecutor.java:105)
	at java.util.TimerThread.mainLoop(Timer.java:555)
	at java.util.TimerThread.run(Timer.java:505)
2022-01-11 13:53:13,885 [                    ] [                    ] [Timer-0] [ERROR] [DefaultOsgiBundleApplicationContextListener.java:onOsgiApplicationEvent:50] - Application context refresh failed (OsgiBundleXmlApplicationContext(bundle=MESSolution.Generic, config=osgibundle:/META-INF/spring/*.xml))
org.springframework.context.ApplicationContextException: Application context initialization for 'MESSolution.Generic' has timed out
	at org.springframework.osgi.extender.internal.dependencies.startup.DependencyWaiterApplicationContextExecutor.timeout(DependencyWaiterApplicationContextExecutor.java:454)
	at org.springframework.osgi.extender.internal.dependencies.startup.DependencyWaiterApplicationContextExecutor.access$000(DependencyWaiterApplicationContextExecutor.java:50)
	at org.springframework.osgi.extender.internal.dependencies.startup.DependencyWaiterApplicationContextExecutor$WatchDogTask.run(DependencyWaiterApplicationContextExecutor.java:105)
	at java.util.TimerThread.mainLoop(Timer.java:555)
	at java.util.TimerThread.run(Timer.java:505)
2022-01-11 13:58:05,298 [                    ] [                    ] [Start Level Event Dispatcher] [ INFO] [GreenFrameOsgiApplicationContextCreator.java:createApplicationContext:38] - Discovered configurations in bundle [greenTrack.Name.Service]  {osgibundle:/META-INF/spring/*.xml}
2022-01-11 13:58:05,313 [                    ] [                    ] [Start Level Event Dispatcher] [ INFO] [GreenFrameOsgiApplicationContextCreator.java:createApplicationContext:38] - Discovered configurations in bundle [greenTrack.ProductRequest.Service]  {osgibundle:/META-INF/spring/*.xml}
2022-01-11 13:58:05,313 [                    ] [                    ] [Start Level Event Dispatcher] [ INFO] [GreenFrameOsgiApplicationContextCreator.java:createApplicationContext:38] - Discovered configurations in bundle [greenTrack.Durable.Service]  {osgibundle:/META-INF/spring/*.xml}
2022-01-11 13:58:05,313 [                    ] [                    ] [Start Level Event Dispatcher] [ INFO] [GreenFrameOsgiApplicationContextCreator.java:createApplicationContext:38] - Discovered configurations in bundle [greenTrack.Port.Service]  {osgibundle:/META-INF/spring/*.xml}
2022-01-11 13:58:05,313 [                    ] [                    ] [Start Level Event Dispatcher] [ INFO] [GreenFrameOsgiApplicationContextCreator.java:createApplicationContext:38] - Discovered configurations in bundle [greenTrack.Product.Service]  {osgibundle:/META-INF/spring/*.xml}
2022-01-11 13:58:05,313 [                    ] [                    ] [Start Level Event Dispatcher] [ INFO] [GreenFrameOsgiApplicationContextCreator.java:createApplicationContext:38] - Discovered configurations in bundle [greenTrack.ProductRequestPlan.Service]  {osgibundle:/META-INF/spring/*.xml}
2022-01-11 13:58:05,329 [                    ] [                    ] [Start Level Event Dispatcher] [ INFO] [GreenFrameOsgiApplicationContextCreator.java:createApplicationContext:38] - Discovered configurations in bundle [greenTrack.User.Service]  {osgibundle:/META-INF/spring/*.xml}
2022-01-11 13:58:05,329 [                    ] [                    ] [Start Level Event Dispatcher] [ INFO] [GreenFrameOsgiApplicationContextCreator.java:createApplicationContext:38] - Discovered configurations in bundle [greenTrack.ProcessGroup.Service]  {osgibundle:/META-INF/spring/*.xml}
2022-01-11 13:58:05,329 [                    ] [                    ] [Start Level Event Dispatcher] [ INFO] [GreenFrameOsgiApplicationContextCreator.java:createApplicationContext:38] - Discovered configurations in bundle [greenTrack.Recipe.Service]  {osgibundle:/META-INF/spring/*.xml}
2022-01-11 13:58:05,329 [                    ] [                    ] [Start Level Event Dispatcher] [ INFO] [GreenFrameOsgiApplicationContextCreator.java:createApplicationContext:38] - Discovered configurations in bundle [greenTrack.Machine.Service]  {osgibundle:/META-INF/spring/*.xml}
2022-01-11 13:58:05,329 [                    ] [                    ] [Start Level Event Dispatcher] [ INFO] [GreenFrameOsgiApplicationContextCreator.java:createApplicationContext:38] - Discovered configurations in bundle [greenTrack.Object.Service]  {osgibundle:/META-INF/spring/*.xml}
2022-01-11 13:58:05,329 [                    ] [                    ] [Start Level Event Dispatcher] [ INFO] [GreenFrameOsgiApplicationContextCreator.java:createApplicationContext:38] - Discovered configurations in bundle [greenTrack.TransportGroup.Service]  {osgibundle:/META-INF/spring/*.xml}
2022-01-11 13:58:05,350 [                    ] [                    ] [Start Level Event Dispatcher] [ INFO] [GreenFrameOsgiApplicationContextCreator.java:createApplicationContext:38] - Discovered configurations in bundle [greenTrack.Behavior.Service]  {osgibundle:/META-INF/spring/*.xml}
2022-01-11 13:58:05,428 [                    ] [                    ] [Start Level Event Dispatcher] [ INFO] [GreenFrameOsgiApplicationContextCreator.java:createApplicationContext:38] - Discovered configurations in bundle [greenTrack.Generic.Service]  {osgibundle:/META-INF/spring/*.xml}
2022-01-11 13:58:05,428 [                    ] [                    ] [Start Level Event Dispatcher] [ INFO] [GreenFrameOsgiApplicationContextCreator.java:createApplicationContext:38] - Discovered configurations in bundle [greenTrack.Factory.Service]  {osgibundle:/META-INF/spring/*.xml}
2022-01-11 13:58:05,443 [                    ] [                    ] [Start Level Event Dispatcher] [ INFO] [GreenFrameOsgiApplicationContextCreator.java:createApplicationContext:38] - Discovered configurations in bundle [greenTrack.ProcessOperationSpec.Service]  {osgibundle:/META-INF/spring/*.xml}
2022-01-11 13:58:05,443 [                    ] [                    ] [Start Level Event Dispatcher] [ INFO] [GreenFrameOsgiApplicationContextCreator.java:createApplicationContext:38] - Discovered configurations in bundle [greenTrack.Alarm.Service]  {osgibundle:/META-INF/spring/*.xml}
2022-01-11 13:58:05,443 [                    ] [                    ] [Start Level Event Dispatcher] [ INFO] [GreenFrameOsgiApplicationContextCreator.java:createApplicationContext:38] - Discovered configurations in bundle [greenTrack.Consumable.Service]  {osgibundle:/META-INF/spring/*.xml}
2022-01-11 13:58:05,450 [                    ] [                    ] [Start Level Event Dispatcher] [ INFO] [GreenFrameOsgiApplicationContextCreator.java:createApplicationContext:38] - Discovered configurations in bundle [greenTrack.Policy.Service]  {osgibundle:/META-INF/spring/*.xml}
2022-01-11 13:58:05,450 [                    ] [                    ] [Start Level Event Dispatcher] [ INFO] [GreenFrameOsgiApplicationContextCreator.java:createApplicationContext:38] - Discovered configurations in bundle [greenTrack.SPCControl.Service]  {osgibundle:/META-INF/spring/*.xml}
2022-01-11 13:58:05,450 [                    ] [                    ] [Start Level Event Dispatcher] [ INFO] [GreenFrameOsgiApplicationContextCreator.java:createApplicationContext:38] - Discovered configurations in bundle [greenTrack.DataCollection.Service]  {osgibundle:/META-INF/spring/*.xml}
2022-01-11 13:58:05,481 [                    ] [                    ] [Start Level Event Dispatcher] [ INFO] [GreenFrameOsgiApplicationContextCreator.java:createApplicationContext:38] - Discovered configurations in bundle [greenTrack.Lot.Service]  {osgibundle:/META-INF/spring/*.xml}
2022-01-11 13:58:05,528 [                    ] [                    ] [Start Level Event Dispatcher] [ INFO] [GreenFrameOsgiApplicationContextCreator.java:createApplicationContext:38] - Discovered configurations in bundle [greenTrack.ProcessFlow.Service]  {osgibundle:/META-INF/spring/*.xml}
2022-01-11 13:58:05,866 [                    ] [                    ] [Start Level Event Dispatcher] [DEBUG] [GreenFrameConfigurationScanner.java:getConfigFiles:101] - greenFrame Configuration Absolute Path: D:\Project\V3_Source\eclipse\config [greenFrame.Infra]
2022-01-11 13:58:05,866 [                    ] [                    ] [Start Level Event Dispatcher] [ INFO] [GreenFrameConfigurationScanner.java:getConfigFiles:107] - No Configurations in D:\Project\V3_Source\eclipse\config. Searching configurations from inside the bundle [greenFrame.Infra]
2022-01-11 13:58:05,884 [                    ] [                    ] [Start Level Event Dispatcher] [DEBUG] [GreenFrameConfigurationScanner.java:getConfigFiles:101] - greenFrame Configuration Absolute Path: D:\Project\V3_Source\eclipse\config\QRYsvr [greenFrame.Infra]
2022-01-11 13:58:05,884 [                    ] [                    ] [Start Level Event Dispatcher] [ INFO] [GreenFrameConfigurationScanner.java:getConfigFiles:107] - No Configurations in D:\Project\V3_Source\eclipse\config\QRYsvr. Searching configurations from inside the bundle [greenFrame.Infra]
2022-01-11 13:58:05,886 [                    ] [                    ] [Start Level Event Dispatcher] [ INFO] [GreenFrameOsgiApplicationContextCreator.java:createApplicationContext:38] - Discovered configurations in bundle [greenFrame.Infra]  {osgibundle:config/*.xml, osgibundle:config/QRYsvr/*.xml}
2022-01-11 13:58:06,752 [                    ] [                    ] [SpringOsgiExtenderThread-45] [DEBUG] [SQLLogUtil.java:logBeforeExecutingQuery:47] - SQL [select oad.typename, oad.position, oad.attributename, oad.primarykeyflag, oad.attributetype, oad.datatype, oad.defaultvalue,otd.extendedtflag 
from objectattributedef oad, objecttypedef otd where oad.attributetype = 'Standard' and oad.typename = otd.typename order by typename, position]
2022-01-11 13:58:07,139 [                    ] [                    ] [SpringOsgiExtenderThread-45] [DEBUG] [SQLLogUtil.java:logAfterExecutingQuery:67] - SQL query returned 2286 rows
2022-01-11 13:58:07,149 [                    ] [                    ] [SpringOsgiExtenderThread-45] [DEBUG] [SQLLogUtil.java:logBeforeExecutingQuery:47] - SQL [select oad.typename, oad.position, oad.attributename, oad.primarykeyflag, oad.attributetype, oad.datatype, oad.defaultvalue,otd.extendedtflag 
from objectattributedef oad, objecttypedef otd where oad.attributetype = 'ExtendedC' and oad.typename = otd.typename order by typename, position]
2022-01-11 13:58:07,187 [                    ] [                    ] [SpringOsgiExtenderThread-45] [DEBUG] [SQLLogUtil.java:logAfterExecutingQuery:67] - SQL query returned 622 rows
2022-01-11 13:58:07,187 [                    ] [                    ] [SpringOsgiExtenderThread-45] [DEBUG] [SQLLogUtil.java:logBeforeExecutingQuery:47] - SQL [select oad.typename, oad.position, oad.attributename, oad.primarykeyflag, oad.attributetype, oad.datatype, oad.defaultvalue,otd.extendedtflag 
from objectattributedef oad, objecttypedef otd where oad.attributetype = 'ExtendedT' and oad.typename = otd.typename order by typename, position]
2022-01-11 13:58:07,187 [                    ] [                    ] [SpringOsgiExtenderThread-45] [DEBUG] [SQLLogUtil.java:logAfterExecutingQuery:67] - SQL query returned 0 rows
2022-01-11 13:58:07,187 [                    ] [                    ] [SpringOsgiExtenderThread-45] [ INFO] [ObjectAttributeMap.java:load:125] - Completed to load ObjectAttributeMap
2022-01-11 13:58:07,187 [                    ] [                    ] [SpringOsgiExtenderThread-45] [DEBUG] [InfraServiceProxy.java:setApplicationContext:16] - Success Get AC
2022-01-11 13:58:07,423 [                    ] [                    ] [SpringOsgiExtenderThread-45] [ INFO] [TibDQAdaptor.java:open:300] - Advisory Listener initialized
2022-01-11 13:58:07,452 [                    ] [                    ] [SpringOsgiExtenderThread-45] [ INFO] [EventConfigurator.java:afterPropertiesSet:43] - event configurator initializing for [QRYsvr]
2022-01-11 13:58:07,452 [                    ] [                    ] [SpringOsgiExtenderThread-45] [ INFO] [EventConfigurator.java:afterPropertiesSet:46] - ClassMap load result : 3 rows
2022-01-11 13:58:07,474 [                    ] [                    ] [SpringOsgiExtenderThread-45] [ INFO] [DQListener.java:afterPropertiesSet:82] - ***********************************************************************************************
2022-01-11 13:58:07,474 [                    ] [                    ] [SpringOsgiExtenderThread-45] [ INFO] [DQListener.java:afterPropertiesSet:83] - <QRYListener> SubjectName=VISIONOX.V3.MES.DEVsjlee.FAB.QRYsvr Service=8800, Network=;225.11.11.8, Daemon=, WorkerWeight=2, WorkerTasks=1, SchedulerWeight=10, SchedulerHeartbeat=3.0, SchedulerActivation=5.0
2022-01-11 13:58:07,474 [                    ] [                    ] [SpringOsgiExtenderThread-45] [ INFO] [DQListener.java:afterPropertiesSet:102] - ***********************************************************************************************
2022-01-11 13:58:07,482 [                    ] [                    ] [SpringOsgiExtenderThread-45] [ INFO] [TibDQAdaptor.java:open:429] - Initialized kr.co.aim.greenframe.esb.tibco.DQListener TIBCO Adaptor
2022-01-11 13:58:07,482 [                    ] [                    ] [SpringOsgiExtenderThread-45] [ WARN] [BundleMessageEventAdaptor.java:notifyDistributedQueueListenerInitialzedEvent:79] - No registered EventListener [QRYListener], please check formatter bundle xml files.
2022-01-11 13:58:41,429 [                    ] [                    ] [Start Level Event Dispatcher] [ INFO] [GreenFrameOsgiApplicationContextCreator.java:createApplicationContext:38] - Discovered configurations in bundle [greenTrack.Name.Service]  {osgibundle:/META-INF/spring/*.xml}
2022-01-11 13:58:41,437 [                    ] [                    ] [Start Level Event Dispatcher] [ INFO] [GreenFrameOsgiApplicationContextCreator.java:createApplicationContext:38] - Discovered configurations in bundle [greenTrack.ProductRequest.Service]  {osgibundle:/META-INF/spring/*.xml}
2022-01-11 13:58:41,439 [                    ] [                    ] [Start Level Event Dispatcher] [ INFO] [GreenFrameOsgiApplicationContextCreator.java:createApplicationContext:38] - Discovered configurations in bundle [greenTrack.Durable.Service]  {osgibundle:/META-INF/spring/*.xml}
2022-01-11 13:58:41,439 [                    ] [                    ] [Start Level Event Dispatcher] [ INFO] [GreenFrameOsgiApplicationContextCreator.java:createApplicationContext:38] - Discovered configurations in bundle [greenTrack.Port.Service]  {osgibundle:/META-INF/spring/*.xml}
2022-01-11 13:58:41,439 [                    ] [                    ] [Start Level Event Dispatcher] [ INFO] [GreenFrameOsgiApplicationContextCreator.java:createApplicationContext:38] - Discovered configurations in bundle [greenTrack.Product.Service]  {osgibundle:/META-INF/spring/*.xml}
2022-01-11 13:58:41,439 [                    ] [                    ] [Start Level Event Dispatcher] [ INFO] [GreenFrameOsgiApplicationContextCreator.java:createApplicationContext:38] - Discovered configurations in bundle [greenTrack.ProductRequestPlan.Service]  {osgibundle:/META-INF/spring/*.xml}
2022-01-11 13:58:41,449 [                    ] [                    ] [Start Level Event Dispatcher] [ INFO] [GreenFrameOsgiApplicationContextCreator.java:createApplicationContext:38] - Discovered configurations in bundle [greenTrack.User.Service]  {osgibundle:/META-INF/spring/*.xml}
2022-01-11 13:58:41,457 [                    ] [                    ] [Start Level Event Dispatcher] [ INFO] [GreenFrameOsgiApplicationContextCreator.java:createApplicationContext:38] - Discovered configurations in bundle [greenTrack.ProcessGroup.Service]  {osgibundle:/META-INF/spring/*.xml}
2022-01-11 13:58:41,459 [                    ] [                    ] [Start Level Event Dispatcher] [ INFO] [GreenFrameOsgiApplicationContextCreator.java:createApplicationContext:38] - Discovered configurations in bundle [greenTrack.Recipe.Service]  {osgibundle:/META-INF/spring/*.xml}
2022-01-11 13:58:41,470 [                    ] [                    ] [Start Level Event Dispatcher] [ INFO] [GreenFrameOsgiApplicationContextCreator.java:createApplicationContext:38] - Discovered configurations in bundle [greenTrack.Machine.Service]  {osgibundle:/META-INF/spring/*.xml}
2022-01-11 13:58:41,470 [                    ] [                    ] [Start Level Event Dispatcher] [ INFO] [GreenFrameOsgiApplicationContextCreator.java:createApplicationContext:38] - Discovered configurations in bundle [greenTrack.Object.Service]  {osgibundle:/META-INF/spring/*.xml}
2022-01-11 13:58:41,470 [                    ] [                    ] [Start Level Event Dispatcher] [ INFO] [GreenFrameOsgiApplicationContextCreator.java:createApplicationContext:38] - Discovered configurations in bundle [greenTrack.TransportGroup.Service]  {osgibundle:/META-INF/spring/*.xml}
2022-01-11 13:58:41,540 [                    ] [                    ] [Start Level Event Dispatcher] [ INFO] [GreenFrameOsgiApplicationContextCreator.java:createApplicationContext:38] - Discovered configurations in bundle [greenTrack.Behavior.Service]  {osgibundle:/META-INF/spring/*.xml}
2022-01-11 13:58:41,641 [                    ] [                    ] [Start Level Event Dispatcher] [ INFO] [GreenFrameOsgiApplicationContextCreator.java:createApplicationContext:38] - Discovered configurations in bundle [greenTrack.Generic.Service]  {osgibundle:/META-INF/spring/*.xml}
2022-01-11 13:58:41,649 [                    ] [                    ] [Start Level Event Dispatcher] [ INFO] [GreenFrameOsgiApplicationContextCreator.java:createApplicationContext:38] - Discovered configurations in bundle [greenTrack.Factory.Service]  {osgibundle:/META-INF/spring/*.xml}
2022-01-11 13:58:41,651 [                    ] [                    ] [Start Level Event Dispatcher] [ INFO] [GreenFrameOsgiApplicationContextCreator.java:createApplicationContext:38] - Discovered configurations in bundle [greenTrack.ProcessOperationSpec.Service]  {osgibundle:/META-INF/spring/*.xml}
2022-01-11 13:58:41,651 [                    ] [                    ] [Start Level Event Dispatcher] [ INFO] [GreenFrameOsgiApplicationContextCreator.java:createApplicationContext:38] - Discovered configurations in bundle [greenTrack.Alarm.Service]  {osgibundle:/META-INF/spring/*.xml}
2022-01-11 13:58:41,659 [                    ] [                    ] [Start Level Event Dispatcher] [ INFO] [GreenFrameOsgiApplicationContextCreator.java:createApplicationContext:38] - Discovered configurations in bundle [greenTrack.Consumable.Service]  {osgibundle:/META-INF/spring/*.xml}
2022-01-11 13:58:41,662 [                    ] [                    ] [Start Level Event Dispatcher] [ INFO] [GreenFrameOsgiApplicationContextCreator.java:createApplicationContext:38] - Discovered configurations in bundle [greenTrack.Policy.Service]  {osgibundle:/META-INF/spring/*.xml}
2022-01-11 13:58:41,662 [                    ] [                    ] [Start Level Event Dispatcher] [ INFO] [GreenFrameOsgiApplicationContextCreator.java:createApplicationContext:38] - Discovered configurations in bundle [greenTrack.SPCControl.Service]  {osgibundle:/META-INF/spring/*.xml}
2022-01-11 13:58:41,670 [                    ] [                    ] [Start Level Event Dispatcher] [ INFO] [GreenFrameOsgiApplicationContextCreator.java:createApplicationContext:38] - Discovered configurations in bundle [greenTrack.DataCollection.Service]  {osgibundle:/META-INF/spring/*.xml}
2022-01-11 13:58:41,763 [                    ] [                    ] [Start Level Event Dispatcher] [ INFO] [GreenFrameOsgiApplicationContextCreator.java:createApplicationContext:38] - Discovered configurations in bundle [greenTrack.Lot.Service]  {osgibundle:/META-INF/spring/*.xml}
2022-01-11 13:58:41,823 [                    ] [                    ] [Start Level Event Dispatcher] [ INFO] [GreenFrameOsgiApplicationContextCreator.java:createApplicationContext:38] - Discovered configurations in bundle [greenTrack.ProcessFlow.Service]  {osgibundle:/META-INF/spring/*.xml}
2022-01-11 13:58:41,874 [                    ] [                    ] [Start Level Event Dispatcher] [ INFO] [GreenFrameOsgiApplicationContextCreator.java:createApplicationContext:38] - Discovered configurations in bundle [MESSolution.Durable.Service]  {osgibundle:/META-INF/spring/*.xml}
2022-01-11 13:58:41,884 [                    ] [                    ] [Start Level Event Dispatcher] [ INFO] [GreenFrameOsgiApplicationContextCreator.java:createApplicationContext:38] - Discovered configurations in bundle [greenFrame.formatter]  {META-INF/spring/*.xml, META-INF/spring/QRYsvr/*.xml}
2022-01-11 13:58:41,892 [                    ] [                    ] [Start Level Event Dispatcher] [ INFO] [GreenFrameOsgiApplicationContextCreator.java:createApplicationContext:38] - Discovered configurations in bundle [MESSolution.RMS.Service]  {osgibundle:/META-INF/spring/*.xml}
2022-01-11 13:58:41,894 [                    ] [                    ] [Start Level Event Dispatcher] [ INFO] [GreenFrameOsgiApplicationContextCreator.java:createApplicationContext:38] - Discovered configurations in bundle [MESSolution.Port.Service]  {osgibundle:/META-INF/spring/*.xml}
2022-01-11 13:58:41,894 [                    ] [                    ] [Start Level Event Dispatcher] [ INFO] [GreenFrameOsgiApplicationContextCreator.java:createApplicationContext:38] - Discovered configurations in bundle [MESSolution.Alarm.Service]  {osgibundle:/META-INF/spring/*.xml}
2022-01-11 13:58:41,894 [                    ] [                    ] [Start Level Event Dispatcher] [ INFO] [GreenFrameOsgiApplicationContextCreator.java:createApplicationContext:38] - Discovered configurations in bundle [MESSolution.Machine.Service]  {osgibundle:/META-INF/spring/*.xml}
2022-01-11 13:58:41,902 [                    ] [                    ] [Start Level Event Dispatcher] [ INFO] [GreenFrameOsgiApplicationContextCreator.java:createApplicationContext:38] - Discovered configurations in bundle [greenFrame.workflow]  {META-INF/spring/*.xml, META-INF/spring/QRYsvr/*.xml}
2022-01-11 13:58:41,904 [                    ] [                    ] [Start Level Event Dispatcher] [ INFO] [GreenFrameOsgiApplicationContextCreator.java:createApplicationContext:38] - Discovered configurations in bundle [MESSolution.ProductRequest.Service]  {osgibundle:/META-INF/spring/*.xml}
2022-01-11 13:58:41,904 [                    ] [                    ] [Start Level Event Dispatcher] [ INFO] [GreenFrameOsgiApplicationContextCreator.java:createApplicationContext:38] - Discovered configurations in bundle [MESSolution.ProcessGroup.Service]  {osgibundle:/META-INF/spring/*.xml}
2022-01-11 13:58:41,904 [                    ] [                    ] [Start Level Event Dispatcher] [ INFO] [GreenFrameOsgiApplicationContextCreator.java:createApplicationContext:38] - Discovered configurations in bundle [MESSolution.TransportJob.Service]  {osgibundle:/META-INF/spring/*.xml}
2022-01-11 13:58:41,912 [                    ] [                    ] [Start Level Event Dispatcher] [ INFO] [GreenFrameOsgiApplicationContextCreator.java:createApplicationContext:38] - Discovered configurations in bundle [MESSolution.Consumable.Service]  {osgibundle:/META-INF/spring/*.xml}
2022-01-11 13:58:41,914 [                    ] [                    ] [Start Level Event Dispatcher] [ INFO] [GreenFrameOsgiApplicationContextCreator.java:createApplicationContext:38] - Discovered configurations in bundle [MESSolution.Query.Service]  {osgibundle:/META-INF/spring/*.xml}
2022-01-11 13:58:41,914 [                    ] [                    ] [Start Level Event Dispatcher] [ INFO] [GreenFrameOsgiApplicationContextCreator.java:createApplicationContext:38] - Discovered configurations in bundle [MESSolution.Lot.Service]  {osgibundle:/META-INF/spring/*.xml}
2022-01-11 13:58:41,973 [                    ] [                    ] [Start Level Event Dispatcher] [ INFO] [GreenFrameOsgiApplicationContextCreator.java:createApplicationContext:38] - Discovered configurations in bundle [MESSolution.Extended.Object]  {osgibundle:/META-INF/spring/*.xml}
2022-01-11 13:58:41,975 [                    ] [                    ] [Start Level Event Dispatcher] [ INFO] [GreenFrameOsgiApplicationContextCreator.java:createApplicationContext:38] - Discovered configurations in bundle [MESSolution.Extended.Policy]  {osgibundle:/META-INF/spring/*.xml}
2022-01-11 13:58:41,975 [                    ] [                    ] [Start Level Event Dispatcher] [ INFO] [GreenFrameOsgiApplicationContextCreator.java:createApplicationContext:38] - Discovered configurations in bundle [MESSolution.Extended.WebInterface]  {osgibundle:/META-INF/spring/*.xml}
2022-01-11 13:58:41,975 [                    ] [                    ] [Start Level Event Dispatcher] [DEBUG] [GreenFrameConfigurationScanner.java:getConfigFiles:101] - greenFrame Configuration Absolute Path: D:\Project\V3_Source\eclipse\config [greenFrame.Infra]
2022-01-11 13:58:41,975 [                    ] [                    ] [Start Level Event Dispatcher] [ INFO] [GreenFrameConfigurationScanner.java:getConfigFiles:107] - No Configurations in D:\Project\V3_Source\eclipse\config. Searching configurations from inside the bundle [greenFrame.Infra]
2022-01-11 13:58:41,975 [                    ] [                    ] [Start Level Event Dispatcher] [DEBUG] [GreenFrameConfigurationScanner.java:getConfigFiles:101] - greenFrame Configuration Absolute Path: D:\Project\V3_Source\eclipse\config\QRYsvr [greenFrame.Infra]
2022-01-11 13:58:41,975 [                    ] [                    ] [Start Level Event Dispatcher] [ INFO] [GreenFrameConfigurationScanner.java:getConfigFiles:107] - No Configurations in D:\Project\V3_Source\eclipse\config\QRYsvr. Searching configurations from inside the bundle [greenFrame.Infra]
2022-01-11 13:58:41,983 [                    ] [                    ] [Start Level Event Dispatcher] [ INFO] [GreenFrameOsgiApplicationContextCreator.java:createApplicationContext:38] - Discovered configurations in bundle [greenFrame.Infra]  {osgibundle:config/*.xml, osgibundle:config/QRYsvr/*.xml}
2022-01-11 13:58:41,985 [                    ] [                    ] [Start Level Event Dispatcher] [ INFO] [GreenFrameOsgiApplicationContextCreator.java:createApplicationContext:38] - Discovered configurations in bundle [MESSolution.UserProfile.Service]  {osgibundle:/META-INF/spring/*.xml}
2022-01-11 13:58:41,985 [                    ] [                    ] [Start Level Event Dispatcher] [ INFO] [GreenFrameOsgiApplicationContextCreator.java:createApplicationContext:38] - Discovered configurations in bundle [MESSolution.DSP.Service]  {osgibundle:/META-INF/spring/*.xml}
2022-01-11 13:58:41,985 [                    ] [                    ] [Start Level Event Dispatcher] [ INFO] [GreenFrameOsgiApplicationContextCreator.java:createApplicationContext:38] - Discovered configurations in bundle [MESSolution.DataCollection.Service]  {osgibundle:/META-INF/spring/*.xml}
2022-01-11 13:58:41,985 [                    ] [                    ] [Start Level Event Dispatcher] [ INFO] [GreenFrameOsgiApplicationContextCreator.java:createApplicationContext:38] - Discovered configurations in bundle [MESSolution.PMS.Service]  {osgibundle:/META-INF/spring/*.xml}
2022-01-11 13:58:42,005 [                    ] [                    ] [Start Level Event Dispatcher] [ INFO] [GreenFrameOsgiApplicationContextCreator.java:createApplicationContext:38] - Discovered configurations in bundle [MESSolution.Product.Service]  {osgibundle:/META-INF/spring/*.xml}
2022-01-11 13:58:42,064 [                    ] [                    ] [Start Level Event Dispatcher] [ INFO] [GreenFrameOsgiApplicationContextCreator.java:createApplicationContext:38] - Discovered configurations in bundle [MESSolution.Generic]  {osgibundle:/META-INF/spring/*.xml}
2022-01-11 13:58:42,703 [                    ] [                    ] [SpringOsgiExtenderThread-72] [ INFO] [BpelProcessManager.java:createThreadPool:176] - Thead Pool [CORE=3 , MAX=5, QueueSize=0 , KEEP_ALIVE=500]
2022-01-11 13:58:43,158 [                    ] [                    ] [SpringOsgiExtenderThread-72] [ INFO] [CustomBpelExRepository.java:readBpels:223] - Target Bundle-Name [greenFrame.workflow] for greenFrame workflow service
2022-01-11 13:58:43,179 [                    ] [                    ] [SpringOsgiExtenderThread-72] [ INFO] [AbstractBpelRepository.java:addBpelProcess:42] - add complete [{http://bpel.aim.co.kr/bpelj/}dispatching.bpel@0]
2022-01-11 13:58:43,179 [                    ] [                    ] [SpringOsgiExtenderThread-72] [ WARN] [CustomBpelExRepository.java:startWatcher:393] - Could not create BpelWatcher
2022-01-11 13:58:43,227 [                    ] [                    ] [SpringOsgiExtenderThread-90] [DEBUG] [SQLLogUtil.java:logBeforeExecutingQuery:47] - SQL [select oad.typename, oad.position, oad.attributename, oad.primarykeyflag, oad.attributetype, oad.datatype, oad.defaultvalue,otd.extendedtflag 
from objectattributedef oad, objecttypedef otd where oad.attributetype = 'Standard' and oad.typename = otd.typename order by typename, position]
2022-01-11 13:58:43,747 [                    ] [                    ] [SpringOsgiExtenderThread-90] [DEBUG] [SQLLogUtil.java:logAfterExecutingQuery:67] - SQL query returned 2286 rows
2022-01-11 13:58:43,797 [                    ] [                    ] [SpringOsgiExtenderThread-90] [DEBUG] [SQLLogUtil.java:logBeforeExecutingQuery:47] - SQL [select oad.typename, oad.position, oad.attributename, oad.primarykeyflag, oad.attributetype, oad.datatype, oad.defaultvalue,otd.extendedtflag 
from objectattributedef oad, objecttypedef otd where oad.attributetype = 'ExtendedC' and oad.typename = otd.typename order by typename, position]
2022-01-11 13:58:43,897 [                    ] [                    ] [SpringOsgiExtenderThread-90] [DEBUG] [SQLLogUtil.java:logAfterExecutingQuery:67] - SQL query returned 622 rows
2022-01-11 13:58:43,899 [                    ] [                    ] [SpringOsgiExtenderThread-90] [DEBUG] [SQLLogUtil.java:logBeforeExecutingQuery:47] - SQL [select oad.typename, oad.position, oad.attributename, oad.primarykeyflag, oad.attributetype, oad.datatype, oad.defaultvalue,otd.extendedtflag 
from objectattributedef oad, objecttypedef otd where oad.attributetype = 'ExtendedT' and oad.typename = otd.typename order by typename, position]
2022-01-11 13:58:43,907 [                    ] [                    ] [SpringOsgiExtenderThread-90] [DEBUG] [SQLLogUtil.java:logAfterExecutingQuery:67] - SQL query returned 0 rows
2022-01-11 13:58:43,907 [                    ] [                    ] [SpringOsgiExtenderThread-90] [ INFO] [ObjectAttributeMap.java:load:125] - Completed to load ObjectAttributeMap
2022-01-11 13:58:43,907 [                    ] [                    ] [SpringOsgiExtenderThread-90] [DEBUG] [InfraServiceProxy.java:setApplicationContext:16] - Success Get AC
2022-01-11 13:58:44,100 [                    ] [                    ] [SpringOsgiExtenderThread-90] [ INFO] [TibDQAdaptor.java:open:300] - Advisory Listener initialized
2022-01-11 13:58:44,142 [                    ] [                    ] [SpringOsgiExtenderThread-90] [ INFO] [EventConfigurator.java:afterPropertiesSet:43] - event configurator initializing for [QRYsvr]
2022-01-11 13:58:44,142 [                    ] [                    ] [SpringOsgiExtenderThread-90] [ INFO] [EventConfigurator.java:afterPropertiesSet:46] - ClassMap load result : 3 rows
2022-01-11 13:58:44,193 [                    ] [                    ] [SpringOsgiExtenderThread-90] [ INFO] [DQListener.java:afterPropertiesSet:82] - ***********************************************************************************************
2022-01-11 13:58:44,193 [                    ] [                    ] [SpringOsgiExtenderThread-90] [ INFO] [DQListener.java:afterPropertiesSet:83] - <QRYListener> SubjectName=VISIONOX.V3.MES.DEVsjlee.FAB.QRYsvr Service=8800, Network=;225.11.11.8, Daemon=, WorkerWeight=2, WorkerTasks=1, SchedulerWeight=10, SchedulerHeartbeat=3.0, SchedulerActivation=5.0
2022-01-11 13:58:44,193 [                    ] [                    ] [SpringOsgiExtenderThread-90] [ INFO] [DQListener.java:afterPropertiesSet:102] - ***********************************************************************************************
2022-01-11 13:58:44,203 [                    ] [                    ] [SpringOsgiExtenderThread-90] [ INFO] [TibDQAdaptor.java:open:429] - Initialized kr.co.aim.greenframe.esb.tibco.DQListener TIBCO Adaptor
